{"meta": {"format": 3, "version": "7.13.4", "timestamp": "2026-03-14T21:36:07.372695", "branch_coverage": false, "show_contexts": false}, "files": {"agents\\__init__.py": {"executed_lines": [1, 2, 4], "summary": {"covered_lines": 3, "num_statements": 3, "percent_covered": 100.0, "percent_covered_display": "100", "missing_lines": 0, "excluded_lines": 0, "percent_statements_covered": 100.0, "percent_statements_covered_display": "100"}, "missing_lines": [], "excluded_lines": [], "functions": {"": {"executed_lines": [1, 2, 4], "summary": {"covered_lines": 3, "num_statements": 3, "percent_covered": 100.0, "percent_covered_display": "100", "missing_lines": 0, "excluded_lines": 0, "percent_statements_covered": 100.0, "percent_statements_covered_display": "100"}, "missing_lines": [], "excluded_lines": [], "start_line": 1}}, "classes": {"": {"executed_lines": [1, 2, 4], "summary": {"covered_lines": 3, "num_statements": 3, "percent_covered": 100.0, "percent_covered_display": "100", "missing_lines": 0, "excluded_lines": 0, "percent_statements_covered": 100.0, "percent_statements_covered_display": "100"}, "missing_lines": [], "excluded_lines": [], "start_line": 1}}}, "agents\\base_agent.py": {"executed_lines": [11, 12, 13, 14, 16, 17, 19, 21, 24, 35, 44, 45, 46, 47, 48, 49, 52, 53, 54, 59, 60, 82, 96, 97, 98, 99, 102, 104, 105, 106, 107, 110, 111, 112, 113, 119, 149, 159, 161, 163, 165, 170, 218, 256, 269, 273, 278, 283, 284, 285, 288, 290, 291, 292, 293, 294, 302, 312, 352, 371, 372, 373, 374, 376, 377, 382, 385, 386, 387, 391, 392, 393, 394, 395, 401, 404, 405, 406, 407, 424, 431, 434, 435, 437, 442, 444], "summary": {"covered_lines": 86, "num_statements": 151, "percent_covered": 56.95364238410596, "percent_covered_display": "57", "missing_lines": 65, "excluded_lines": 17, "percent_statements_covered": 56.95364238410596, "percent_statements_covered_display": "57"}, "missing_lines": [61, 120, 121, 126, 127, 128, 129, 134, 136, 137, 138, 143, 145, 160, 162, 167, 168, 179, 180, 182, 187, 188, 189, 190, 192, 195, 196, 198, 199, 200, 201, 202, 208, 226, 228, 229, 230, 231, 233, 234, 243, 244, 246, 270, 286, 295, 296, 323, 324, 326, 327, 328, 329, 331, 332, 341, 342, 344, 345, 408, 409, 410, 415, 416, 417], "excluded_lines": [63, 64, 65, 66, 67, 68, 69, 70, 71, 72, 73, 74, 75, 77, 78, 79, 80], "functions": {"BaseAgent.__init__": {"executed_lines": [44, 45, 46, 47, 48, 49, 52, 53, 54, 59, 60], "summary": {"covered_lines": 11, "num_statements": 12, "percent_covered": 91.66666666666667, "percent_covered_display": "92", "missing_lines": 1, "excluded_lines": 0, "percent_statements_covered": 91.66666666666667, "percent_statements_covered_display": "92"}, "missing_lines": [61], "excluded_lines": [], "start_line": 35}, "BaseAgent.execute": {"executed_lines": [], "summary": {"covered_lines": 0, "num_statements": 0, "percent_covered": 100.0, "percent_covered_display": "100", "missing_lines": 0, "excluded_lines": 11, "percent_statements_covered": 100.0, "percent_statements_covered_display": "100"}, "missing_lines": [], "excluded_lines": [65, 66, 67, 68, 69, 70, 71, 72, 73, 74, 75], "start_line": 64}, "BaseAgent.get_system_prompt": {"executed_lines": [], "summary": {"covered_lines": 0, "num_statements": 0, "percent_covered": 100.0, "percent_covered_display": "100", "missing_lines": 0, "excluded_lines": 2, "percent_statements_covered": 100.0, "percent_statements_covered_display": "100"}, "missing_lines": [], "excluded_lines": [79, 80], "start_line": 78}, "BaseAgent.call_llm": {"executed_lines": [96, 97, 98, 99, 102, 104, 105, 106, 107, 110, 111, 112, 113, 119], "summary": {"covered_lines": 14, "num_statements": 26, "percent_covered": 53.84615384615385, "percent_covered_display": "54", "missing_lines": 12, "excluded_lines": 0, "percent_statements_covered": 53.84615384615385, "percent_statements_covered_display": "54"}, "missing_lines": [120, 121, 126, 127, 128, 129, 134, 136, 137, 138, 143, 145], "excluded_lines": [], "start_line": 82}, "BaseAgent._call_model": {"executed_lines": [159, 161, 163, 165], "summary": {"covered_lines": 4, "num_statements": 8, "percent_covered": 50.0, "percent_covered_display": "50", "missing_lines": 4, "excluded_lines": 0, "percent_statements_covered": 50.0, "percent_statements_covered_display": "50"}, "missing_lines": [160, 162, 167, 168], "excluded_lines": [], "start_line": 149}, "BaseAgent._call_anthropic": {"executed_lines": [], "summary": {"covered_lines": 0, "num_statements": 16, "percent_covered": 0.0, "percent_covered_display": "0", "missing_lines": 16, "excluded_lines": 0, "percent_statements_covered": 0.0, "percent_statements_covered_display": "0"}, "missing_lines": [179, 180, 182, 187, 188, 189, 190, 192, 195, 196, 198, 199, 200, 201, 202, 208], "excluded_lines": [], "start_line": 170}, "BaseAgent._call_ollama": {"executed_lines": [], "summary": {"covered_lines": 0, "num_statements": 10, "percent_covered": 0.0, "percent_covered_display": "0", "missing_lines": 10, "excluded_lines": 0, "percent_statements_covered": 0.0, "percent_statements_covered_display": "0"}, "missing_lines": [226, 228, 229, 230, 231, 233, 234, 243, 244, 246], "excluded_lines": [], "start_line": 218}, "BaseAgent._call_glm_anthropic": {"executed_lines": [269, 273, 278, 283, 284, 285, 288, 290, 291, 292, 293, 294, 302], "summary": {"covered_lines": 13, "num_statements": 17, "percent_covered": 76.47058823529412, "percent_covered_display": "76", "missing_lines": 4, "excluded_lines": 0, "percent_statements_covered": 76.47058823529412, "percent_statements_covered_display": "76"}, "missing_lines": [270, 286, 295, 296], "excluded_lines": [], "start_line": 256}, "BaseAgent._call_glm": {"executed_lines": [], "summary": {"covered_lines": 0, "num_statements": 12, "percent_covered": 0.0, "percent_covered_display": "0", "missing_lines": 12, "excluded_lines": 0, "percent_statements_covered": 0.0, "percent_statements_covered_display": "0"}, "missing_lines": [323, 324, 326, 327, 328, 329, 331, 332, 341, 342, 344, 345], "excluded_lines": [], "start_line": 312}, "BaseAgent.call_llm_with_tools": {"executed_lines": [371, 372, 373, 374, 376, 377, 382, 385, 386, 387, 391, 392, 393, 394, 395, 401, 404, 405, 406, 407, 424, 431, 434, 435], "summary": {"covered_lines": 24, "num_statements": 30, "percent_covered": 80.0, "percent_covered_display": "80", "missing_lines": 6, "excluded_lines": 0, "percent_statements_covered": 80.0, "percent_statements_covered_display": "80"}, "missing_lines": [408, 409, 410, 415, 416, 417], "excluded_lines": [], "start_line": 352}, "BaseAgent.log": {"executed_lines": [442, 444], "summary": {"covered_lines": 2, "num_statements": 2, "percent_covered": 100.0, "percent_covered_display": "100", "missing_lines": 0, "excluded_lines": 0, "percent_statements_covered": 100.0, "percent_statements_covered_display": "100"}, "missing_lines": [], "excluded_lines": [], "start_line": 437}, "": {"executed_lines": [11, 12, 13, 14, 16, 17, 19, 21, 24, 35, 82, 149, 170, 218, 256, 312, 352, 437], "summary": {"covered_lines": 18, "num_statements": 18, "percent_covered": 100.0, "percent_covered_display": "100", "missing_lines": 0, "excluded_lines": 4, "percent_statements_covered": 100.0, "percent_statements_covered_display": "100"}, "missing_lines": [], "excluded_lines": [63, 64, 77, 78], "start_line": 1}}, "classes": {"BaseAgent": {"executed_lines": [44, 45, 46, 47, 48, 49, 52, 53, 54, 59, 60, 96, 97, 98, 99, 102, 104, 105, 106, 107, 110, 111, 112, 113, 119, 159, 161, 163, 165, 269, 273, 278, 283, 284, 285, 288, 290, 291, 292, 293, 294, 302, 371, 372, 373, 374, 376, 377, 382, 385, 386, 387, 391, 392, 393, 394, 395, 401, 404, 405, 406, 407, 424, 431, 434, 435, 442, 444], "summary": {"covered_lines": 68, "num_statements": 133, "percent_covered": 51.12781954887218, "percent_covered_display": "51", "missing_lines": 65, "excluded_lines": 13, "percent_statements_covered": 51.12781954887218, "percent_statements_covered_display": "51"}, "missing_lines": [61, 120, 121, 126, 127, 128, 129, 134, 136, 137, 138, 143, 145, 160, 162, 167, 168, 179, 180, 182, 187, 188, 189, 190, 192, 195, 196, 198, 199, 200, 201, 202, 208, 226, 228, 229, 230, 231, 233, 234, 243, 244, 246, 270, 286, 295, 296, 323, 324, 326, 327, 328, 329, 331, 332, 341, 342, 344, 345, 408, 409, 410, 415, 416, 417], "excluded_lines": [65, 66, 67, 68, 69, 70, 71, 72, 73, 74, 75, 79, 80], "start_line": 24}, "": {"executed_lines": [11, 12, 13, 14, 16, 17, 19, 21, 24, 35, 82, 149, 170, 218, 256, 312, 352, 437], "summary": {"covered_lines": 18, "num_statements": 18, "percent_covered": 100.0, "percent_covered_display": "100", "missing_lines": 0, "excluded_lines": 4, "percent_statements_covered": 100.0, "percent_statements_covered_display": "100"}, "missing_lines": [], "excluded_lines": [63, 64, 77, 78], "start_line": 1}}}, "agents\\code_agent.py": {"executed_lines": [8, 9, 10, 11, 13, 14, 15, 18, 19, 21, 22, 23, 25, 27, 72, 75, 76, 82, 83, 86, 88, 89, 91, 92, 93, 94, 97, 98, 99, 101, 102, 109, 110, 113, 121, 124, 125, 126, 127, 130, 131, 132, 133, 135, 137, 143, 145, 146, 148, 149, 190, 192, 193, 195, 196, 200, 201, 203, 212, 213, 215, 216, 236, 237, 240, 248, 250, 252, 258, 260, 266, 268, 270, 273, 299, 305, 307, 323, 324, 329, 333, 335, 351, 356, 358, 360, 361, 362, 365, 366, 367, 369, 370, 372, 373, 374, 375, 377, 379, 380, 381, 382], "summary": {"covered_lines": 102, "num_statements": 144, "percent_covered": 70.83333333333333, "percent_covered_display": "71", "missing_lines": 42, "excluded_lines": 0, "percent_statements_covered": 70.83333333333333, "percent_statements_covered_display": "71"}, "missing_lines": [20, 84, 153, 154, 156, 157, 158, 165, 166, 168, 169, 170, 177, 178, 180, 181, 182, 188, 197, 204, 217, 218, 219, 220, 222, 223, 224, 226, 228, 241, 242, 243, 244, 245, 246, 274, 280, 301, 302, 303, 330, 331], "excluded_lines": [], "functions": {"CodeAgent.__init__": {"executed_lines": [76, 82, 83, 86], "summary": {"covered_lines": 4, "num_statements": 5, "percent_covered": 80.0, "percent_covered_display": "80", "missing_lines": 1, "excluded_lines": 0, "percent_statements_covered": 80.0, "percent_statements_covered_display": "80"}, "missing_lines": [84], "excluded_lines": [], "start_line": 75}, "CodeAgent.get_system_prompt": {"executed_lines": [89], "summary": {"covered_lines": 1, "num_statements": 1, "percent_covered": 100.0, "percent_covered_display": "100", "missing_lines": 0, "excluded_lines": 0, "percent_statements_covered": 100.0, "percent_statements_covered_display": "100"}, "missing_lines": [], "excluded_lines": [], "start_line": 88}, "CodeAgent.execute": {"executed_lines": [92, 93, 94, 97, 98, 99, 101, 102, 109, 110, 113, 121, 124, 125, 126, 127, 130, 131, 132, 133, 135, 137], "summary": {"covered_lines": 22, "num_statements": 22, "percent_covered": 100.0, "percent_covered_display": "100", "missing_lines": 0, "excluded_lines": 0, "percent_statements_covered": 100.0, "percent_statements_covered_display": "100"}, "missing_lines": [], "excluded_lines": [], "start_line": 91}, "CodeAgent._extract_components": {"executed_lines": [145, 146, 148, 149], "summary": {"covered_lines": 4, "num_statements": 20, "percent_covered": 20.0, "percent_covered_display": "20", "missing_lines": 16, "excluded_lines": 0, "percent_statements_covered": 20.0, "percent_statements_covered_display": "20"}, "missing_lines": [153, 154, 156, 157, 158, 165, 166, 168, 169, 170, 177, 178, 180, 181, 182, 188], "excluded_lines": [], "start_line": 143}, "CodeAgent._extract_registers": {"executed_lines": [192, 193, 195, 196, 200, 201, 203, 212, 213, 215, 216, 236, 237, 240, 248], "summary": {"covered_lines": 15, "num_statements": 32, "percent_covered": 46.875, "percent_covered_display": "47", "missing_lines": 17, "excluded_lines": 0, "percent_statements_covered": 46.875, "percent_statements_covered_display": "47"}, "missing_lines": [197, 204, 217, 218, 219, 220, 222, 223, 224, 226, 228, 241, 242, 243, 244, 245, 246], "excluded_lines": [], "start_line": 190}, "CodeAgent._default_components": {"executed_lines": [252], "summary": {"covered_lines": 1, "num_statements": 1, "percent_covered": 100.0, "percent_covered_display": "100", "missing_lines": 0, "excluded_lines": 0, "percent_statements_covered": 100.0, "percent_statements_covered_display": "100"}, "missing_lines": [], "excluded_lines": [], "start_line": 250}, "CodeAgent._default_registers": {"executed_lines": [260], "summary": {"covered_lines": 1, "num_statements": 1, "percent_covered": 100.0, "percent_covered_display": "100", "missing_lines": 0, "excluded_lines": 0, "percent_statements_covered": 100.0, "percent_statements_covered_display": "100"}, "missing_lines": [], "excluded_lines": [], "start_line": 258}, "CodeAgent._generate_review_report": {"executed_lines": [268, 270, 273, 299], "summary": {"covered_lines": 4, "num_statements": 9, "percent_covered": 44.44444444444444, "percent_covered_display": "44", "missing_lines": 5, "excluded_lines": 0, "percent_statements_covered": 44.44444444444444, "percent_statements_covered_display": "44"}, "missing_lines": [274, 280, 301, 302, 303], "excluded_lines": [], "start_line": 266}, "CodeAgent._llm_review": {"executed_lines": [307, 323, 324, 329], "summary": {"covered_lines": 4, "num_statements": 6, "percent_covered": 66.66666666666667, "percent_covered_display": "67", "missing_lines": 2, "excluded_lines": 0, "percent_statements_covered": 66.66666666666667, "percent_statements_covered_display": "67"}, "missing_lines": [330, 331], "excluded_lines": [], "start_line": 305}, "CodeAgent._generate_review": {"executed_lines": [335, 351, 356], "summary": {"covered_lines": 3, "num_statements": 3, "percent_covered": 100.0, "percent_covered_display": "100", "missing_lines": 0, "excluded_lines": 0, "percent_statements_covered": 100.0, "percent_statements_covered_display": "100"}, "missing_lines": [], "excluded_lines": [], "start_line": 333}, "CodeAgent._parse_and_save_files": {"executed_lines": [360, 361, 362, 365, 366, 367, 369, 370, 372, 373, 374, 375, 377], "summary": {"covered_lines": 13, "num_statements": 13, "percent_covered": 100.0, "percent_covered_display": "100", "missing_lines": 0, "excluded_lines": 0, "percent_statements_covered": 100.0, "percent_statements_covered_display": "100"}, "missing_lines": [], "excluded_lines": [], "start_line": 358}, "CodeAgent._load_file": {"executed_lines": [380, 381, 382], "summary": {"covered_lines": 3, "num_statements": 3, "percent_covered": 100.0, "percent_covered_display": "100", "missing_lines": 0, "excluded_lines": 0, "percent_statements_covered": 100.0, "percent_statements_covered_display": "100"}, "missing_lines": [], "excluded_lines": [], "start_line": 379}, "": {"executed_lines": [8, 9, 10, 11, 13, 14, 15, 18, 19, 21, 22, 23, 25, 27, 72, 75, 88, 91, 143, 190, 250, 258, 266, 305, 333, 358, 379], "summary": {"covered_lines": 27, "num_statements": 28, "percent_covered": 96.42857142857143, "percent_covered_display": "96", "missing_lines": 1, "excluded_lines": 0, "percent_statements_covered": 96.42857142857143, "percent_statements_covered_display": "96"}, "missing_lines": [20], "excluded_lines": [], "start_line": 1}}, "classes": {"CodeAgent": {"executed_lines": [76, 82, 83, 86, 89, 92, 93, 94, 97, 98, 99, 101, 102, 109, 110, 113, 121, 124, 125, 126, 127, 130, 131, 132, 133, 135, 137, 145, 146, 148, 149, 192, 193, 195, 196, 200, 201, 203, 212, 213, 215, 216, 236, 237, 240, 248, 252, 260, 268, 270, 273, 299, 307, 323, 324, 329, 335, 351, 356, 360, 361, 362, 365, 366, 367, 369, 370, 372, 373, 374, 375, 377, 380, 381, 382], "summary": {"covered_lines": 75, "num_statements": 116, "percent_covered": 64.65517241379311, "percent_covered_display": "65", "missing_lines": 41, "excluded_lines": 0, "percent_statements_covered": 64.65517241379311, "percent_statements_covered_display": "65"}, "missing_lines": [84, 153, 154, 156, 157, 158, 165, 166, 168, 169, 170, 177, 178, 180, 181, 182, 188, 197, 204, 217, 218, 219, 220, 222, 223, 224, 226, 228, 241, 242, 243, 244, 245, 246, 274, 280, 301, 302, 303, 330, 331], "excluded_lines": [], "start_line": 72}, "": {"executed_lines": [8, 9, 10, 11, 13, 14, 15, 18, 19, 21, 22, 23, 25, 27, 72, 75, 88, 91, 143, 190, 250, 258, 266, 305, 333, 358, 379], "summary": {"covered_lines": 27, "num_statements": 28, "percent_covered": 96.42857142857143, "percent_covered_display": "96", "missing_lines": 1, "excluded_lines": 0, "percent_statements_covered": 96.42857142857143, "percent_statements_covered_display": "96"}, "missing_lines": [20], "excluded_lines": [], "start_line": 1}}}, "agents\\compliance_agent.py": {"executed_lines": [8, 9, 11, 12, 14, 16, 37, 40, 41, 48, 49, 51, 52, 53, 54, 57, 58, 59, 60, 63, 64, 65, 66, 68, 69, 75, 92, 97, 100, 101, 103, 105], "summary": {"covered_lines": 32, "num_statements": 32, "percent_covered": 100.0, "percent_covered_display": "100", "missing_lines": 0, "excluded_lines": 0, "percent_statements_covered": 100.0, "percent_statements_covered_display": "100"}, "missing_lines": [], "excluded_lines": [], "functions": {"ComplianceAgent.__init__": {"executed_lines": [41], "summary": {"covered_lines": 1, "num_statements": 1, "percent_covered": 100.0, "percent_covered_display": "100", "missing_lines": 0, "excluded_lines": 0, "percent_statements_covered": 100.0, "percent_statements_covered_display": "100"}, "missing_lines": [], "excluded_lines": [], "start_line": 40}, "ComplianceAgent.get_system_prompt": {"executed_lines": [49], "summary": {"covered_lines": 1, "num_statements": 1, "percent_covered": 100.0, "percent_covered_display": "100", "missing_lines": 0, "excluded_lines": 0, "percent_statements_covered": 100.0, "percent_statements_covered_display": "100"}, "missing_lines": [], "excluded_lines": [], "start_line": 48}, "ComplianceAgent.execute": {"executed_lines": [52, 53, 54, 57, 58, 59, 60, 63, 64, 65, 66, 68, 69, 75, 92, 97, 100, 101, 103, 105], "summary": {"covered_lines": 20, "num_statements": 20, "percent_covered": 100.0, "percent_covered_display": "100", "missing_lines": 0, "excluded_lines": 0, "percent_statements_covered": 100.0, "percent_statements_covered_display": "100"}, "missing_lines": [], "excluded_lines": [], "start_line": 51}, "": {"executed_lines": [8, 9, 11, 12, 14, 16, 37, 40, 48, 51], "summary": {"covered_lines": 10, "num_statements": 10, "percent_covered": 100.0, "percent_covered_display": "100", "missing_lines": 0, "excluded_lines": 0, "percent_statements_covered": 100.0, "percent_statements_covered_display": "100"}, "missing_lines": [], "excluded_lines": [], "start_line": 1}}, "classes": {"ComplianceAgent": {"executed_lines": [41, 49, 52, 53, 54, 57, 58, 59, 60, 63, 64, 65, 66, 68, 69, 75, 92, 97, 100, 101, 103, 105], "summary": {"covered_lines": 22, "num_statements": 22, "percent_covered": 100.0, "percent_covered_display": "100", "missing_lines": 0, "excluded_lines": 0, "percent_statements_covered": 100.0, "percent_statements_covered_display": "100"}, "missing_lines": [], "excluded_lines": [], "start_line": 37}, "": {"executed_lines": [8, 9, 11, 12, 14, 16, 37, 40, 48, 51], "summary": {"covered_lines": 10, "num_statements": 10, "percent_covered": 100.0, "percent_covered_display": "100", "missing_lines": 0, "excluded_lines": 0, "percent_statements_covered": 100.0, "percent_statements_covered_display": "100"}, "missing_lines": [], "excluded_lines": [], "start_line": 1}}}, "agents\\document_agent.py": {"executed_lines": [8, 9, 10, 11, 13, 14, 15, 17, 19, 81, 84, 85, 91, 93, 94, 96, 97, 98, 99, 102, 103, 104, 105, 107, 108, 115, 127, 128, 129, 134, 135, 136, 137, 145, 153, 154, 156, 162, 164, 166, 171, 174, 175, 176, 184, 186, 188, 190, 191, 192, 194, 196, 199, 200, 208, 210, 211, 212, 218, 222, 224, 225, 227], "summary": {"covered_lines": 63, "num_statements": 68, "percent_covered": 92.6470588235294, "percent_covered_display": "93", "missing_lines": 5, "excluded_lines": 0, "percent_statements_covered": 92.6470588235294, "percent_statements_covered_display": "93"}, "missing_lines": [130, 131, 213, 214, 215], "excluded_lines": [], "functions": {"DocumentAgent.__init__": {"executed_lines": [85, 91], "summary": {"covered_lines": 2, "num_statements": 2, "percent_covered": 100.0, "percent_covered_display": "100", "missing_lines": 0, "excluded_lines": 0, "percent_statements_covered": 100.0, "percent_statements_covered_display": "100"}, "missing_lines": [], "excluded_lines": [], "start_line": 84}, "DocumentAgent.get_system_prompt": {"executed_lines": [94], "summary": {"covered_lines": 1, "num_statements": 1, "percent_covered": 100.0, "percent_covered_display": "100", "missing_lines": 0, "excluded_lines": 0, "percent_statements_covered": 100.0, "percent_statements_covered_display": "100"}, "missing_lines": [], "excluded_lines": [], "start_line": 93}, "DocumentAgent.execute": {"executed_lines": [97, 98, 99, 102, 103, 104, 105, 107, 108, 115, 127, 128, 129, 134, 135, 136, 137, 145, 153, 154, 156], "summary": {"covered_lines": 21, "num_statements": 23, "percent_covered": 91.30434782608695, "percent_covered_display": "91", "missing_lines": 2, "excluded_lines": 0, "percent_statements_covered": 91.30434782608695, "percent_statements_covered_display": "91"}, "missing_lines": [130, 131], "excluded_lines": [], "start_line": 96}, "DocumentAgent._generate_hrs": {"executed_lines": [164, 166, 171, 174, 175, 176, 184, 186], "summary": {"covered_lines": 8, "num_statements": 8, "percent_covered": 100.0, "percent_covered_display": "100", "missing_lines": 0, "excluded_lines": 0, "percent_statements_covered": 100.0, "percent_statements_covered_display": "100"}, "missing_lines": [], "excluded_lines": [], "start_line": 162}, "DocumentAgent._load_file": {"executed_lines": [190, 191, 192], "summary": {"covered_lines": 3, "num_statements": 3, "percent_covered": 100.0, "percent_covered_display": "100", "missing_lines": 0, "excluded_lines": 0, "percent_statements_covered": 100.0, "percent_statements_covered_display": "100"}, "missing_lines": [], "excluded_lines": [], "start_line": 188}, "DocumentAgent._extract_requirements": {"executed_lines": [196, 199, 200, 208, 210, 211, 212, 218], "summary": {"covered_lines": 8, "num_statements": 11, "percent_covered": 72.72727272727273, "percent_covered_display": "73", "missing_lines": 3, "excluded_lines": 0, "percent_statements_covered": 72.72727272727273, "percent_statements_covered_display": "73"}, "missing_lines": [213, 214, 215], "excluded_lines": [], "start_line": 194}, "DocumentAgent._extract_components": {"executed_lines": [224, 225, 227], "summary": {"covered_lines": 3, "num_statements": 3, "percent_covered": 100.0, "percent_covered_display": "100", "missing_lines": 0, "excluded_lines": 0, "percent_statements_covered": 100.0, "percent_statements_covered_display": "100"}, "missing_lines": [], "excluded_lines": [], "start_line": 222}, "": {"executed_lines": [8, 9, 10, 11, 13, 14, 15, 17, 19, 81, 84, 93, 96, 162, 188, 194, 222], "summary": {"covered_lines": 17, "num_statements": 17, "percent_covered": 100.0, "percent_covered_display": "100", "missing_lines": 0, "excluded_lines": 0, "percent_statements_covered": 100.0, "percent_statements_covered_display": "100"}, "missing_lines": [], "excluded_lines": [], "start_line": 1}}, "classes": {"DocumentAgent": {"executed_lines": [85, 91, 94, 97, 98, 99, 102, 103, 104, 105, 107, 108, 115, 127, 128, 129, 134, 135, 136, 137, 145, 153, 154, 156, 164, 166, 171, 174, 175, 176, 184, 186, 190, 191, 192, 196, 199, 200, 208, 210, 211, 212, 218, 224, 225, 227], "summary": {"covered_lines": 46, "num_statements": 51, "percent_covered": 90.19607843137256, "percent_covered_display": "90", "missing_lines": 5, "excluded_lines": 0, "percent_statements_covered": 90.19607843137256, "percent_statements_covered_display": "90"}, "missing_lines": [130, 131, 213, 214, 215], "excluded_lines": [], "start_line": 81}, "": {"executed_lines": [8, 9, 10, 11, 13, 14, 15, 17, 19, 81, 84, 93, 96, 162, 188, 194, 222], "summary": {"covered_lines": 17, "num_statements": 17, "percent_covered": 100.0, "percent_covered_display": "100", "missing_lines": 0, "excluded_lines": 0, "percent_statements_covered": 100.0, "percent_statements_covered_display": "100"}, "missing_lines": [], "excluded_lines": [], "start_line": 1}}}, "agents\\glr_agent.py": {"executed_lines": [7, 8, 9, 11, 12, 13, 15, 17, 58, 61, 62, 68, 70, 71, 73, 74, 75, 76, 79, 80, 81, 84, 85, 86, 87, 92, 95, 103, 105, 107, 113, 115, 116, 118, 119, 121, 122, 123, 125, 129, 130, 131, 132], "summary": {"covered_lines": 43, "num_statements": 48, "percent_covered": 89.58333333333333, "percent_covered_display": "90", "missing_lines": 5, "excluded_lines": 0, "percent_statements_covered": 89.58333333333333, "percent_statements_covered_display": "90"}, "missing_lines": [88, 89, 124, 126, 127], "excluded_lines": [], "functions": {"GLRAgent.__init__": {"executed_lines": [62, 68], "summary": {"covered_lines": 2, "num_statements": 2, "percent_covered": 100.0, "percent_covered_display": "100", "missing_lines": 0, "excluded_lines": 0, "percent_statements_covered": 100.0, "percent_statements_covered_display": "100"}, "missing_lines": [], "excluded_lines": [], "start_line": 61}, "GLRAgent.get_system_prompt": {"executed_lines": [71], "summary": {"covered_lines": 1, "num_statements": 1, "percent_covered": 100.0, "percent_covered_display": "100", "missing_lines": 0, "excluded_lines": 0, "percent_statements_covered": 100.0, "percent_statements_covered_display": "100"}, "missing_lines": [], "excluded_lines": [], "start_line": 70}, "GLRAgent.execute": {"executed_lines": [74, 75, 76, 79, 80, 81, 84, 85, 86, 87, 92, 95, 103, 105, 107], "summary": {"covered_lines": 15, "num_statements": 17, "percent_covered": 88.23529411764706, "percent_covered_display": "88", "missing_lines": 2, "excluded_lines": 0, "percent_statements_covered": 88.23529411764706, "percent_statements_covered_display": "88"}, "missing_lines": [88, 89], "excluded_lines": [], "start_line": 73}, "GLRAgent._extract_requirements": {"executed_lines": [115, 116, 118, 119, 121, 122, 123, 125], "summary": {"covered_lines": 8, "num_statements": 11, "percent_covered": 72.72727272727273, "percent_covered_display": "73", "missing_lines": 3, "excluded_lines": 0, "percent_statements_covered": 72.72727272727273, "percent_statements_covered_display": "73"}, "missing_lines": [124, 126, 127], "excluded_lines": [], "start_line": 113}, "GLRAgent._load_file": {"executed_lines": [130, 131, 132], "summary": {"covered_lines": 3, "num_statements": 3, "percent_covered": 100.0, "percent_covered_display": "100", "missing_lines": 0, "excluded_lines": 0, "percent_statements_covered": 100.0, "percent_statements_covered_display": "100"}, "missing_lines": [], "excluded_lines": [], "start_line": 129}, "": {"executed_lines": [7, 8, 9, 11, 12, 13, 15, 17, 58, 61, 70, 73, 113, 129], "summary": {"covered_lines": 14, "num_statements": 14, "percent_covered": 100.0, "percent_covered_display": "100", "missing_lines": 0, "excluded_lines": 0, "percent_statements_covered": 100.0, "percent_statements_covered_display": "100"}, "missing_lines": [], "excluded_lines": [], "start_line": 1}}, "classes": {"GLRAgent": {"executed_lines": [62, 68, 71, 74, 75, 76, 79, 80, 81, 84, 85, 86, 87, 92, 95, 103, 105, 107, 115, 116, 118, 119, 121, 122, 123, 125, 130, 131, 132], "summary": {"covered_lines": 29, "num_statements": 34, "percent_covered": 85.29411764705883, "percent_covered_display": "85", "missing_lines": 5, "excluded_lines": 0, "percent_statements_covered": 85.29411764705883, "percent_statements_covered_display": "85"}, "missing_lines": [88, 89, 124, 126, 127], "excluded_lines": [], "start_line": 58}, "": {"executed_lines": [7, 8, 9, 11, 12, 13, 15, 17, 58, 61, 70, 73, 113, 129], "summary": {"covered_lines": 14, "num_statements": 14, "percent_covered": 100.0, "percent_covered_display": "100", "missing_lines": 0, "excluded_lines": 0, "percent_statements_covered": 100.0, "percent_statements_covered_display": "100"}, "missing_lines": [], "excluded_lines": [], "start_line": 1}}}, "agents\\netlist_agent.py": {"executed_lines": [8, 9, 10, 12, 13, 14, 16, 18, 55, 104, 107, 108, 115, 117, 118, 120, 121, 122, 123, 126, 127, 128, 130, 131, 137, 158, 163, 164, 167, 168, 169, 170, 172, 174, 175, 176, 184, 185, 186, 196, 204, 205, 208, 209, 210, 211, 212, 215, 216, 218, 220, 226, 227, 240, 241, 243, 244, 245, 251, 252, 257, 259, 261, 262, 264, 265, 266, 267, 268, 274, 277, 279, 291, 292, 293, 294], "summary": {"covered_lines": 76, "num_statements": 83, "percent_covered": 91.56626506024097, "percent_covered_display": "92", "missing_lines": 7, "excluded_lines": 0, "percent_statements_covered": 91.56626506024097, "percent_statements_covered_display": "92"}, "missing_lines": [253, 254, 255, 286, 287, 288, 289], "excluded_lines": [], "functions": {"NetlistAgent.__init__": {"executed_lines": [108, 115], "summary": {"covered_lines": 2, "num_statements": 2, "percent_covered": 100.0, "percent_covered_display": "100", "missing_lines": 0, "excluded_lines": 0, "percent_statements_covered": 100.0, "percent_statements_covered_display": "100"}, "missing_lines": [], "excluded_lines": [], "start_line": 107}, "NetlistAgent.get_system_prompt": {"executed_lines": [118], "summary": {"covered_lines": 1, "num_statements": 1, "percent_covered": 100.0, "percent_covered_display": "100", "missing_lines": 0, "excluded_lines": 0, "percent_statements_covered": 100.0, "percent_statements_covered_display": "100"}, "missing_lines": [], "excluded_lines": [], "start_line": 117}, "NetlistAgent.execute": {"executed_lines": [121, 122, 123, 126, 127, 128, 130, 131, 137, 158, 163, 164, 167, 168, 169, 170, 172, 174, 175, 176, 184, 185, 186, 196, 204, 205, 208, 209, 210, 211, 212, 215, 216, 218, 220], "summary": {"covered_lines": 35, "num_statements": 35, "percent_covered": 100.0, "percent_covered_display": "100", "missing_lines": 0, "excluded_lines": 0, "percent_statements_covered": 100.0, "percent_statements_covered_display": "100"}, "missing_lines": [], "excluded_lines": [], "start_line": 120}, "NetlistAgent._build_visual_md": {"executed_lines": [227, 240, 241, 243, 244, 245, 251, 252, 257], "summary": {"covered_lines": 9, "num_statements": 12, "percent_covered": 75.0, "percent_covered_display": "75", "missing_lines": 3, "excluded_lines": 0, "percent_statements_covered": 75.0, "percent_statements_covered_display": "75"}, "missing_lines": [253, 254, 255], "excluded_lines": [], "start_line": 226}, "NetlistAgent._validate_netlist": {"executed_lines": [261, 262, 264, 265, 266, 267, 268, 274, 277, 279], "summary": {"covered_lines": 10, "num_statements": 14, "percent_covered": 71.42857142857143, "percent_covered_display": "71", "missing_lines": 4, "excluded_lines": 0, "percent_statements_covered": 71.42857142857143, "percent_statements_covered_display": "71"}, "missing_lines": [286, 287, 288, 289], "excluded_lines": [], "start_line": 259}, "NetlistAgent._load_file": {"executed_lines": [292, 293, 294], "summary": {"covered_lines": 3, "num_statements": 3, "percent_covered": 100.0, "percent_covered_display": "100", "missing_lines": 0, "excluded_lines": 0, "percent_statements_covered": 100.0, "percent_statements_covered_display": "100"}, "missing_lines": [], "excluded_lines": [], "start_line": 291}, "": {"executed_lines": [8, 9, 10, 12, 13, 14, 16, 18, 55, 104, 107, 117, 120, 226, 259, 291], "summary": {"covered_lines": 16, "num_statements": 16, "percent_covered": 100.0, "percent_covered_display": "100", "missing_lines": 0, "excluded_lines": 0, "percent_statements_covered": 100.0, "percent_statements_covered_display": "100"}, "missing_lines": [], "excluded_lines": [], "start_line": 1}}, "classes": {"NetlistAgent": {"executed_lines": [108, 115, 118, 121, 122, 123, 126, 127, 128, 130, 131, 137, 158, 163, 164, 167, 168, 169, 170, 172, 174, 175, 176, 184, 185, 186, 196, 204, 205, 208, 209, 210, 211, 212, 215, 216, 218, 220, 227, 240, 241, 243, 244, 245, 251, 252, 257, 261, 262, 264, 265, 266, 267, 268, 274, 277, 279, 292, 293, 294], "summary": {"covered_lines": 60, "num_statements": 67, "percent_covered": 89.55223880597015, "percent_covered_display": "90", "missing_lines": 7, "excluded_lines": 0, "percent_statements_covered": 89.55223880597015, "percent_statements_covered_display": "90"}, "missing_lines": [253, 254, 255, 286, 287, 288, 289], "excluded_lines": [], "start_line": 104}, "": {"executed_lines": [8, 9, 10, 12, 13, 14, 16, 18, 55, 104, 107, 117, 120, 226, 259, 291], "summary": {"covered_lines": 16, "num_statements": 16, "percent_covered": 100.0, "percent_covered_display": "100", "missing_lines": 0, "excluded_lines": 0, "percent_statements_covered": 100.0, "percent_statements_covered_display": "100"}, "missing_lines": [], "excluded_lines": [], "start_line": 1}}}, "agents\\orchestrator.py": {"executed_lines": [8, 9, 10, 11, 13, 15, 16, 17, 19, 22, 25, 37, 40, 43, 58, 133, 162, 190], "summary": {"covered_lines": 18, "num_statements": 87, "percent_covered": 20.689655172413794, "percent_covered_display": "21", "missing_lines": 69, "excluded_lines": 0, "percent_statements_covered": 20.689655172413794, "percent_statements_covered_display": "21"}, "missing_lines": [41, 45, 46, 47, 48, 50, 51, 52, 53, 54, 56, 66, 67, 68, 70, 73, 76, 79, 86, 87, 89, 91, 94, 95, 96, 99, 101, 102, 103, 104, 106, 110, 111, 115, 116, 118, 120, 123, 125, 126, 127, 128, 129, 130, 131, 140, 141, 142, 143, 149, 152, 153, 155, 156, 157, 158, 160, 165, 172, 173, 174, 179, 192, 193, 194, 195, 196, 197, 198], "excluded_lines": [], "functions": {"OrchestratorAgent.__init__": {"executed_lines": [], "summary": {"covered_lines": 0, "num_statements": 1, "percent_covered": 0.0, "percent_covered_display": "0", "missing_lines": 1, "excluded_lines": 0, "percent_statements_covered": 0.0, "percent_statements_covered_display": "0"}, "missing_lines": [41], "excluded_lines": [], "start_line": 40}, "OrchestratorAgent._get_agent": {"executed_lines": [], "summary": {"covered_lines": 0, "num_statements": 10, "percent_covered": 0.0, "percent_covered_display": "0", "missing_lines": 10, "excluded_lines": 0, "percent_statements_covered": 0.0, "percent_statements_covered_display": "0"}, "missing_lines": [45, 46, 47, 48, 50, 51, 52, 53, 54, 56], "excluded_lines": [], "start_line": 43}, "OrchestratorAgent.execute_phase": {"executed_lines": [], "summary": {"covered_lines": 0, "num_statements": 34, "percent_covered": 0.0, "percent_covered_display": "0", "missing_lines": 34, "excluded_lines": 0, "percent_statements_covered": 0.0, "percent_statements_covered_display": "0"}, "missing_lines": [66, 67, 68, 70, 73, 76, 79, 86, 87, 89, 91, 94, 95, 96, 99, 101, 102, 103, 104, 106, 110, 111, 115, 116, 118, 120, 123, 125, 126, 127, 128, 129, 130, 131], "excluded_lines": [], "start_line": 58}, "OrchestratorAgent.execute_all": {"executed_lines": [], "summary": {"covered_lines": 0, "num_statements": 12, "percent_covered": 0.0, "percent_covered_display": "0", "missing_lines": 12, "excluded_lines": 0, "percent_statements_covered": 0.0, "percent_statements_covered_display": "0"}, "missing_lines": [140, 141, 142, 143, 149, 152, 153, 155, 156, 157, 158, 160], "excluded_lines": [], "start_line": 133}, "OrchestratorAgent._build_project_context": {"executed_lines": [], "summary": {"covered_lines": 0, "num_statements": 5, "percent_covered": 0.0, "percent_covered_display": "0", "missing_lines": 5, "excluded_lines": 0, "percent_statements_covered": 0.0, "percent_statements_covered_display": "0"}, "missing_lines": [165, 172, 173, 174, 179], "excluded_lines": [], "start_line": 162}, "OrchestratorAgent._get_next_phase": {"executed_lines": [], "summary": {"covered_lines": 0, "num_statements": 7, "percent_covered": 0.0, "percent_covered_display": "0", "missing_lines": 7, "excluded_lines": 0, "percent_statements_covered": 0.0, "percent_statements_covered_display": "0"}, "missing_lines": [192, 193, 194, 195, 196, 197, 198], "excluded_lines": [], "start_line": 190}, "": {"executed_lines": [8, 9, 10, 11, 13, 15, 16, 17, 19, 22, 25, 37, 40, 43, 58, 133, 162, 190], "summary": {"covered_lines": 18, "num_statements": 18, "percent_covered": 100.0, "percent_covered_display": "100", "missing_lines": 0, "excluded_lines": 0, "percent_statements_covered": 100.0, "percent_statements_covered_display": "100"}, "missing_lines": [], "excluded_lines": [], "start_line": 1}}, "classes": {"OrchestratorAgent": {"executed_lines": [], "summary": {"covered_lines": 0, "num_statements": 69, "percent_covered": 0.0, "percent_covered_display": "0", "missing_lines": 69, "excluded_lines": 0, "percent_statements_covered": 0.0, "percent_statements_covered_display": "0"}, "missing_lines": [41, 45, 46, 47, 48, 50, 51, 52, 53, 54, 56, 66, 67, 68, 70, 73, 76, 79, 86, 87, 89, 91, 94, 95, 96, 99, 101, 102, 103, 104, 106, 110, 111, 115, 116, 118, 120, 123, 125, 126, 127, 128, 129, 130, 131, 140, 141, 142, 143, 149, 152, 153, 155, 156, 157, 158, 160, 165, 172, 173, 174, 179, 192, 193, 194, 195, 196, 197, 198], "excluded_lines": [], "start_line": 37}, "": {"executed_lines": [8, 9, 10, 11, 13, 15, 16, 17, 19, 22, 25, 37, 40, 43, 58, 133, 162, 190], "summary": {"covered_lines": 18, "num_statements": 18, "percent_covered": 100.0, "percent_covered_display": "100", "missing_lines": 0, "excluded_lines": 0, "percent_statements_covered": 100.0, "percent_statements_covered_display": "100"}, "missing_lines": [], "excluded_lines": [], "start_line": 1}}}, "agents\\requirements_agent.py": {"executed_lines": [14, 15, 16, 17, 18, 20, 21, 23, 26, 30, 31, 32, 38, 40, 84, 174, 200, 203, 205, 206, 207, 209, 218, 219, 223, 224, 229, 233, 236, 237, 238, 242, 243, 246, 247, 248, 250, 256, 259, 260, 261, 262, 263, 268, 281, 303, 313, 360, 364, 365, 366, 369, 370, 371, 372, 375, 376, 377, 378, 379, 382, 383, 384, 387, 388, 389, 392, 393, 394, 395, 397, 398, 400, 402, 416, 417, 419, 422, 423, 424, 425, 426, 428, 429, 430, 431, 432, 433, 434, 439, 441, 443, 445, 451, 452, 462, 463, 464, 465, 466, 467, 468, 471, 472, 473, 474, 475, 479, 482, 483, 484, 485, 487, 490, 495, 498, 499, 503, 525, 527, 640, 677], "summary": {"covered_lines": 122, "num_statements": 212, "percent_covered": 57.54716981132076, "percent_covered_display": "58", "missing_lines": 90, "excluded_lines": 0, "percent_statements_covered": 57.54716981132076, "percent_statements_covered_display": "58"}, "missing_lines": [27, 33, 34, 35, 36, 221, 239, 240, 282, 283, 286, 287, 292, 293, 315, 316, 324, 325, 326, 328, 329, 335, 350, 351, 352, 386, 500, 532, 534, 539, 543, 544, 545, 547, 548, 549, 551, 552, 553, 556, 557, 559, 560, 564, 565, 566, 567, 568, 570, 580, 582, 592, 593, 598, 599, 600, 601, 603, 604, 605, 606, 607, 610, 611, 619, 622, 625, 627, 636, 637, 638, 643, 648, 649, 652, 653, 663, 679, 683, 684, 685, 686, 687, 690, 693, 702, 703, 706, 707, 719], "excluded_lines": [], "functions": {"_is_approval": {"executed_lines": [], "summary": {"covered_lines": 0, "num_statements": 1, "percent_covered": 0.0, "percent_covered_display": "0", "missing_lines": 1, "excluded_lines": 0, "percent_statements_covered": 0.0, "percent_statements_covered_display": "0"}, "missing_lines": [27], "excluded_lines": [], "start_line": 26}, "RequirementsAgent.__init__": {"executed_lines": [205, 206, 207, 209, 218, 219], "summary": {"covered_lines": 6, "num_statements": 7, "percent_covered": 85.71428571428571, "percent_covered_display": "86", "missing_lines": 1, "excluded_lines": 0, "percent_statements_covered": 85.71428571428571, "percent_statements_covered_display": "86"}, "missing_lines": [221], "excluded_lines": [], "start_line": 203}, "RequirementsAgent.get_system_prompt": {"executed_lines": [224], "summary": {"covered_lines": 1, "num_statements": 1, "percent_covered": 100.0, "percent_covered_display": "100", "missing_lines": 0, "excluded_lines": 0, "percent_statements_covered": 100.0, "percent_statements_covered_display": "100"}, "missing_lines": [], "excluded_lines": [], "start_line": 223}, "RequirementsAgent.execute": {"executed_lines": [233, 236, 237, 238, 242, 243, 246, 247, 248, 250, 256, 259, 260, 261, 262, 263, 268, 281, 303], "summary": {"covered_lines": 19, "num_statements": 27, "percent_covered": 70.37037037037037, "percent_covered_display": "70", "missing_lines": 8, "excluded_lines": 0, "percent_statements_covered": 70.37037037037037, "percent_statements_covered_display": "70"}, "missing_lines": [239, 240, 282, 283, 286, 287, 292, 293], "excluded_lines": [], "start_line": 229}, "RequirementsAgent._handle_search_components": {"executed_lines": [], "summary": {"covered_lines": 0, "num_statements": 11, "percent_covered": 0.0, "percent_covered_display": "0", "missing_lines": 11, "excluded_lines": 0, "percent_statements_covered": 0.0, "percent_statements_covered_display": "0"}, "missing_lines": [315, 316, 324, 325, 326, 328, 329, 335, 350, 351, 352], "excluded_lines": [], "start_line": 313}, "RequirementsAgent._generate_output_files": {"executed_lines": [364, 365, 366, 369, 370, 371, 372, 375, 376, 377, 378, 379, 382, 383, 384, 387, 388, 389, 392, 393, 394, 395, 397, 398], "summary": {"covered_lines": 24, "num_statements": 25, "percent_covered": 96.0, "percent_covered_display": "96", "missing_lines": 1, "excluded_lines": 0, "percent_statements_covered": 96.0, "percent_statements_covered_display": "96"}, "missing_lines": [386], "excluded_lines": [], "start_line": 360}, "RequirementsAgent._build_requirements_md": {"executed_lines": [402, 416, 417, 419, 422, 423, 424, 425, 426, 428, 429, 430, 431, 432, 433, 434, 439, 441], "summary": {"covered_lines": 18, "num_statements": 18, "percent_covered": 100.0, "percent_covered_display": "100", "missing_lines": 0, "excluded_lines": 0, "percent_statements_covered": 100.0, "percent_statements_covered_display": "100"}, "missing_lines": [], "excluded_lines": [], "start_line": 400}, "RequirementsAgent._build_components_md": {"executed_lines": [445, 451, 452, 462, 463, 464, 465, 466, 467, 468, 471, 472, 473, 474, 475, 479, 482, 483, 484, 485, 487], "summary": {"covered_lines": 21, "num_statements": 21, "percent_covered": 100.0, "percent_covered_display": "100", "missing_lines": 0, "excluded_lines": 0, "percent_statements_covered": 100.0, "percent_statements_covered_display": "100"}, "missing_lines": [], "excluded_lines": [], "start_line": 443}, "RequirementsAgent._detect_complete_requirements": {"executed_lines": [495, 498, 499, 503, 525], "summary": {"covered_lines": 5, "num_statements": 6, "percent_covered": 83.33333333333333, "percent_covered_display": "83", "missing_lines": 1, "excluded_lines": 0, "percent_statements_covered": 83.33333333333333, "percent_statements_covered_display": "83"}, "missing_lines": [500], "excluded_lines": [], "start_line": 490}, "RequirementsAgent._parse_requirements_response": {"executed_lines": [], "summary": {"covered_lines": 0, "num_statements": 44, "percent_covered": 0.0, "percent_covered_display": "0", "missing_lines": 44, "excluded_lines": 0, "percent_statements_covered": 0.0, "percent_statements_covered_display": "0"}, "missing_lines": [532, 534, 539, 543, 544, 545, 547, 548, 549, 551, 552, 553, 556, 557, 559, 560, 564, 565, 566, 567, 568, 570, 580, 582, 592, 593, 598, 599, 600, 601, 603, 604, 605, 606, 607, 610, 611, 619, 622, 625, 627, 636, 637, 638], "excluded_lines": [], "start_line": 527}, "RequirementsAgent._extract_or_generate_mermaid": {"executed_lines": [], "summary": {"covered_lines": 0, "num_statements": 6, "percent_covered": 0.0, "percent_covered_display": "0", "missing_lines": 6, "excluded_lines": 0, "percent_statements_covered": 0.0, "percent_statements_covered_display": "0"}, "missing_lines": [643, 648, 649, 652, 653, 663], "excluded_lines": [], "start_line": 640}, "RequirementsAgent._extract_components": {"executed_lines": [], "summary": {"covered_lines": 0, "num_statements": 13, "percent_covered": 0.0, "percent_covered_display": "0", "missing_lines": 13, "excluded_lines": 0, "percent_statements_covered": 0.0, "percent_statements_covered_display": "0"}, "missing_lines": [679, 683, 684, 685, 686, 687, 690, 693, 702, 703, 706, 707, 719], "excluded_lines": [], "start_line": 677}, "": {"executed_lines": [14, 15, 16, 17, 18, 20, 21, 23, 26, 30, 31, 32, 38, 40, 84, 174, 200, 203, 223, 229, 313, 360, 400, 443, 490, 527, 640, 677], "summary": {"covered_lines": 28, "num_statements": 32, "percent_covered": 87.5, "percent_covered_display": "88", "missing_lines": 4, "excluded_lines": 0, "percent_statements_covered": 87.5, "percent_statements_covered_display": "88"}, "missing_lines": [33, 34, 35, 36], "excluded_lines": [], "start_line": 1}}, "classes": {"RequirementsAgent": {"executed_lines": [205, 206, 207, 209, 218, 219, 224, 233, 236, 237, 238, 242, 243, 246, 247, 248, 250, 256, 259, 260, 261, 262, 263, 268, 281, 303, 364, 365, 366, 369, 370, 371, 372, 375, 376, 377, 378, 379, 382, 383, 384, 387, 388, 389, 392, 393, 394, 395, 397, 398, 402, 416, 417, 419, 422, 423, 424, 425, 426, 428, 429, 430, 431, 432, 433, 434, 439, 441, 445, 451, 452, 462, 463, 464, 465, 466, 467, 468, 471, 472, 473, 474, 475, 479, 482, 483, 484, 485, 487, 495, 498, 499, 503, 525], "summary": {"covered_lines": 94, "num_statements": 179, "percent_covered": 52.513966480446925, "percent_covered_display": "53", "missing_lines": 85, "excluded_lines": 0, "percent_statements_covered": 52.513966480446925, "percent_statements_covered_display": "53"}, "missing_lines": [221, 239, 240, 282, 283, 286, 287, 292, 293, 315, 316, 324, 325, 326, 328, 329, 335, 350, 351, 352, 386, 500, 532, 534, 539, 543, 544, 545, 547, 548, 549, 551, 552, 553, 556, 557, 559, 560, 564, 565, 566, 567, 568, 570, 580, 582, 592, 593, 598, 599, 600, 601, 603, 604, 605, 606, 607, 610, 611, 619, 622, 625, 627, 636, 637, 638, 643, 648, 649, 652, 653, 663, 679, 683, 684, 685, 686, 687, 690, 693, 702, 703, 706, 707, 719], "excluded_lines": [], "start_line": 200}, "": {"executed_lines": [14, 15, 16, 17, 18, 20, 21, 23, 26, 30, 31, 32, 38, 40, 84, 174, 200, 203, 223, 229, 313, 360, 400, 443, 490, 527, 640, 677], "summary": {"covered_lines": 28, "num_statements": 33, "percent_covered": 84.84848484848484, "percent_covered_display": "85", "missing_lines": 5, "excluded_lines": 0, "percent_statements_covered": 84.84848484848484, "percent_statements_covered_display": "85"}, "missing_lines": [27, 33, 34, 35, 36], "excluded_lines": [], "start_line": 1}}}, "agents\\sdd_agent.py": {"executed_lines": [7, 8, 9, 11, 12, 13, 15, 17, 80, 83, 84, 90, 92, 93, 95, 96, 97, 98, 101, 102, 103, 105, 106, 113, 125, 126, 127, 131, 133, 148, 149, 150, 151, 152, 161, 162, 164, 170, 172, 173, 175, 179, 180, 182, 193, 194, 196, 207, 208, 209, 210, 217, 219, 221, 222, 224, 225, 229, 230, 233, 234, 239, 240, 242, 243, 244, 248, 256, 264, 266, 268, 269, 271, 275, 276, 279, 280, 282, 289, 291, 297, 299, 301, 308, 310, 316, 318, 322, 323, 324, 325], "summary": {"covered_lines": 91, "num_statements": 116, "percent_covered": 78.44827586206897, "percent_covered_display": "78", "missing_lines": 25, "excluded_lines": 0, "percent_statements_covered": 78.44827586206897, "percent_statements_covered_display": "78"}, "missing_lines": [134, 135, 143, 144, 145, 176, 183, 185, 186, 197, 198, 199, 200, 211, 226, 235, 236, 245, 249, 257, 258, 272, 283, 284, 292], "excluded_lines": [], "functions": {"SDDAgent.__init__": {"executed_lines": [84, 90], "summary": {"covered_lines": 2, "num_statements": 2, "percent_covered": 100.0, "percent_covered_display": "100", "missing_lines": 0, "excluded_lines": 0, "percent_statements_covered": 100.0, "percent_statements_covered_display": "100"}, "missing_lines": [], "excluded_lines": [], "start_line": 83}, "SDDAgent.get_system_prompt": {"executed_lines": [93], "summary": {"covered_lines": 1, "num_statements": 1, "percent_covered": 100.0, "percent_covered_display": "100", "missing_lines": 0, "excluded_lines": 0, "percent_statements_covered": 100.0, "percent_statements_covered_display": "100"}, "missing_lines": [], "excluded_lines": [], "start_line": 92}, "SDDAgent.execute": {"executed_lines": [96, 97, 98, 101, 102, 103, 105, 106, 113, 125, 126, 127, 131, 133, 148, 149, 150, 151, 152, 161, 162, 164], "summary": {"covered_lines": 22, "num_statements": 27, "percent_covered": 81.48148148148148, "percent_covered_display": "81", "missing_lines": 5, "excluded_lines": 0, "percent_statements_covered": 81.48148148148148, "percent_statements_covered_display": "81"}, "missing_lines": [134, 135, 143, 144, 145], "excluded_lines": [], "start_line": 95}, "SDDAgent._extract_modules": {"executed_lines": [172, 173, 175, 179, 180, 182, 193, 194, 196, 207, 208, 209, 210, 217], "summary": {"covered_lines": 14, "num_statements": 23, "percent_covered": 60.869565217391305, "percent_covered_display": "61", "missing_lines": 9, "excluded_lines": 0, "percent_statements_covered": 60.869565217391305, "percent_statements_covered_display": "61"}, "missing_lines": [176, 183, 185, 186, 197, 198, 199, 200, 211], "excluded_lines": [], "start_line": 170}, "SDDAgent._extract_interfaces": {"executed_lines": [221, 222, 224, 225, 229, 230, 233, 234, 239, 240, 242, 243, 244, 248, 256, 264], "summary": {"covered_lines": 16, "num_statements": 23, "percent_covered": 69.56521739130434, "percent_covered_display": "70", "missing_lines": 7, "excluded_lines": 0, "percent_statements_covered": 69.56521739130434, "percent_statements_covered_display": "70"}, "missing_lines": [226, 235, 236, 245, 249, 257, 258], "excluded_lines": [], "start_line": 219}, "SDDAgent._extract_state_machines": {"executed_lines": [268, 269, 271, 275, 276, 279, 280, 282, 289, 291, 297], "summary": {"covered_lines": 11, "num_statements": 15, "percent_covered": 73.33333333333333, "percent_covered_display": "73", "missing_lines": 4, "excluded_lines": 0, "percent_statements_covered": 73.33333333333333, "percent_statements_covered_display": "73"}, "missing_lines": [272, 283, 284, 292], "excluded_lines": [], "start_line": 266}, "SDDAgent._default_modules": {"executed_lines": [301], "summary": {"covered_lines": 1, "num_statements": 1, "percent_covered": 100.0, "percent_covered_display": "100", "missing_lines": 0, "excluded_lines": 0, "percent_statements_covered": 100.0, "percent_statements_covered_display": "100"}, "missing_lines": [], "excluded_lines": [], "start_line": 299}, "SDDAgent._default_interfaces": {"executed_lines": [310], "summary": {"covered_lines": 1, "num_statements": 1, "percent_covered": 100.0, "percent_covered_display": "100", "missing_lines": 0, "excluded_lines": 0, "percent_statements_covered": 100.0, "percent_statements_covered_display": "100"}, "missing_lines": [], "excluded_lines": [], "start_line": 308}, "SDDAgent._default_state_machines": {"executed_lines": [318], "summary": {"covered_lines": 1, "num_statements": 1, "percent_covered": 100.0, "percent_covered_display": "100", "missing_lines": 0, "excluded_lines": 0, "percent_statements_covered": 100.0, "percent_statements_covered_display": "100"}, "missing_lines": [], "excluded_lines": [], "start_line": 316}, "SDDAgent._load_file": {"executed_lines": [323, 324, 325], "summary": {"covered_lines": 3, "num_statements": 3, "percent_covered": 100.0, "percent_covered_display": "100", "missing_lines": 0, "excluded_lines": 0, "percent_statements_covered": 100.0, "percent_statements_covered_display": "100"}, "missing_lines": [], "excluded_lines": [], "start_line": 322}, "": {"executed_lines": [7, 8, 9, 11, 12, 13, 15, 17, 80, 83, 92, 95, 170, 219, 266, 299, 308, 316, 322], "summary": {"covered_lines": 19, "num_statements": 19, "percent_covered": 100.0, "percent_covered_display": "100", "missing_lines": 0, "excluded_lines": 0, "percent_statements_covered": 100.0, "percent_statements_covered_display": "100"}, "missing_lines": [], "excluded_lines": [], "start_line": 1}}, "classes": {"SDDAgent": {"executed_lines": [84, 90, 93, 96, 97, 98, 101, 102, 103, 105, 106, 113, 125, 126, 127, 131, 133, 148, 149, 150, 151, 152, 161, 162, 164, 172, 173, 175, 179, 180, 182, 193, 194, 196, 207, 208, 209, 210, 217, 221, 222, 224, 225, 229, 230, 233, 234, 239, 240, 242, 243, 244, 248, 256, 264, 268, 269, 271, 275, 276, 279, 280, 282, 289, 291, 297, 301, 310, 318, 323, 324, 325], "summary": {"covered_lines": 72, "num_statements": 97, "percent_covered": 74.22680412371135, "percent_covered_display": "74", "missing_lines": 25, "excluded_lines": 0, "percent_statements_covered": 74.22680412371135, "percent_statements_covered_display": "74"}, "missing_lines": [134, 135, 143, 144, 145, 176, 183, 185, 186, 197, 198, 199, 200, 211, 226, 235, 236, 245, 249, 257, 258, 272, 283, 284, 292], "excluded_lines": [], "start_line": 80}, "": {"executed_lines": [7, 8, 9, 11, 12, 13, 15, 17, 80, 83, 92, 95, 170, 219, 266, 299, 308, 316, 322], "summary": {"covered_lines": 19, "num_statements": 19, "percent_covered": 100.0, "percent_covered_display": "100", "missing_lines": 0, "excluded_lines": 0, "percent_statements_covered": 100.0, "percent_statements_covered_display": "100"}, "missing_lines": [], "excluded_lines": [], "start_line": 1}}}, "agents\\srs_agent.py": {"executed_lines": [7, 8, 9, 11, 12, 13, 15, 17, 70, 73, 74, 80, 82, 83, 85, 86, 87, 88, 91, 92, 93, 96, 108, 109, 110, 114, 116, 131, 132, 133, 134, 142, 143, 145, 151, 153, 154, 157, 158, 159, 189, 191, 192, 195, 196, 197, 233, 235, 241, 242, 244], "summary": {"covered_lines": 51, "num_statements": 78, "percent_covered": 65.38461538461539, "percent_covered_display": "65", "missing_lines": 27, "excluded_lines": 0, "percent_statements_covered": 65.38461538461539, "percent_statements_covered_display": "65"}, "missing_lines": [117, 118, 126, 127, 128, 162, 163, 165, 166, 173, 174, 175, 176, 177, 178, 184, 200, 201, 203, 204, 211, 221, 222, 223, 224, 231, 243], "excluded_lines": [], "functions": {"SRSAgent.__init__": {"executed_lines": [74, 80], "summary": {"covered_lines": 2, "num_statements": 2, "percent_covered": 100.0, "percent_covered_display": "100", "missing_lines": 0, "excluded_lines": 0, "percent_statements_covered": 100.0, "percent_statements_covered_display": "100"}, "missing_lines": [], "excluded_lines": [], "start_line": 73}, "SRSAgent.get_system_prompt": {"executed_lines": [83], "summary": {"covered_lines": 1, "num_statements": 1, "percent_covered": 100.0, "percent_covered_display": "100", "missing_lines": 0, "excluded_lines": 0, "percent_statements_covered": 100.0, "percent_statements_covered_display": "100"}, "missing_lines": [], "excluded_lines": [], "start_line": 82}, "SRSAgent.execute": {"executed_lines": [86, 87, 88, 91, 92, 93, 96, 108, 109, 110, 114, 116, 131, 132, 133, 134, 142, 143, 145], "summary": {"covered_lines": 19, "num_statements": 24, "percent_covered": 79.16666666666667, "percent_covered_display": "79", "missing_lines": 5, "excluded_lines": 0, "percent_statements_covered": 79.16666666666667, "percent_statements_covered_display": "79"}, "missing_lines": [117, 118, 126, 127, 128], "excluded_lines": [], "start_line": 85}, "SRSAgent._extract_hw_requirements": {"executed_lines": [153, 154, 157, 158, 159], "summary": {"covered_lines": 5, "num_statements": 16, "percent_covered": 31.25, "percent_covered_display": "31", "missing_lines": 11, "excluded_lines": 0, "percent_statements_covered": 31.25, "percent_statements_covered_display": "31"}, "missing_lines": [162, 163, 165, 166, 173, 174, 175, 176, 177, 178, 184], "excluded_lines": [], "start_line": 151}, "SRSAgent._extract_sw_features": {"executed_lines": [191, 192, 195, 196, 197], "summary": {"covered_lines": 5, "num_statements": 15, "percent_covered": 33.333333333333336, "percent_covered_display": "33", "missing_lines": 10, "excluded_lines": 0, "percent_statements_covered": 33.333333333333336, "percent_statements_covered_display": "33"}, "missing_lines": [200, 201, 203, 204, 211, 221, 222, 223, 224, 231], "excluded_lines": [], "start_line": 189}, "SRSAgent._default_sw_features": {"executed_lines": [235], "summary": {"covered_lines": 1, "num_statements": 1, "percent_covered": 100.0, "percent_covered_display": "100", "missing_lines": 0, "excluded_lines": 0, "percent_statements_covered": 100.0, "percent_statements_covered_display": "100"}, "missing_lines": [], "excluded_lines": [], "start_line": 233}, "SRSAgent._load_file": {"executed_lines": [242, 244], "summary": {"covered_lines": 2, "num_statements": 3, "percent_covered": 66.66666666666667, "percent_covered_display": "67", "missing_lines": 1, "excluded_lines": 0, "percent_statements_covered": 66.66666666666667, "percent_statements_covered_display": "67"}, "missing_lines": [243], "excluded_lines": [], "start_line": 241}, "": {"executed_lines": [7, 8, 9, 11, 12, 13, 15, 17, 70, 73, 82, 85, 151, 189, 233, 241], "summary": {"covered_lines": 16, "num_statements": 16, "percent_covered": 100.0, "percent_covered_display": "100", "missing_lines": 0, "excluded_lines": 0, "percent_statements_covered": 100.0, "percent_statements_covered_display": "100"}, "missing_lines": [], "excluded_lines": [], "start_line": 1}}, "classes": {"SRSAgent": {"executed_lines": [74, 80, 83, 86, 87, 88, 91, 92, 93, 96, 108, 109, 110, 114, 116, 131, 132, 133, 134, 142, 143, 145, 153, 154, 157, 158, 159, 191, 192, 195, 196, 197, 235, 242, 244], "summary": {"covered_lines": 35, "num_statements": 62, "percent_covered": 56.45161290322581, "percent_covered_display": "56", "missing_lines": 27, "excluded_lines": 0, "percent_statements_covered": 56.45161290322581, "percent_statements_covered_display": "56"}, "missing_lines": [117, 118, 126, 127, 128, 162, 163, 165, 166, 173, 174, 175, 176, 177, 178, 184, 200, 201, 203, 204, 211, 221, 222, 223, 224, 231, 243], "excluded_lines": [], "start_line": 70}, "": {"executed_lines": [7, 8, 9, 11, 12, 13, 15, 17, 70, 73, 82, 85, 151, 189, 233, 241], "summary": {"covered_lines": 16, "num_statements": 16, "percent_covered": 100.0, "percent_covered_display": "100", "missing_lines": 0, "excluded_lines": 0, "percent_statements_covered": 100.0, "percent_statements_covered_display": "100"}, "missing_lines": [], "excluded_lines": [], "start_line": 1}}}, "app.py": {"executed_lines": [], "summary": {"covered_lines": 0, "num_statements": 858, "percent_covered": 0.0, "percent_covered_display": "0", "missing_lines": 858, "excluded_lines": 2, "percent_statements_covered": 0.0, "percent_statements_covered_display": "0"}, "missing_lines": [12, 13, 14, 15, 16, 18, 19, 21, 22, 24, 25, 28, 29, 30, 31, 32, 35, 47, 48, 49, 56, 57, 58, 59, 62, 64, 77, 90, 93, 94, 95, 100, 101, 102, 103, 104, 105, 106, 107, 108, 109, 112, 113, 114, 115, 116, 117, 118, 119, 120, 121, 124, 125, 128, 130, 131, 134, 138, 139, 140, 142, 143, 144, 146, 151, 152, 153, 154, 162, 163, 164, 166, 169, 170, 171, 172, 173, 174, 175, 176, 177, 180, 187, 188, 189, 192, 193, 194, 195, 196, 198, 199, 201, 202, 203, 204, 205, 206, 207, 208, 209, 212, 221, 224, 225, 226, 227, 228, 230, 231, 232, 233, 234, 235, 236, 238, 243, 244, 245, 246, 247, 248, 251, 253, 254, 255, 256, 257, 258, 259, 264, 265, 266, 267, 268, 270, 271, 278, 289, 290, 291, 292, 293, 294, 295, 300, 330, 331, 333, 343, 344, 345, 347, 349, 364, 365, 368, 369, 371, 372, 373, 374, 375, 376, 377, 378, 380, 382, 383, 384, 388, 389, 390, 391, 394, 396, 397, 400, 401, 403, 412, 413, 416, 417, 418, 419, 420, 421, 444, 446, 447, 448, 455, 456, 457, 458, 464, 465, 466, 477, 479, 480, 481, 482, 483, 484, 485, 486, 487, 488, 489, 491, 492, 493, 495, 511, 512, 513, 515, 518, 547, 549, 550, 551, 552, 553, 555, 556, 557, 577, 578, 579, 580, 582, 583, 585, 587, 593, 594, 597, 598, 602, 603, 612, 622, 623, 624, 625, 626, 627, 628, 629, 630, 631, 632, 633, 635, 636, 643, 644, 645, 646, 647, 648, 649, 650, 651, 652, 654, 655, 656, 657, 658, 667, 668, 676, 723, 724, 730, 731, 732, 733, 734, 736, 770, 771, 772, 773, 774, 775, 776, 777, 778, 779, 784, 785, 788, 789, 790, 797, 798, 800, 801, 802, 803, 804, 806, 807, 808, 809, 810, 812, 820, 821, 822, 823, 824, 827, 828, 834, 835, 838, 839, 840, 842, 843, 844, 846, 847, 848, 850, 851, 852, 853, 855, 856, 857, 860, 861, 862, 863, 864, 865, 866, 868, 869, 871, 873, 874, 875, 876, 877, 879, 880, 881, 882, 887, 888, 901, 902, 904, 907, 908, 910, 911, 913, 914, 915, 917, 918, 919, 920, 922, 923, 924, 931, 932, 935, 936, 937, 939, 940, 941, 942, 943, 944, 945, 946, 948, 950, 951, 952, 953, 959, 962, 963, 964, 965, 966, 969, 970, 971, 975, 976, 977, 979, 980, 981, 983, 984, 985, 986, 988, 991, 992, 995, 996, 997, 1000, 1001, 1002, 1004, 1005, 1007, 1008, 1009, 1011, 1013, 1017, 1018, 1021, 1022, 1023, 1024, 1025, 1026, 1027, 1028, 1029, 1031, 1032, 1034, 1035, 1036, 1037, 1039, 1040, 1042, 1043, 1044, 1045, 1047, 1048, 1051, 1052, 1053, 1054, 1055, 1059, 1060, 1061, 1062, 1065, 1070, 1071, 1072, 1073, 1074, 1076, 1079, 1081, 1088, 1094, 1102, 1107, 1109, 1113, 1116, 1117, 1118, 1119, 1120, 1121, 1122, 1123, 1124, 1125, 1126, 1128, 1129, 1130, 1131, 1134, 1135, 1136, 1137, 1138, 1140, 1141, 1142, 1143, 1145, 1151, 1152, 1155, 1156, 1157, 1158, 1159, 1161, 1162, 1164, 1165, 1166, 1167, 1168, 1169, 1170, 1171, 1172, 1173, 1175, 1176, 1178, 1179, 1181, 1182, 1184, 1185, 1187, 1188, 1191, 1192, 1193, 1194, 1197, 1205, 1206, 1207, 1208, 1209, 1210, 1211, 1212, 1213, 1214, 1215, 1216, 1217, 1218, 1221, 1222, 1224, 1225, 1226, 1227, 1228, 1229, 1234, 1235, 1237, 1238, 1239, 1241, 1243, 1245, 1246, 1248, 1250, 1251, 1266, 1267, 1268, 1269, 1270, 1271, 1272, 1273, 1274, 1284, 1285, 1293, 1294, 1297, 1298, 1299, 1300, 1301, 1302, 1303, 1304, 1305, 1315, 1316, 1324, 1325, 1327, 1328, 1334, 1335, 1337, 1338, 1339, 1341, 1342, 1343, 1344, 1346, 1348, 1349, 1350, 1351, 1360, 1361, 1362, 1363, 1367, 1368, 1369, 1370, 1371, 1372, 1373, 1374, 1375, 1376, 1384, 1385, 1386, 1387, 1388, 1392, 1393, 1394, 1395, 1396, 1398, 1399, 1400, 1402, 1404, 1405, 1406, 1407, 1408, 1412, 1414, 1415, 1416, 1421, 1422, 1424, 1425, 1426, 1428, 1429, 1430, 1433, 1438, 1439, 1440, 1441, 1442, 1443, 1444, 1453, 1454, 1457, 1458, 1461, 1462, 1463, 1465, 1466, 1469, 1470, 1471, 1472, 1473, 1474, 1483, 1484, 1487, 1488, 1491, 1492, 1493, 1494, 1495, 1496, 1498, 1499, 1501, 1502, 1507, 1508, 1510, 1511, 1512, 1514, 1515, 1518, 1519, 1521, 1522, 1523, 1524, 1525, 1526, 1528, 1531, 1532, 1533, 1535, 1537, 1538, 1572, 1573, 1574, 1575, 1576, 1577, 1579, 1580, 1581, 1582, 1583, 1584, 1585, 1586, 1587, 1589, 1590, 1591, 1592, 1593, 1594, 1595, 1599, 1600, 1601, 1602, 1603, 1604, 1605, 1606, 1607, 1617, 1618, 1619, 1626, 1627, 1628, 1632, 1653, 1654, 1655, 1656, 1657, 1666, 1667, 1670, 1671, 1673, 1674, 1676, 1677, 1682, 1683, 1685, 1686, 1687, 1689, 1691, 1693, 1705, 1706, 1707, 1709, 1711, 1712, 1716, 1717, 1718, 1719, 1720, 1721, 1723, 1724, 1726, 1728, 1749, 1750, 1751, 1752, 1753, 1754, 1756, 1757, 1758, 1759, 1760, 1761, 1762, 1763, 1764, 1765, 1767, 1768, 1769, 1770, 1771, 1776, 1789, 1790, 1791, 1792, 1793, 1794, 1795, 1800, 1802, 1804, 1805, 1806, 1809, 1810, 1813, 1814, 1815, 1822, 1825, 1830, 1831, 1835, 1839, 1840, 1841, 1842, 1843, 1844, 1847, 1848, 1851, 1854, 1857, 1859, 1860, 1861, 1862, 1863, 1864, 1865, 1866, 1867, 1868, 1870, 1871], "excluded_lines": [1876, 1877], "functions": {"_load_css": {"executed_lines": [], "summary": {"covered_lines": 0, "num_statements": 6, "percent_covered": 0.0, "percent_covered_display": "0", "missing_lines": 6, "excluded_lines": 0, "percent_statements_covered": 0.0, "percent_statements_covered_display": "0"}, "missing_lines": [48, 49, 56, 57, 58, 59], "excluded_lines": [], "start_line": 47}, "_get_http_client": {"executed_lines": [], "summary": {"covered_lines": 0, "num_statements": 1, "percent_covered": 0.0, "percent_covered_display": "0", "missing_lines": 1, "excluded_lines": 0, "percent_statements_covered": 0.0, "percent_statements_covered_display": "0"}, "missing_lines": [95], "excluded_lines": [], "start_line": 94}, "_api_get": {"executed_lines": [], "summary": {"covered_lines": 0, "num_statements": 9, "percent_covered": 0.0, "percent_covered_display": "0", "missing_lines": 9, "excluded_lines": 0, "percent_statements_covered": 0.0, "percent_statements_covered_display": "0"}, "missing_lines": [101, 102, 103, 104, 105, 106, 107, 108, 109], "excluded_lines": [], "start_line": 100}, "_api_post": {"executed_lines": [], "summary": {"covered_lines": 0, "num_statements": 9, "percent_covered": 0.0, "percent_covered_display": "0", "missing_lines": 9, "excluded_lines": 0, "percent_statements_covered": 0.0, "percent_statements_covered_display": "0"}, "missing_lines": [113, 114, 115, 116, 117, 118, 119, 120, 121], "excluded_lines": [], "start_line": 112}, "_load_project": {"executed_lines": [], "summary": {"covered_lines": 0, "num_statements": 1, "percent_covered": 0.0, "percent_covered_display": "0", "missing_lines": 1, "excluded_lines": 0, "percent_statements_covered": 0.0, "percent_statements_covered_display": "0"}, "missing_lines": [125], "excluded_lines": [], "start_line": 124}, "_load_status": {"executed_lines": [], "summary": {"covered_lines": 0, "num_statements": 2, "percent_covered": 0.0, "percent_covered_display": "0", "missing_lines": 2, "excluded_lines": 0, "percent_statements_covered": 0.0, "percent_statements_covered_display": "0"}, "missing_lines": [130, 131], "excluded_lines": [], "start_line": 128}, "_phase_status": {"executed_lines": [], "summary": {"covered_lines": 0, "num_statements": 7, "percent_covered": 0.0, "percent_covered_display": "0", "missing_lines": 7, "excluded_lines": 0, "percent_statements_covered": 0.0, "percent_statements_covered_display": "0"}, "missing_lines": [138, 139, 140, 142, 143, 144, 146], "excluded_lines": [], "start_line": 134}, "_sanitize_mermaid": {"executed_lines": [], "summary": {"covered_lines": 0, "num_statements": 11, "percent_covered": 0.0, "percent_covered_display": "0", "missing_lines": 11, "excluded_lines": 0, "percent_statements_covered": 0.0, "percent_statements_covered_display": "0"}, "missing_lines": [152, 153, 154, 162, 163, 164, 166, 169, 175, 176, 177], "excluded_lines": [], "start_line": 151}, "_sanitize_mermaid._clean_label": {"executed_lines": [], "summary": {"covered_lines": 0, "num_statements": 5, "percent_covered": 0.0, "percent_covered_display": "0", "missing_lines": 5, "excluded_lines": 0, "percent_statements_covered": 0.0, "percent_statements_covered_display": "0"}, "missing_lines": [170, 171, 172, 173, 174], "excluded_lines": [], "start_line": 169}, "_is_valid_mermaid": {"executed_lines": [], "summary": {"covered_lines": 0, "num_statements": 2, "percent_covered": 0.0, "percent_covered_display": "0", "missing_lines": 2, "excluded_lines": 0, "percent_statements_covered": 0.0, "percent_statements_covered_display": "0"}, "missing_lines": [188, 189], "excluded_lines": [], "start_line": 187}, "_render_mermaid": {"executed_lines": [], "summary": {"covered_lines": 0, "num_statements": 15, "percent_covered": 0.0, "percent_covered_display": "0", "missing_lines": 15, "excluded_lines": 0, "percent_statements_covered": 0.0, "percent_statements_covered_display": "0"}, "missing_lines": [193, 194, 195, 196, 198, 199, 201, 202, 203, 204, 205, 206, 207, 208, 209], "excluded_lines": [], "start_line": 192}, "_strip_llm_xml": {"executed_lines": [], "summary": {"covered_lines": 0, "num_statements": 2, "percent_covered": 0.0, "percent_covered_display": "0", "missing_lines": 2, "excluded_lines": 0, "percent_statements_covered": 0.0, "percent_statements_covered_display": "0"}, "missing_lines": [224, 228], "excluded_lines": [], "start_line": 221}, "_strip_llm_xml._replacer": {"executed_lines": [], "summary": {"covered_lines": 0, "num_statements": 3, "percent_covered": 0.0, "percent_covered_display": "0", "missing_lines": 3, "excluded_lines": 0, "percent_statements_covered": 0.0, "percent_statements_covered_display": "0"}, "missing_lines": [225, 226, 227], "excluded_lines": [], "start_line": 224}, "_render_markdown_with_mermaid": {"executed_lines": [], "summary": {"covered_lines": 0, "num_statements": 7, "percent_covered": 0.0, "percent_covered_display": "0", "missing_lines": 7, "excluded_lines": 0, "percent_statements_covered": 0.0, "percent_statements_covered_display": "0"}, "missing_lines": [231, 232, 233, 234, 235, 236, 238], "excluded_lines": [], "start_line": 230}, "_phase_counts": {"executed_lines": [], "summary": {"covered_lines": 0, "num_statements": 5, "percent_covered": 0.0, "percent_covered_display": "0", "missing_lines": 5, "excluded_lines": 0, "percent_statements_covered": 0.0, "percent_statements_covered_display": "0"}, "missing_lines": [244, 245, 246, 247, 248], "excluded_lines": [], "start_line": 243}, "_step_state": {"executed_lines": [], "summary": {"covered_lines": 0, "num_statements": 7, "percent_covered": 0.0, "percent_covered_display": "0", "missing_lines": 7, "excluded_lines": 0, "percent_statements_covered": 0.0, "percent_statements_covered_display": "0"}, "missing_lines": [253, 254, 255, 256, 257, 258, 259], "excluded_lines": [], "start_line": 251}, "render_topbar": {"executed_lines": [], "summary": {"covered_lines": 0, "num_statements": 15, "percent_covered": 0.0, "percent_covered_display": "0", "missing_lines": 15, "excluded_lines": 0, "percent_statements_covered": 0.0, "percent_statements_covered_display": "0"}, "missing_lines": [265, 266, 267, 268, 270, 271, 278, 289, 290, 291, 292, 293, 294, 295, 300], "excluded_lines": [], "start_line": 264}, "render_sidebar": {"executed_lines": [], "summary": {"covered_lines": 0, "num_statements": 49, "percent_covered": 0.0, "percent_covered_display": "0", "missing_lines": 49, "excluded_lines": 0, "percent_statements_covered": 0.0, "percent_statements_covered_display": "0"}, "missing_lines": [331, 333, 343, 344, 345, 347, 349, 364, 365, 368, 369, 371, 372, 373, 374, 375, 376, 377, 378, 380, 382, 383, 384, 388, 389, 390, 391, 394, 396, 397, 400, 401, 403, 412, 413, 416, 417, 418, 419, 420, 421, 444, 446, 447, 448, 455, 456, 457, 458], "excluded_lines": [], "start_line": 330}, "_render_hero": {"executed_lines": [], "summary": {"covered_lines": 0, "num_statements": 2, "percent_covered": 0.0, "percent_covered_display": "0", "missing_lines": 2, "excluded_lines": 0, "percent_statements_covered": 0.0, "percent_statements_covered_display": "0"}, "missing_lines": [465, 466], "excluded_lines": [], "start_line": 464}, "_render_timeline": {"executed_lines": [], "summary": {"covered_lines": 0, "num_statements": 15, "percent_covered": 0.0, "percent_covered_display": "0", "missing_lines": 15, "excluded_lines": 0, "percent_statements_covered": 0.0, "percent_statements_covered_display": "0"}, "missing_lines": [479, 480, 481, 482, 483, 484, 485, 486, 487, 488, 489, 491, 492, 493, 495], "excluded_lines": [], "start_line": 477}, "_render_kpi_cards": {"executed_lines": [], "summary": {"covered_lines": 0, "num_statements": 4, "percent_covered": 0.0, "percent_covered_display": "0", "missing_lines": 4, "excluded_lines": 0, "percent_statements_covered": 0.0, "percent_statements_covered_display": "0"}, "missing_lines": [512, 513, 515, 518], "excluded_lines": [], "start_line": 511}, "_svg_ring": {"executed_lines": [], "summary": {"covered_lines": 0, "num_statements": 8, "percent_covered": 0.0, "percent_covered_display": "0", "missing_lines": 8, "excluded_lines": 0, "percent_statements_covered": 0.0, "percent_statements_covered_display": "0"}, "missing_lines": [549, 550, 551, 552, 553, 555, 556, 557], "excluded_lines": [], "start_line": 547}, "_render_right_panel": {"executed_lines": [], "summary": {"covered_lines": 0, "num_statements": 46, "percent_covered": 0.0, "percent_covered_display": "0", "missing_lines": 46, "excluded_lines": 0, "percent_statements_covered": 0.0, "percent_statements_covered_display": "0"}, "missing_lines": [578, 579, 580, 582, 583, 585, 587, 593, 594, 597, 598, 602, 603, 612, 622, 623, 624, 625, 626, 627, 628, 629, 630, 631, 632, 633, 635, 636, 643, 644, 645, 646, 647, 648, 649, 650, 651, 652, 654, 655, 656, 657, 658, 667, 668, 676], "excluded_lines": [], "start_line": 577}, "render_overview": {"executed_lines": [], "summary": {"covered_lines": 0, "num_statements": 17, "percent_covered": 0.0, "percent_covered_display": "0", "missing_lines": 17, "excluded_lines": 0, "percent_statements_covered": 0.0, "percent_statements_covered_display": "0"}, "missing_lines": [724, 730, 731, 732, 733, 734, 736, 770, 771, 772, 773, 774, 775, 776, 777, 778, 779], "excluded_lines": [], "start_line": 723}, "render_new_project": {"executed_lines": [], "summary": {"covered_lines": 0, "num_statements": 61, "percent_covered": 0.0, "percent_covered_display": "0", "missing_lines": 61, "excluded_lines": 0, "percent_statements_covered": 0.0, "percent_statements_covered_display": "0"}, "missing_lines": [785, 788, 789, 790, 797, 798, 800, 801, 802, 803, 804, 806, 807, 808, 809, 810, 812, 820, 821, 822, 823, 824, 827, 828, 834, 835, 838, 839, 840, 842, 843, 844, 846, 847, 848, 850, 851, 852, 853, 855, 856, 857, 860, 861, 862, 863, 864, 865, 866, 868, 869, 871, 873, 874, 875, 876, 877, 879, 880, 881, 882], "excluded_lines": [], "start_line": 784}, "_reset_chat": {"executed_lines": [], "summary": {"covered_lines": 0, "num_statements": 4, "percent_covered": 0.0, "percent_covered_display": "0", "missing_lines": 4, "excluded_lines": 0, "percent_statements_covered": 0.0, "percent_statements_covered_display": "0"}, "missing_lines": [888, 901, 902, 904], "excluded_lines": [], "start_line": 887}, "render_design_chat": {"executed_lines": [], "summary": {"covered_lines": 0, "num_statements": 56, "percent_covered": 0.0, "percent_covered_display": "0", "missing_lines": 56, "excluded_lines": 0, "percent_statements_covered": 0.0, "percent_statements_covered_display": "0"}, "missing_lines": [908, 910, 911, 913, 914, 915, 917, 918, 919, 920, 922, 923, 924, 931, 932, 935, 936, 937, 939, 940, 941, 942, 943, 944, 945, 946, 948, 950, 951, 952, 953, 959, 962, 963, 964, 965, 966, 969, 970, 971, 975, 976, 977, 979, 980, 981, 983, 984, 985, 986, 988, 991, 992, 995, 996, 997], "excluded_lines": [], "start_line": 907}, "_send_chat": {"executed_lines": [], "summary": {"covered_lines": 0, "num_statements": 44, "percent_covered": 0.0, "percent_covered_display": "0", "missing_lines": 44, "excluded_lines": 0, "percent_statements_covered": 0.0, "percent_statements_covered_display": "0"}, "missing_lines": [1001, 1002, 1004, 1005, 1007, 1008, 1009, 1011, 1013, 1017, 1018, 1021, 1022, 1023, 1024, 1025, 1026, 1027, 1028, 1029, 1031, 1032, 1034, 1035, 1036, 1037, 1039, 1040, 1042, 1043, 1044, 1045, 1047, 1048, 1051, 1052, 1053, 1054, 1055, 1059, 1060, 1061, 1062, 1065], "excluded_lines": [], "start_line": 1000}, "_start_pipeline": {"executed_lines": [], "summary": {"covered_lines": 0, "num_statements": 5, "percent_covered": 0.0, "percent_covered_display": "0", "missing_lines": 5, "excluded_lines": 0, "percent_statements_covered": 0.0, "percent_statements_covered_display": "0"}, "missing_lines": [1071, 1072, 1073, 1074, 1076], "excluded_lines": [], "start_line": 1070}, "_phase_card_html": {"executed_lines": [], "summary": {"covered_lines": 0, "num_statements": 22, "percent_covered": 0.0, "percent_covered_display": "0", "missing_lines": 22, "excluded_lines": 0, "percent_statements_covered": 0.0, "percent_statements_covered_display": "0"}, "missing_lines": [1081, 1088, 1094, 1102, 1107, 1109, 1113, 1116, 1117, 1118, 1119, 1120, 1121, 1122, 1123, 1124, 1125, 1126, 1128, 1129, 1130, 1131], "excluded_lines": [], "start_line": 1079}, "render_pipeline": {"executed_lines": [], "summary": {"covered_lines": 0, "num_statements": 65, "percent_covered": 0.0, "percent_covered_display": "0", "missing_lines": 65, "excluded_lines": 0, "percent_statements_covered": 0.0, "percent_statements_covered_display": "0"}, "missing_lines": [1135, 1136, 1137, 1138, 1140, 1141, 1142, 1143, 1145, 1151, 1152, 1155, 1156, 1157, 1158, 1159, 1161, 1162, 1164, 1165, 1166, 1167, 1168, 1169, 1170, 1171, 1172, 1173, 1175, 1176, 1178, 1179, 1181, 1182, 1184, 1185, 1187, 1188, 1191, 1192, 1193, 1194, 1197, 1205, 1206, 1207, 1208, 1209, 1210, 1211, 1212, 1213, 1214, 1215, 1216, 1217, 1218, 1221, 1222, 1224, 1225, 1226, 1227, 1228, 1229], "excluded_lines": [], "start_line": 1134}, "render_documents": {"executed_lines": [], "summary": {"covered_lines": 0, "num_statements": 39, "percent_covered": 0.0, "percent_covered_display": "0", "missing_lines": 39, "excluded_lines": 0, "percent_statements_covered": 0.0, "percent_statements_covered_display": "0"}, "missing_lines": [1235, 1237, 1238, 1239, 1241, 1243, 1245, 1246, 1248, 1250, 1251, 1266, 1267, 1268, 1269, 1270, 1271, 1272, 1273, 1274, 1284, 1285, 1293, 1294, 1297, 1298, 1299, 1300, 1301, 1302, 1303, 1304, 1305, 1315, 1316, 1324, 1325, 1327, 1328], "excluded_lines": [], "start_line": 1234}, "render_netlist": {"executed_lines": [], "summary": {"covered_lines": 0, "num_statements": 50, "percent_covered": 0.0, "percent_covered_display": "0", "missing_lines": 50, "excluded_lines": 0, "percent_statements_covered": 0.0, "percent_statements_covered_display": "0"}, "missing_lines": [1335, 1337, 1338, 1339, 1341, 1342, 1343, 1344, 1346, 1348, 1349, 1350, 1351, 1360, 1361, 1362, 1363, 1367, 1368, 1369, 1370, 1371, 1372, 1373, 1374, 1375, 1376, 1384, 1385, 1386, 1387, 1388, 1392, 1393, 1394, 1395, 1396, 1398, 1399, 1400, 1402, 1404, 1405, 1406, 1407, 1408, 1412, 1414, 1415, 1416], "excluded_lines": [], "start_line": 1334}, "render_code_review": {"executed_lines": [], "summary": {"covered_lines": 0, "num_statements": 44, "percent_covered": 0.0, "percent_covered_display": "0", "missing_lines": 44, "excluded_lines": 0, "percent_statements_covered": 0.0, "percent_statements_covered_display": "0"}, "missing_lines": [1422, 1424, 1425, 1426, 1428, 1429, 1430, 1433, 1438, 1439, 1440, 1441, 1442, 1443, 1444, 1453, 1454, 1457, 1458, 1461, 1462, 1463, 1465, 1466, 1469, 1470, 1471, 1472, 1473, 1474, 1483, 1484, 1487, 1488, 1491, 1492, 1493, 1494, 1495, 1496, 1498, 1499, 1501, 1502], "excluded_lines": [], "start_line": 1421}, "render_components": {"executed_lines": [], "summary": {"covered_lines": 0, "num_statements": 54, "percent_covered": 0.0, "percent_covered_display": "0", "missing_lines": 54, "excluded_lines": 0, "percent_statements_covered": 0.0, "percent_statements_covered_display": "0"}, "missing_lines": [1508, 1510, 1511, 1512, 1514, 1515, 1518, 1519, 1521, 1522, 1523, 1524, 1525, 1526, 1528, 1531, 1532, 1533, 1535, 1537, 1538, 1572, 1573, 1579, 1589, 1599, 1600, 1601, 1602, 1603, 1604, 1605, 1606, 1607, 1617, 1618, 1619, 1626, 1627, 1628, 1632, 1653, 1654, 1655, 1656, 1657, 1666, 1667, 1670, 1671, 1673, 1674, 1676, 1677], "excluded_lines": [], "start_line": 1507}, "render_components._grade_tag": {"executed_lines": [], "summary": {"covered_lines": 0, "num_statements": 4, "percent_covered": 0.0, "percent_covered_display": "0", "missing_lines": 4, "excluded_lines": 0, "percent_statements_covered": 0.0, "percent_statements_covered_display": "0"}, "missing_lines": [1574, 1575, 1576, 1577], "excluded_lines": [], "start_line": 1573}, "render_components._status_tag": {"executed_lines": [], "summary": {"covered_lines": 0, "num_statements": 8, "percent_covered": 0.0, "percent_covered_display": "0", "missing_lines": 8, "excluded_lines": 0, "percent_statements_covered": 0.0, "percent_statements_covered_display": "0"}, "missing_lines": [1580, 1581, 1582, 1583, 1584, 1585, 1586, 1587], "excluded_lines": [], "start_line": 1579}, "render_components._conf_bar": {"executed_lines": [], "summary": {"covered_lines": 0, "num_statements": 6, "percent_covered": 0.0, "percent_covered_display": "0", "missing_lines": 6, "excluded_lines": 0, "percent_statements_covered": 0.0, "percent_statements_covered_display": "0"}, "missing_lines": [1590, 1591, 1592, 1593, 1594, 1595], "excluded_lines": [], "start_line": 1589}, "render_dashboard": {"executed_lines": [], "summary": {"covered_lines": 0, "num_statements": 44, "percent_covered": 0.0, "percent_covered_display": "0", "missing_lines": 44, "excluded_lines": 0, "percent_statements_covered": 0.0, "percent_statements_covered_display": "0"}, "missing_lines": [1683, 1685, 1686, 1687, 1689, 1691, 1693, 1705, 1706, 1707, 1709, 1711, 1712, 1716, 1717, 1718, 1719, 1720, 1721, 1723, 1724, 1726, 1728, 1749, 1750, 1751, 1752, 1753, 1754, 1756, 1757, 1758, 1759, 1760, 1761, 1762, 1763, 1764, 1765, 1767, 1768, 1769, 1770,
[...]
play": "0"}, "missing_lines": [14, 16, 17, 18, 20, 22, 23, 24, 25, 26, 27, 30, 33, 41, 48, 61, 66, 109, 125, 143], "excluded_lines": [], "start_line": 1}}, "classes": {"GitManager": {"executed_lines": [], "summary": {"covered_lines": 0, "num_statements": 64, "percent_covered": 0.0, "percent_covered_display": "0", "missing_lines": 64, "excluded_lines": 0, "percent_statements_covered": 0.0, "percent_statements_covered_display": "0"}, "missing_lines": [34, 35, 36, 37, 43, 44, 45, 46, 50, 51, 52, 53, 54, 55, 56, 57, 58, 59, 62, 84, 85, 86, 87, 88, 89, 91, 93, 94, 95, 97, 98, 103, 104, 105, 106, 107, 111, 112, 113, 114, 115, 116, 118, 119, 120, 121, 122, 123, 127, 128, 129, 130, 131, 132, 138, 139, 140, 141, 145, 146, 147, 148, 149, 150], "excluded_lines": [], "start_line": 30}, "": {"executed_lines": [], "summary": {"covered_lines": 0, "num_statements": 20, "percent_covered": 0.0, "percent_covered_display": "0", "missing_lines": 20, "excluded_lines": 0, "percent_statements_covered": 0.0, "percent_statements_covered_display": "0"}, "missing_lines": [14, 16, 17, 18, 20, 22, 23, 24, 25, 26, 27, 30, 33, 41, 48, 61, 66, 109, 125, 143], "excluded_lines": [], "start_line": 1}}}, "tools\\seed_components.py": {"executed_lines": [], "summary": {"covered_lines": 0, "num_statements": 37, "percent_covered": 0.0, "percent_covered_display": "0", "missing_lines": 37, "excluded_lines": 3, "percent_statements_covered": 0.0, "percent_statements_covered_display": "0"}, "missing_lines": [8, 9, 10, 12, 13, 15, 18, 25, 28, 29, 30, 33, 34, 36, 37, 38, 41, 43, 44, 45, 47, 48, 49, 51, 52, 54, 55, 57, 69, 72, 73, 74, 75, 77, 79, 81, 82], "excluded_lines": [85, 87, 92], "functions": {"seed_if_empty": {"executed_lines": [], "summary": {"covered_lines": 0, "num_statements": 30, "percent_covered": 0.0, "percent_covered_display": "0", "missing_lines": 30, "excluded_lines": 0, "percent_statements_covered": 0.0, "percent_statements_covered_display": "0"}, "missing_lines": [25, 28, 29, 30, 33, 34, 36, 37, 38, 41, 43, 44, 45, 47, 48, 49, 51, 52, 54, 55, 57, 69, 72, 73, 74, 75, 77, 79, 81, 82], "excluded_lines": [], "start_line": 18}, "": {"executed_lines": [], "summary": {"covered_lines": 0, "num_statements": 7, "percent_covered": 0.0, "percent_covered_display": "0", "missing_lines": 7, "excluded_lines": 3, "percent_statements_covered": 0.0, "percent_statements_covered_display": "0"}, "missing_lines": [8, 9, 10, 12, 13, 15, 18], "excluded_lines": [85, 87, 92], "start_line": 1}}, "classes": {"": {"executed_lines": [], "summary": {"covered_lines": 0, "num_statements": 37, "percent_covered": 0.0, "percent_covered_display": "0", "missing_lines": 37, "excluded_lines": 3, "percent_statements_covered": 0.0, "percent_statements_covered_display": "0"}, "missing_lines": [8, 9, 10, 12, 13, 15, 18, 25, 28, 29, 30, 33, 34, 36, 37, 38, 41, 43, 44, 45, 47, 48, 49, 51, 52, 54, 55, 57, 69, 72, 73, 74, 75, 77, 79, 81, 82], "excluded_lines": [85, 87, 92], "start_line": 1}}}, "tools\\web_scraper.py": {"executed_lines": [8, 9, 10, 12, 14, 15, 17, 20, 29, 34, 114, 194, 231, 267, 286], "summary": {"covered_lines": 15, "num_statements": 125, "percent_covered": 12.0, "percent_covered_display": "12", "missing_lines": 110, "excluded_lines": 0, "percent_statements_covered": 12.0, "percent_statements_covered_display": "12"}, "missing_lines": [30, 31, 32, 51, 52, 53, 55, 57, 59, 61, 66, 72, 77, 78, 81, 82, 84, 86, 87, 88, 89, 90, 92, 102, 104, 105, 107, 108, 109, 110, 111, 112, 131, 132, 133, 135, 136, 137, 142, 152, 158, 159, 162, 163, 165, 167, 168, 169, 170, 172, 182, 184, 185, 187, 188, 189, 190, 191, 192, 211, 213, 219, 220, 222, 223, 224, 225, 226, 227, 229, 233, 236, 237, 238, 240, 241, 243, 252, 253, 255, 256, 257, 261, 263, 264, 265, 269, 270, 272, 274, 275, 276, 277, 279, 280, 281, 282, 283, 284, 288, 289, 291, 293, 294, 295, 296, 297, 298, 299, 300], "excluded_lines": [], "functions": {"WebScraperTool.__init__": {"executed_lines": [], "summary": {"covered_lines": 0, "num_statements": 3, "percent_covered": 0.0, "percent_covered_display": "0", "missing_lines": 3, "excluded_lines": 0, "percent_statements_covered": 0.0, "percent_statements_covered_display": "0"}, "missing_lines": [30, 31, 32], "excluded_lines": [], "start_line": 29}, "WebScraperTool.search_digikey": {"executed_lines": [], "summary": {"covered_lines": 0, "num_statements": 29, "percent_covered": 0.0, "percent_covered_display": "0", "missing_lines": 29, "excluded_lines": 0, "percent_statements_covered": 0.0, "percent_statements_covered_display": "0"}, "missing_lines": [51, 52, 53, 55, 57, 59, 61, 66, 72, 77, 78, 81, 82, 84, 86, 87, 88, 89, 90, 92, 102, 104, 105, 107, 108, 109, 110, 111, 112], "excluded_lines": [], "start_line": 34}, "WebScraperTool.search_mouser": {"executed_lines": [], "summary": {"covered_lines": 0, "num_statements": 27, "percent_covered": 0.0, "percent_covered_display": "0", "missing_lines": 27, "excluded_lines": 0, "percent_statements_covered": 0.0, "percent_statements_covered_display": "0"}, "missing_lines": [131, 132, 133, 135, 136, 137, 142, 152, 158, 159, 162, 163, 165, 167, 168, 169, 170, 172, 182, 184, 185, 187, 188, 189, 190, 191, 192], "excluded_lines": [], "start_line": 114}, "WebScraperTool.search_all": {"executed_lines": [], "summary": {"covered_lines": 0, "num_statements": 11, "percent_covered": 0.0, "percent_covered_display": "0", "missing_lines": 11, "excluded_lines": 0, "percent_statements_covered": 0.0, "percent_statements_covered_display": "0"}, "missing_lines": [211, 213, 219, 220, 222, 223, 224, 225, 226, 227, 229], "excluded_lines": [], "start_line": 194}, "WebScraperTool._ensure_digikey_token": {"executed_lines": [], "summary": {"covered_lines": 0, "num_statements": 16, "percent_covered": 0.0, "percent_covered_display": "0", "missing_lines": 16, "excluded_lines": 0, "percent_statements_covered": 0.0, "percent_statements_covered_display": "0"}, "missing_lines": [233, 236, 237, 238, 240, 241, 243, 252, 253, 255, 256, 257, 261, 263, 264, 265], "excluded_lines": [], "start_line": 231}, "WebScraperTool._parse_digikey_pricing": {"executed_lines": [], "summary": {"covered_lines": 0, "num_statements": 13, "percent_covered": 0.0, "percent_covered_display": "0", "missing_lines": 13, "excluded_lines": 0, "percent_statements_covered": 0.0, "percent_statements_covered_display": "0"}, "missing_lines": [269, 270, 272, 274, 275, 276, 277, 279, 280, 281, 282, 283, 284], "excluded_lines": [], "start_line": 267}, "WebScraperTool._parse_mouser_pricing": {"executed_lines": [], "summary": {"covered_lines": 0, "num_statements": 11, "percent_covered": 0.0, "percent_covered_display": "0", "missing_lines": 11, "excluded_lines": 0, "percent_statements_covered": 0.0, "percent_statements_covered_display": "0"}, "missing_lines": [288, 289, 291, 293, 294, 295, 296, 297, 298, 299, 300], "excluded_lines": [], "start_line": 286}, "": {"executed_lines": [8, 9, 10, 12, 14, 15, 17, 20, 29, 34, 114, 194, 231, 267, 286], "summary": {"covered_lines": 15, "num_statements": 15, "percent_covered": 100.0, "percent_covered_display": "100", "missing_lines": 0, "excluded_lines": 0, "percent_statements_covered": 100.0, "percent_statements_covered_display": "100"}, "missing_lines": [], "excluded_lines": [], "start_line": 1}}, "classes": {"WebScraperTool": {"executed_lines": [], "summary": {"covered_lines": 0, "num_statements": 110, "percent_covered": 0.0, "percent_covered_display": "0", "missing_lines": 110, "excluded_lines": 0, "percent_statements_covered": 0.0, "percent_statements_covered_display": "0"}, "missing_lines": [30, 31, 32, 51, 52, 53, 55, 57, 59, 61, 66, 72, 77, 78, 81, 82, 84, 86, 87, 88, 89, 90, 92, 102, 104, 105, 107, 108, 109, 110, 111, 112, 131, 132, 133, 135, 136, 137, 142, 152, 158, 159, 162, 163, 165, 167, 168, 169, 170, 172, 182, 184, 185, 187, 188, 189, 190, 191, 192, 211, 213, 219, 220, 222, 223, 224, 225, 226, 227, 229, 233, 236, 237, 238, 240, 241, 243, 252, 253, 255, 256, 257, 261, 263, 264, 265, 269, 270, 272, 274, 275, 276, 277, 279, 280, 281, 282, 283, 284, 288, 289, 291, 293, 294, 295, 296, 297, 298, 299, 300], "excluded_lines": [], "start_line": 20}, "": {"executed_lines": [8, 9, 10, 12, 14, 15, 17, 20, 29, 34, 114, 194, 231, 267, 286], "summary": {"covered_lines": 15, "num_statements": 15, "percent_covered": 100.0, "percent_covered_display": "100", "missing_lines": 0, "excluded_lines": 0, "percent_statements_covered": 100.0, "percent_statements_covered_display": "100"}, "missing_lines": [], "excluded_lines": [], "start_line": 1}}}, "validators\\__init__.py": {"executed_lines": [], "summary": {"covered_lines": 0, "num_statements": 3, "percent_covered": 0.0, "percent_covered_display": "0", "missing_lines": 3, "excluded_lines": 0, "percent_statements_covered": 0.0, "percent_statements_covered_display": "0"}, "missing_lines": [3, 4, 6], "excluded_lines": [], "functions": {"": {"executed_lines": [], "summary": {"covered_lines": 0, "num_statements": 3, "percent_covered": 0.0, "percent_covered_display": "0", "missing_lines": 3, "excluded_lines": 0, "percent_statements_covered": 0.0, "percent_statements_covered_display": "0"}, "missing_lines": [3, 4, 6], "excluded_lines": [], "start_line": 1}}, "classes": {"": {"executed_lines": [], "summary": {"covered_lines": 0, "num_statements": 3, "percent_covered": 0.0, "percent_covered_display": "0", "missing_lines": 3, "excluded_lines": 0, "percent_statements_covered": 0.0, "percent_statements_covered_display": "0"}, "missing_lines": [3, 4, 6], "excluded_lines": [], "start_line": 1}}}, "validators\\ieee_validator.py": {"executed_lines": [], "summary": {"covered_lines": 0, "num_statements": 56, "percent_covered": 0.0, "percent_covered_display": "0", "missing_lines": 56, "excluded_lines": 0, "percent_statements_covered": 0.0, "percent_statements_covered_display": "0"}, "missing_lines": [8, 9, 10, 12, 15, 16, 27, 35, 42, 53, 55, 58, 60, 63, 65, 68, 72, 73, 74, 75, 77, 79, 80, 81, 82, 83, 84, 86, 89, 90, 91, 92, 94, 96, 97, 98, 99, 102, 103, 105, 107, 118, 120, 121, 122, 123, 125, 126, 127, 129, 130, 131, 133, 134, 135, 137], "excluded_lines": [], "functions": {"validate_hrs": {"executed_lines": [], "summary": {"covered_lines": 0, "num_statements": 1, "percent_covered": 0.0, "percent_covered_display": "0", "missing_lines": 1, "excluded_lines": 0, "percent_statements_covered": 0.0, "percent_statements_covered_display": "0"}, "missing_lines": [55], "excluded_lines": [], "start_line": 53}, "validate_srs": {"executed_lines": [], "summary": {"covered_lines": 0, "num_statements": 1, "percent_covered": 0.0, "percent_covered_display": "0", "missing_lines": 1, "excluded_lines": 0, "percent_statements_covered": 0.0, "percent_statements_covered_display": "0"}, "missing_lines": [60], "excluded_lines": [], "start_line": 58}, "validate_sdd": {"executed_lines": [], "summary": {"covered_lines": 0, "num_statements": 1, "percent_covered": 0.0, "percent_covered_display": "0", "missing_lines": 1, "excluded_lines": 0, "percent_statements_covered": 0.0, "percent_statements_covered_display": "0"}, "missing_lines": [65], "excluded_lines": [], "start_line": 63}, "_validate_document": {"executed_lines": [], "summary": {"covered_lines": 0, "num_statements": 25, "percent_covered": 0.0, "percent_covered_display": "0", "missing_lines": 25, "excluded_lines": 0, "percent_statements_covered": 0.0, "percent_statements_covered_display": "0"}, "missing_lines": [72, 73, 74, 75, 77, 79, 80, 81, 82, 83, 84, 86, 89, 90, 91, 92, 94, 96, 97, 98, 99, 102, 103, 105, 107], "excluded_lines": [], "start_line": 68}, "validate_all": {"executed_lines": [], "summary": {"covered_lines": 0, "num_statements": 14, "percent_covered": 0.0, "percent_covered_display": "0", "missing_lines": 14, "excluded_lines": 0, "percent_statements_covered": 0.0, "percent_statements_covered_display": "0"}, "missing_lines": [120, 121, 122, 123, 125, 126, 127, 129, 130, 131, 133, 134, 135, 137], "excluded_lines": [], "start_line": 118}, "": {"executed_lines": [], "summary": {"covered_lines": 0, "num_statements": 14, "percent_covered": 0.0, "percent_covered_display": "0", "missing_lines": 14, "excluded_lines": 0, "percent_statements_covered": 0.0, "percent_statements_covered_display": "0"}, "missing_lines": [8, 9, 10, 12, 15, 16, 27, 35, 42, 53, 58, 63, 68, 118], "excluded_lines": [], "start_line": 1}}, "classes": {"ValidationResult": {"executed_lines": [], "summary": {"covered_lines": 0, "num_statements": 0, "percent_covered": 100.0, "percent_covered_display": "100", "missing_lines": 0, "excluded_lines": 0, "percent_statements_covered": 100.0, "percent_statements_covered_display": "100"}, "missing_lines": [], "excluded_lines": [], "start_line": 16}, "": {"executed_lines": [], "summary": {"covered_lines": 0, "num_statements": 56, "percent_covered": 0.0, "percent_covered_display": "0", "missing_lines": 56, "excluded_lines": 0, "percent_statements_covered": 0.0, "percent_statements_covered_display": "0"}, "missing_lines": [8, 9, 10, 12, 15, 16, 27, 35, 42, 53, 55, 58, 60, 63, 65, 68, 72, 73, 74, 75, 77, 79, 80, 81, 82, 83, 84, 86, 89, 90, 91, 92, 94, 96, 97, 98, 99, 102, 103, 105, 107, 118, 120, 121, 122, 123, 125, 126, 127, 129, 130, 131, 133, 134, 135, 137], "excluded_lines": [], "start_line": 1}}}, "validators\\netlist_validator.py": {"executed_lines": [], "summary": {"covered_lines": 0, "num_statements": 79, "percent_covered": 0.0, "percent_covered_display": "0", "missing_lines": 79, "excluded_lines": 0, "percent_statements_covered": 0.0, "percent_statements_covered_display": "0"}, "missing_lines": [3, 4, 6, 8, 9, 10, 11, 12, 13, 16, 19, 20, 21, 22, 23, 25, 27, 28, 29, 31, 32, 35, 38, 39, 40, 41, 42, 44, 52, 54, 55, 57, 59, 60, 62, 63, 70, 72, 74, 75, 77, 78, 79, 80, 81, 82, 83, 85, 87, 88, 90, 91, 92, 93, 95, 97, 98, 100, 101, 102, 104, 106, 108, 110, 113, 115, 117, 118, 120, 121, 122, 123, 125, 131, 132, 134, 135, 137, 138], "excluded_lines": [], "functions": {"NetlistValidator.__init__": {"executed_lines": [], "summary": {"covered_lines": 0, "num_statements": 4, "percent_covered": 0.0, "percent_covered_display": "0", "missing_lines": 4, "excluded_lines": 0, "percent_statements_covered": 0.0, "percent_statements_covered_display": "0"}, "missing_lines": [20, 21, 22, 23], "excluded_lines": [], "start_line": 19}, "NetlistValidator.validate": {"executed_lines": [], "summary": {"covered_lines": 0, "num_statements": 12, "percent_covered": 0.0, "percent_covered_display": "0", "missing_lines": 12, "excluded_lines": 0, "percent_statements_covered": 0.0, "percent_statements_covered_display": "0"}, "missing_lines": [27, 28, 29, 31, 32, 35, 38, 39, 40, 41, 42, 44], "excluded_lines": [], "start_line": 25}, "NetlistValidator._build_graph": {"executed_lines": [], "summary": {"covered_lines": 0, "num_statements": 8, "percent_covered": 0.0, "percent_covered_display": "0", "missing_lines": 8, "excluded_lines": 0, "percent_statements_covered": 0.0, "percent_statements_covered_display": "0"}, "missing_lines": [54, 55, 57, 59, 60, 62, 63, 70], "excluded_lines": [], "start_line": 52}, "NetlistValidator._check_cycles": {"executed_lines": [], "summary": {"covered_lines": 0, "num_statements": 9, "percent_covered": 0.0, "percent_covered_display": "0", "missing_lines": 9, "excluded_lines": 0, "percent_statements_covered": 0.0, "percent_statements_covered_display": "0"}, "missing_lines": [74, 75, 77, 78, 79, 80, 81, 82, 83], "excluded_lines": [], "start_line": 72}, "NetlistValidator._check_isolated_nodes": {"executed_lines": [], "summary": {"covered_lines": 0, "num_statements": 6, "percent_covered": 0.0, "percent_covered_display": "0", "missing_lines": 6, "excluded_lines": 0, "percent_statements_covered": 0.0, "percent_statements_covered_display": "0"}, "missing_lines": [87, 88, 90, 91, 92, 93], "excluded_lines": [], "start_line": 85}, "NetlistValidator._check_connectivity": {"executed_lines": [], "summary": {"covered_lines": 0, "num_statements": 5, "percent_covered": 0.0, "percent_covered_display": "0", "missing_lines": 5, "excluded_lines": 0, "percent_statements_covered": 0.0, "percent_statements_covered_display": "0"}, "missing_lines": [97, 98, 100, 101, 102], "excluded_lines": [], "start_line": 95}, "NetlistValidator._check_pin_compatibility": {"executed_lines": [], "summary": {"covered_lines": 0, "num_statements": 2, "percent_covered": 0.0, "percent_covered_display": "0", "missing_lines": 2, "excluded_lines": 0, "percent_statements_covered": 0.0, "percent_statements_covered_display": "0"}, "missing_lines": [106, 108], "excluded_lines": [], "start_line": 104}, "NetlistValidator._check_power_domains": {"executed_lines": [], "summary": {"covered_lines": 0, "num_statements": 1, "percent_covered": 0.0, "percent_covered_display": "0", "missing_lines": 1, "excluded_lines": 0, "percent_statements_covered": 0.0, "percent_statements_covered_display": "0"}, "missing_lines": [113], "excluded_lines": [], "start_line": 110}, "NetlistValidator._get_stats": {"executed_lines": [], "summary": {"covered_lines": 0, "num_statements": 7, "percent_covered": 0.0, "percent_covered_display": "0", "missing_lines": 7, "excluded_lines": 0, "percent_statements_covered": 0.0, "percent_statements_covered_display": "0"}, "missing_lines": [117, 118, 120, 121, 122, 123, 125], "excluded_lines": [], "start_line": 115}, "NetlistValidator._add_error": {"executed_lines": [], "summary": {"covered_lines": 0, "num_statements": 1, "percent_covered": 0.0, "percent_covered_display": "0", "missing_lines": 1, "excluded_lines": 0, "percent_statements_covered": 0.0, "percent_statements_covered_display": "0"}, "missing_lines": [132], "excluded_lines": [], "start_line": 131}, "NetlistValidator._add_warning": {"executed_lines": [], "summary": {"covered_lines": 0, "num_statements": 1, "percent_covered": 0.0, "percent_covered_display": "0", "missing_lines": 1, "excluded_lines": 0, "percent_statements_covered": 0.0, "percent_statements_covered_display": "0"}, "missing_lines": [135], "excluded_lines": [], "start_line": 134}, "NetlistValidator._add_info": {"executed_lines": [], "summary": {"covered_lines": 0, "num_statements": 1, "percent_covered": 0.0, "percent_covered_display": "0", "missing_lines": 1, "excluded_lines": 0, "percent_statements_covered": 0.0, "percent_statements_covered_display": "0"}, "missing_lines": [138], "excluded_lines": [], "start_line": 137}, "": {"executed_lines": [], "summary": {"covered_lines": 0, "num_statements": 22, "percent_covered": 0.0, "percent_covered_display": "0", "missing_lines": 22, "excluded_lines": 0, "percent_statements_covered": 0.0, "percent_statements_covered_display": "0"}, "missing_lines": [3, 4, 6, 8, 9, 10, 11, 12, 13, 16, 19, 25, 52, 72, 85, 95, 104, 110, 115, 131, 134, 137], "excluded_lines": [], "start_line": 1}}, "classes": {"NetlistValidator": {"executed_lines": [], "summary": {"covered_lines": 0, "num_statements": 57, "percent_covered": 0.0, "percent_covered_display": "0", "missing_lines": 57, "excluded_lines": 0, "percent_statements_covered": 0.0, "percent_statements_covered_display": "0"}, "missing_lines": [20, 21, 22, 23, 27, 28, 29, 31, 32, 35, 38, 39, 40, 41, 42, 44, 54, 55, 57, 59, 60, 62, 63, 70, 74, 75, 77, 78, 79, 80, 81, 82, 83, 87, 88, 90, 91, 92, 93, 97, 98, 100, 101, 102, 106, 108, 113, 117, 118, 120, 121, 122, 123, 125, 132, 135, 138], "excluded_lines": [], "start_line": 16}, "": {"executed_lines": [], "summary": {"covered_lines": 0, "num_statements": 22, "percent_covered": 0.0, "percent_covered_display": "0", "missing_lines": 22, "excluded_lines": 0, "percent_statements_covered": 0.0, "percent_statements_covered_display": "0"}, "missing_lines": [3, 4, 6, 8, 9, 10, 11, 12, 13, 16, 19, 25, 52, 72, 85, 95, 104, 110, 115, 131, 134, 137], "excluded_lines": [], "start_line": 1}}}}, "totals": {"covered_lines": 1185, "num_statements": 3630, "percent_covered": 32.64462809917355, "percent_covered_display": "33", "missing_lines": 2445, "excluded_lines": 25, "percent_statements_covered": 32.64462809917355, "percent_statements_covered_display": "33"}}