{"meta": {"format": 3, "version": "7.13.4", "timestamp": "2026-02-20T07:02:25.451047", "branch_coverage": false, "show_contexts": false}, "files": {"agents\\__init__.py": {"executed_lines": [1, 2, 4], "summary": {"covered_lines": 3, "num_statements": 3, "percent_covered": 100.0, "percent_covered_display": "100", "missing_lines": 0, "excluded_lines": 0, "percent_statements_covered": 100.0, "percent_statements_covered_display": "100"}, "missing_lines": [], "excluded_lines": [], "functions": {"": {"executed_lines": [1, 2, 4], "summary": {"covered_lines": 3, "num_statements": 3, "percent_covered": 100.0, "percent_covered_display": "100", "missing_lines": 0, "excluded_lines": 0, "percent_statements_covered": 100.0, "percent_statements_covered_display": "100"}, "missing_lines": [], "excluded_lines": [], "start_line": 1}}, "classes": {"": {"executed_lines": [1, 2, 4], "summary": {"covered_lines": 3, "num_statements": 3, "percent_covered": 100.0, "percent_covered_display": "100", "missing_lines": 0, "excluded_lines": 0, "percent_statements_covered": 100.0, "percent_statements_covered_display": "100"}, "missing_lines": [], "excluded_lines": [], "start_line": 1}}}, "agents\\base_agent.py": {"executed_lines": [11, 12, 13, 14, 16, 17, 19, 21, 24, 35, 44, 45, 46, 47, 48, 49, 52, 53, 54, 59, 80, 94, 95, 96, 97, 100, 102, 103, 104, 105, 108, 109, 110, 111, 112, 113, 124, 128, 138, 139, 140, 141, 142, 143, 145, 146, 148, 157, 158, 160, 165, 166, 167, 168, 170, 173, 174, 176, 177, 178, 179, 180, 186, 196, 204, 206, 207, 208, 209, 211, 212, 221, 222, 224, 234, 243, 244, 245, 246, 248, 249, 251, 252, 261, 262, 264, 265, 272, 291, 292, 293, 294, 296, 297, 302, 305, 306, 307, 311, 312, 314, 315, 321, 324, 325, 326, 327, 328, 329, 330, 335, 336, 337, 351, 354, 355, 357, 359, 360], "summary": {"covered_lines": 119, "num_statements": 129, "percent_covered": 92.24806201550388, "percent_covered_display": "92", "missing_lines": 10, "excluded_lines": 17, "percent_statements_covered": 92.24806201550388, "percent_statements_covered_display": "92"}, "missing_lines": [114, 115, 116, 117, 119, 120, 121, 122, 313, 344], "excluded_lines": [61, 62, 63, 64, 65, 66, 67, 68, 69, 70, 71, 72, 73, 75, 76, 77, 78], "functions": {"BaseAgent.__init__": {"executed_lines": [44, 45, 46, 47, 48, 49, 52, 53, 54, 59], "summary": {"covered_lines": 10, "num_statements": 10, "percent_covered": 100.0, "percent_covered_display": "100", "missing_lines": 0, "excluded_lines": 0, "percent_statements_covered": 100.0, "percent_statements_covered_display": "100"}, "missing_lines": [], "excluded_lines": [], "start_line": 35}, "BaseAgent.execute": {"executed_lines": [], "summary": {"covered_lines": 0, "num_statements": 0, "percent_covered": 100.0, "percent_covered_display": "100", "missing_lines": 0, "excluded_lines": 11, "percent_statements_covered": 100.0, "percent_statements_covered_display": "100"}, "missing_lines": [], "excluded_lines": [63, 64, 65, 66, 67, 68, 69, 70, 71, 72, 73], "start_line": 62}, "BaseAgent.get_system_prompt": {"executed_lines": [], "summary": {"covered_lines": 0, "num_statements": 0, "percent_covered": 100.0, "percent_covered_display": "100", "missing_lines": 0, "excluded_lines": 2, "percent_statements_covered": 100.0, "percent_statements_covered_display": "100"}, "missing_lines": [], "excluded_lines": [77, 78], "start_line": 76}, "BaseAgent.call_llm": {"executed_lines": [94, 95, 96, 97, 100, 102, 103, 104, 105, 108, 109, 110, 111, 112, 113, 124], "summary": {"covered_lines": 16, "num_statements": 24, "percent_covered": 66.66666666666667, "percent_covered_display": "67", "missing_lines": 8, "excluded_lines": 0, "percent_statements_covered": 66.66666666666667, "percent_statements_covered_display": "67"}, "missing_lines": [114, 115, 116, 117, 119, 120, 121, 122], "excluded_lines": [], "start_line": 80}, "BaseAgent._call_model": {"executed_lines": [138, 139, 140, 141, 142, 143, 145, 146], "summary": {"covered_lines": 8, "num_statements": 8, "percent_covered": 100.0, "percent_covered_display": "100", "missing_lines": 0, "excluded_lines": 0, "percent_statements_covered": 100.0, "percent_statements_covered_display": "100"}, "missing_lines": [], "excluded_lines": [], "start_line": 128}, "BaseAgent._call_anthropic": {"executed_lines": [157, 158, 160, 165, 166, 167, 168, 170, 173, 174, 176, 177, 178, 179, 180, 186], "summary": {"covered_lines": 16, "num_statements": 16, "percent_covered": 100.0, "percent_covered_display": "100", "missing_lines": 0, "excluded_lines": 0, "percent_statements_covered": 100.0, "percent_statements_covered_display": "100"}, "missing_lines": [], "excluded_lines": [], "start_line": 148}, "BaseAgent._call_ollama": {"executed_lines": [204, 206, 207, 208, 209, 211, 212, 221, 222, 224], "summary": {"covered_lines": 10, "num_statements": 10, "percent_covered": 100.0, "percent_covered_display": "100", "missing_lines": 0, "excluded_lines": 0, "percent_statements_covered": 100.0, "percent_statements_covered_display": "100"}, "missing_lines": [], "excluded_lines": [], "start_line": 196}, "BaseAgent._call_glm": {"executed_lines": [243, 244, 245, 246, 248, 249, 251, 252, 261, 262, 264, 265], "summary": {"covered_lines": 12, "num_statements": 12, "percent_covered": 100.0, "percent_covered_display": "100", "missing_lines": 0, "excluded_lines": 0, "percent_statements_covered": 100.0, "percent_statements_covered_display": "100"}, "missing_lines": [], "excluded_lines": [], "start_line": 234}, "BaseAgent.call_llm_with_tools": {"executed_lines": [291, 292, 293, 294, 296, 297, 302, 305, 306, 307, 311, 312, 314, 315, 321, 324, 325, 326, 327, 328, 329, 330, 335, 336, 337, 351, 354, 355], "summary": {"covered_lines": 28, "num_statements": 30, "percent_covered": 93.33333333333333, "percent_covered_display": "93", "missing_lines": 2, "excluded_lines": 0, "percent_statements_covered": 93.33333333333333, "percent_statements_covered_display": "93"}, "missing_lines": [313, 344], "excluded_lines": [], "start_line": 272}, "BaseAgent.log": {"executed_lines": [359, 360], "summary": {"covered_lines": 2, "num_statements": 2, "percent_covered": 100.0, "percent_covered_display": "100", "missing_lines": 0, "excluded_lines": 0, "percent_statements_covered": 100.0, "percent_statements_covered_display": "100"}, "missing_lines": [], "excluded_lines": [], "start_line": 357}, "": {"executed_lines": [11, 12, 13, 14, 16, 17, 19, 21, 24, 35, 80, 128, 148, 196, 234, 272, 357], "summary": {"covered_lines": 17, "num_statements": 17, "percent_covered": 100.0, "percent_covered_display": "100", "missing_lines": 0, "excluded_lines": 4, "percent_statements_covered": 100.0, "percent_statements_covered_display": "100"}, "missing_lines": [], "excluded_lines": [61, 62, 75, 76], "start_line": 1}}, "classes": {"BaseAgent": {"executed_lines": [44, 45, 46, 47, 48, 49, 52, 53, 54, 59, 94, 95, 96, 97, 100, 102, 103, 104, 105, 108, 109, 110, 111, 112, 113, 124, 138, 139, 140, 141, 142, 143, 145, 146, 157, 158, 160, 165, 166, 167, 168, 170, 173, 174, 176, 177, 178, 179, 180, 186, 204, 206, 207, 208, 209, 211, 212, 221, 222, 224, 243, 244, 245, 246, 248, 249, 251, 252, 261, 262, 264, 265, 291, 292, 293, 294, 296, 297, 302, 305, 306, 307, 311, 312, 314, 315, 321, 324, 325, 326, 327, 328, 329, 330, 335, 336, 337, 351, 354, 355, 359, 360], "summary": {"covered_lines": 102, "num_statements": 112, "percent_covered": 91.07142857142857, "percent_covered_display": "91", "missing_lines": 10, "excluded_lines": 13, "percent_statements_covered": 91.07142857142857, "percent_statements_covered_display": "91"}, "missing_lines": [114, 115, 116, 117, 119, 120, 121, 122, 313, 344], "excluded_lines": [63, 64, 65, 66, 67, 68, 69, 70, 71, 72, 73, 77, 78], "start_line": 24}, "": {"executed_lines": [11, 12, 13, 14, 16, 17, 19, 21, 24, 35, 80, 128, 148, 196, 234, 272, 357], "summary": {"covered_lines": 17, "num_statements": 17, "percent_covered": 100.0, "percent_covered_display": "100", "missing_lines": 0, "excluded_lines": 4, "percent_statements_covered": 100.0, "percent_statements_covered_display": "100"}, "missing_lines": [], "excluded_lines": [61, 62, 75, 76], "start_line": 1}}}, "agents\\code_agent.py": {"executed_lines": [8, 9, 11, 12, 14, 16, 61, 64, 65, 72, 73, 75, 76, 77, 78, 81, 82, 83, 85, 86, 92, 115, 120, 123, 124, 132, 135, 138, 139, 140, 143, 144, 145, 146, 148, 150, 156, 158, 174, 179, 181, 183, 184, 185, 188, 189, 190, 192, 193, 195, 196, 197, 198, 200, 202, 203, 204, 205], "summary": {"covered_lines": 58, "num_statements": 58, "percent_covered": 100.0, "percent_covered_display": "100", "missing_lines": 0, "excluded_lines": 0, "percent_statements_covered": 100.0, "percent_statements_covered_display": "100"}, "missing_lines": [], "excluded_lines": [], "functions": {"CodeAgent.__init__": {"executed_lines": [65], "summary": {"covered_lines": 1, "num_statements": 1, "percent_covered": 100.0, "percent_covered_display": "100", "missing_lines": 0, "excluded_lines": 0, "percent_statements_covered": 100.0, "percent_statements_covered_display": "100"}, "missing_lines": [], "excluded_lines": [], "start_line": 64}, "CodeAgent.get_system_prompt": {"executed_lines": [73], "summary": {"covered_lines": 1, "num_statements": 1, "percent_covered": 100.0, "percent_covered_display": "100", "missing_lines": 0, "excluded_lines": 0, "percent_statements_covered": 100.0, "percent_statements_covered_display": "100"}, "missing_lines": [], "excluded_lines": [], "start_line": 72}, "CodeAgent.execute": {"executed_lines": [76, 77, 78, 81, 82, 83, 85, 86, 92, 115, 120, 123, 124, 132, 135, 138, 139, 140, 143, 144, 145, 146, 148, 150], "summary": {"covered_lines": 24, "num_statements": 24, "percent_covered": 100.0, "percent_covered_display": "100", "missing_lines": 0, "excluded_lines": 0, "percent_statements_covered": 100.0, "percent_statements_covered_display": "100"}, "missing_lines": [], "excluded_lines": [], "start_line": 75}, "CodeAgent._generate_review": {"executed_lines": [158, 174, 179], "summary": {"covered_lines": 3, "num_statements": 3, "percent_covered": 100.0, "percent_covered_display": "100", "missing_lines": 0, "excluded_lines": 0, "percent_statements_covered": 100.0, "percent_statements_covered_display": "100"}, "missing_lines": [], "excluded_lines": [], "start_line": 156}, "CodeAgent._parse_and_save_files": {"executed_lines": [183, 184, 185, 188, 189, 190, 192, 193, 195, 196, 197, 198, 200], "summary": {"covered_lines": 13, "num_statements": 13, "percent_covered": 100.0, "percent_covered_display": "100", "missing_lines": 0, "excluded_lines": 0, "percent_statements_covered": 100.0, "percent_statements_covered_display": "100"}, "missing_lines": [], "excluded_lines": [], "start_line": 181}, "CodeAgent._load_file": {"executed_lines": [203, 204, 205], "summary": {"covered_lines": 3, "num_statements": 3, "percent_covered": 100.0, "percent_covered_display": "100", "missing_lines": 0, "excluded_lines": 0, "percent_statements_covered": 100.0, "percent_statements_covered_display": "100"}, "missing_lines": [], "excluded_lines": [], "start_line": 202}, "": {"executed_lines": [8, 9, 11, 12, 14, 16, 61, 64, 72, 75, 156, 181, 202], "summary": {"covered_lines": 13, "num_statements": 13, "percent_covered": 100.0, "percent_covered_display": "100", "missing_lines": 0, "excluded_lines": 0, "percent_statements_covered": 100.0, "percent_statements_covered_display": "100"}, "missing_lines": [], "excluded_lines": [], "start_line": 1}}, "classes": {"CodeAgent": {"executed_lines": [65, 73, 76, 77, 78, 81, 82, 83, 85, 86, 92, 115, 120, 123, 124, 132, 135, 138, 139, 140, 143, 144, 145, 146, 148, 150, 158, 174, 179, 183, 184, 185, 188, 189, 190, 192, 193, 195, 196, 197, 198, 200, 203, 204, 205], "summary": {"covered_lines": 45, "num_statements": 45, "percent_covered": 100.0, "percent_covered_display": "100", "missing_lines": 0, "excluded_lines": 0, "percent_statements_covered": 100.0, "percent_statements_covered_display": "100"}, "missing_lines": [], "excluded_lines": [], "start_line": 61}, "": {"executed_lines": [8, 9, 11, 12, 14, 16, 61, 64, 72, 75, 156, 181, 202], "summary": {"covered_lines": 13, "num_statements": 13, "percent_covered": 100.0, "percent_covered_display": "100", "missing_lines": 0, "excluded_lines": 0, "percent_statements_covered": 100.0, "percent_statements_covered_display": "100"}, "missing_lines": [], "excluded_lines": [], "start_line": 1}}}, "agents\\compliance_agent.py": {"executed_lines": [8, 9, 11, 12, 14, 16, 37, 40, 41, 48, 49, 51, 52, 53, 54, 57, 58, 59, 60, 63, 64, 65, 66, 68, 69, 75, 92, 97, 100, 101, 103, 105], "summary": {"covered_lines": 32, "num_statements": 32, "percent_covered": 100.0, "percent_covered_display": "100", "missing_lines": 0, "excluded_lines": 0, "percent_statements_covered": 100.0, "percent_statements_covered_display": "100"}, "missing_lines": [], "excluded_lines": [], "functions": {"ComplianceAgent.__init__": {"executed_lines": [41], "summary": {"covered_lines": 1, "num_statements": 1, "percent_covered": 100.0, "percent_covered_display": "100", "missing_lines": 0, "excluded_lines": 0, "percent_statements_covered": 100.0, "percent_statements_covered_display": "100"}, "missing_lines": [], "excluded_lines": [], "start_line": 40}, "ComplianceAgent.get_system_prompt": {"executed_lines": [49], "summary": {"covered_lines": 1, "num_statements": 1, "percent_covered": 100.0, "percent_covered_display": "100", "missing_lines": 0, "excluded_lines": 0, "percent_statements_covered": 100.0, "percent_statements_covered_display": "100"}, "missing_lines": [], "excluded_lines": [], "start_line": 48}, "ComplianceAgent.execute": {"executed_lines": [52, 53, 54, 57, 58, 59, 60, 63, 64, 65, 66, 68, 69, 75, 92, 97, 100, 101, 103, 105], "summary": {"covered_lines": 20, "num_statements": 20, "percent_covered": 100.0, "percent_covered_display": "100", "missing_lines": 0, "excluded_lines": 0, "percent_statements_covered": 100.0, "percent_statements_covered_display": "100"}, "missing_lines": [], "excluded_lines": [], "start_line": 51}, "": {"executed_lines": [8, 9, 11, 12, 14, 16, 37, 40, 48, 51], "summary": {"covered_lines": 10, "num_statements": 10, "percent_covered": 100.0, "percent_covered_display": "100", "missing_lines": 0, "excluded_lines": 0, "percent_statements_covered": 100.0, "percent_statements_covered_display": "100"}, "missing_lines": [], "excluded_lines": [], "start_line": 1}}, "classes": {"ComplianceAgent": {"executed_lines": [41, 49, 52, 53, 54, 57, 58, 59, 60, 63, 64, 65, 66, 68, 69, 75, 92, 97, 100, 101, 103, 105], "summary": {"covered_lines": 22, "num_statements": 22, "percent_covered": 100.0, "percent_covered_display": "100", "missing_lines": 0, "excluded_lines": 0, "percent_statements_covered": 100.0, "percent_statements_covered_display": "100"}, "missing_lines": [], "excluded_lines": [], "start_line": 37}, "": {"executed_lines": [8, 9, 11, 12, 14, 16, 37, 40, 48, 51], "summary": {"covered_lines": 10, "num_statements": 10, "percent_covered": 100.0, "percent_covered_display": "100", "missing_lines": 0, "excluded_lines": 0, "percent_statements_covered": 100.0, "percent_statements_covered_display": "100"}, "missing_lines": [], "excluded_lines": [], "start_line": 1}}}, "agents\\document_agent.py": {"executed_lines": [8, 9, 10, 12, 13, 15, 17, 79, 82, 83, 90, 91, 93, 94, 95, 96, 99, 100, 101, 102, 104, 105, 112, 133, 136, 137, 139, 141, 147, 149, 151, 156, 159, 160, 161, 169, 171, 173, 175, 176, 177], "summary": {"covered_lines": 41, "num_statements": 41, "percent_covered": 100.0, "percent_covered_display": "100", "missing_lines": 0, "excluded_lines": 0, "percent_statements_covered": 100.0, "percent_statements_covered_display": "100"}, "missing_lines": [], "excluded_lines": [], "functions": {"DocumentAgent.__init__": {"executed_lines": [83], "summary": {"covered_lines": 1, "num_statements": 1, "percent_covered": 100.0, "percent_covered_display": "100", "missing_lines": 0, "excluded_lines": 0, "percent_statements_covered": 100.0, "percent_statements_covered_display": "100"}, "missing_lines": [], "excluded_lines": [], "start_line": 82}, "DocumentAgent.get_system_prompt": {"executed_lines": [91], "summary": {"covered_lines": 1, "num_statements": 1, "percent_covered": 100.0, "percent_covered_display": "100", "missing_lines": 0, "excluded_lines": 0, "percent_statements_covered": 100.0, "percent_statements_covered_display": "100"}, "missing_lines": [], "excluded_lines": [], "start_line": 90}, "DocumentAgent.execute": {"executed_lines": [94, 95, 96, 99, 100, 101, 102, 104, 105, 112, 133, 136, 137, 139, 141], "summary": {"covered_lines": 15, "num_statements": 15, "percent_covered": 100.0, "percent_covered_display": "100", "missing_lines": 0, "excluded_lines": 0, "percent_statements_covered": 100.0, "percent_statements_covered_display": "100"}, "missing_lines": [], "excluded_lines": [], "start_line": 93}, "DocumentAgent._generate_hrs": {"executed_lines": [149, 151, 156, 159, 160, 161, 169, 171], "summary": {"covered_lines": 8, "num_statements": 8, "percent_covered": 100.0, "percent_covered_display": "100", "missing_lines": 0, "excluded_lines": 0, "percent_statements_covered": 100.0, "percent_statements_covered_display": "100"}, "missing_lines": [], "excluded_lines": [], "start_line": 147}, "DocumentAgent._load_file": {"executed_lines": [175, 176, 177], "summary": {"covered_lines": 3, "num_statements": 3, "percent_covered": 100.0, "percent_covered_display": "100", "missing_lines": 0, "excluded_lines": 0, "percent_statements_covered": 100.0, "percent_statements_covered_display": "100"}, "missing_lines": [], "excluded_lines": [], "start_line": 173}, "": {"executed_lines": [8, 9, 10, 12, 13, 15, 17, 79, 82, 90, 93, 147, 173], "summary": {"covered_lines": 13, "num_statements": 13, "percent_covered": 100.0, "percent_covered_display": "100", "missing_lines": 0, "excluded_lines": 0, "percent_statements_covered": 100.0, "percent_statements_covered_display": "100"}, "missing_lines": [], "excluded_lines": [], "start_line": 1}}, "classes": {"DocumentAgent": {"executed_lines": [83, 91, 94, 95, 96, 99, 100, 101, 102, 104, 105, 112, 133, 136, 137, 139, 141, 149, 151, 156, 159, 160, 161, 169, 171, 175, 176, 177], "summary": {"covered_lines": 28, "num_statements": 28, "percent_covered": 100.0, "percent_covered_display": "100", "missing_lines": 0, "excluded_lines": 0, "percent_statements_covered": 100.0, "percent_statements_covered_display": "100"}, "missing_lines": [], "excluded_lines": [], "start_line": 79}, "": {"executed_lines": [8, 9, 10, 12, 13, 15, 17, 79, 82, 90, 93, 147, 173], "summary": {"covered_lines": 13, "num_statements": 13, "percent_covered": 100.0, "percent_covered_display": "100", "missing_lines": 0, "excluded_lines": 0, "percent_statements_covered": 100.0, "percent_statements_covered_display": "100"}, "missing_lines": [], "excluded_lines": [], "start_line": 1}}}, "agents\\glr_agent.py": {"executed_lines": [7, 8, 10, 11, 13, 15, 56, 59, 60, 67, 68, 70, 71, 72, 73, 76, 77, 78, 80, 96, 101, 102, 103, 105, 107, 113, 114, 115, 116], "summary": {"covered_lines": 29, "num_statements": 29, "percent_covered": 100.0, "percent_covered_display": "100", "missing_lines": 0, "excluded_lines": 0, "percent_statements_covered": 100.0, "percent_statements_covered_display": "100"}, "missing_lines": [], "excluded_lines": [], "functions": {"GLRAgent.__init__": {"executed_lines": [60], "summary": {"covered_lines": 1, "num_statements": 1, "percent_covered": 100.0, "percent_covered_display": "100", "missing_lines": 0, "excluded_lines": 0, "percent_statements_covered": 100.0, "percent_statements_covered_display": "100"}, "missing_lines": [], "excluded_lines": [], "start_line": 59}, "GLRAgent.get_system_prompt": {"executed_lines": [68], "summary": {"covered_lines": 1, "num_statements": 1, "percent_covered": 100.0, "percent_covered_display": "100", "missing_lines": 0, "excluded_lines": 0, "percent_statements_covered": 100.0, "percent_statements_covered_display": "100"}, "missing_lines": [], "excluded_lines": [], "start_line": 67}, "GLRAgent.execute": {"executed_lines": [71, 72, 73, 76, 77, 78, 80, 96, 101, 102, 103, 105, 107], "summary": {"covered_lines": 13, "num_statements": 13, "percent_covered": 100.0, "percent_covered_display": "100", "missing_lines": 0, "excluded_lines": 0, "percent_statements_covered": 100.0, "percent_statements_covered_display": "100"}, "missing_lines": [], "excluded_lines": [], "start_line": 70}, "GLRAgent._load_file": {"executed_lines": [114, 115, 116], "summary": {"covered_lines": 3, "num_statements": 3, "percent_covered": 100.0, "percent_covered_display": "100", "missing_lines": 0, "excluded_lines": 0, "percent_statements_covered": 100.0, "percent_statements_covered_display": "100"}, "missing_lines": [], "excluded_lines": [], "start_line": 113}, "": {"executed_lines": [7, 8, 10, 11, 13, 15, 56, 59, 67, 70, 113], "summary": {"covered_lines": 11, "num_statements": 11, "percent_covered": 100.0, "percent_covered_display": "100", "missing_lines": 0, "excluded_lines": 0, "percent_statements_covered": 100.0, "percent_statements_covered_display": "100"}, "missing_lines": [], "excluded_lines": [], "start_line": 1}}, "classes": {"GLRAgent": {"executed_lines": [60, 68, 71, 72, 73, 76, 77, 78, 80, 96, 101, 102, 103, 105, 107, 114, 115, 116], "summary": {"covered_lines": 18, "num_statements": 18, "percent_covered": 100.0, "percent_covered_display": "100", "missing_lines": 0, "excluded_lines": 0, "percent_statements_covered": 100.0, "percent_statements_covered_display": "100"}, "missing_lines": [], "excluded_lines": [], "start_line": 56}, "": {"executed_lines": [7, 8, 10, 11, 13, 15, 56, 59, 67, 70, 113], "summary": {"covered_lines": 11, "num_statements": 11, "percent_covered": 100.0, "percent_covered_display": "100", "missing_lines": 0, "excluded_lines": 0, "percent_statements_covered": 100.0, "percent_statements_covered_display": "100"}, "missing_lines": [], "excluded_lines": [], "start_line": 1}}}, "agents\\netlist_agent.py": {"executed_lines": [8, 9, 10, 12, 13, 15, 17, 54, 103, 106, 107, 115, 116, 118, 119, 120, 121, 124, 125, 126, 128, 129, 135, 156, 161, 162, 165, 166, 167, 168, 170, 172, 173, 174, 177, 178, 179, 180, 181, 184, 185, 187, 189, 195, 196, 209, 210, 212, 213, 214, 220, 221, 226, 228, 230, 231, 233, 234, 235, 236, 237, 243, 246, 248, 260, 261, 262, 263], "summary": {"covered_lines": 68, "num_statements": 75, "percent_covered": 90.66666666666667, "percent_covered_display": "91", "missing_lines": 7, "excluded_lines": 0, "percent_statements_covered": 90.66666666666667, "percent_statements_covered_display": "91"}, "missing_lines": [222, 223, 224, 255, 256, 257, 258], "excluded_lines": [], "functions": {"NetlistAgent.__init__": {"executed_lines": [107], "summary": {"covered_lines": 1, "num_statements": 1, "percent_covered": 100.0, "percent_covered_display": "100", "missing_lines": 0, "excluded_lines": 0, "percent_statements_covered": 100.0, "percent_statements_covered_display": "100"}, "missing_lines": [], "excluded_lines": [], "start_line": 106}, "NetlistAgent.get_system_prompt": {"executed_lines": [116], "summary": {"covered_lines": 1, "num_statements": 1, "percent_covered": 100.0, "percent_covered_display": "100", "missing_lines": 0, "excluded_lines": 0, "percent_statements_covered": 100.0, "percent_statements_covered_display": "100"}, "missing_lines": [], "excluded_lines": [], "start_line": 115}, "NetlistAgent.execute": {"executed_lines": [119, 120, 121, 124, 125, 126, 128, 129, 135, 156, 161, 162, 165, 166, 167, 168, 170, 172, 173, 174, 177, 178, 179, 180, 181, 184, 185, 187, 189], "summary": {"covered_lines": 29, "num_statements": 29, "percent_covered": 100.0, "percent_covered_display": "100", "missing_lines": 0, "excluded_lines": 0, "percent_statements_covered": 100.0, "percent_statements_covered_display": "100"}, "missing_lines": [], "excluded_lines": [], "start_line": 118}, "NetlistAgent._build_visual_md": {"executed_lines": [196, 209, 210, 212, 213, 214, 220, 221, 226], "summary": {"covered_lines": 9, "num_statements": 12, "percent_covered": 75.0, "percent_covered_display": "75", "missing_lines": 3, "excluded_lines": 0, "percent_statements_covered": 75.0, "percent_statements_covered_display": "75"}, "missing_lines": [222, 223, 224], "excluded_lines": [], "start_line": 195}, "NetlistAgent._validate_netlist": {"executed_lines": [230, 231, 233, 234, 235, 236, 237, 243, 246, 248], "summary": {"covered_lines": 10, "num_statements": 14, "percent_covered": 71.42857142857143, "percent_covered_display": "71", "missing_lines": 4, "excluded_lines": 0, "percent_statements_covered": 71.42857142857143, "percent_statements_covered_display": "71"}, "missing_lines": [255, 256, 257, 258], "excluded_lines": [], "start_line": 228}, "NetlistAgent._load_file": {"executed_lines": [261, 262, 263], "summary": {"covered_lines": 3, "num_statements": 3, "percent_covered": 100.0, "percent_covered_display": "100", "missing_lines": 0, "excluded_lines": 0, "percent_statements_covered": 100.0, "percent_statements_covered_display": "100"}, "missing_lines": [], "excluded_lines": [], "start_line": 260}, "": {"executed_lines": [8, 9, 10, 12, 13, 15, 17, 54, 103, 106, 115, 118, 195, 228, 260], "summary": {"covered_lines": 15, "num_statements": 15, "percent_covered": 100.0, "percent_covered_display": "100", "missing_lines": 0, "excluded_lines": 0, "percent_statements_covered": 100.0, "percent_statements_covered_display": "100"}, "missing_lines": [], "excluded_lines": [], "start_line": 1}}, "classes": {"NetlistAgent": {"executed_lines": [107, 116, 119, 120, 121, 124, 125, 126, 128, 129, 135, 156, 161, 162, 165, 166, 167, 168, 170, 172, 173, 174, 177, 178, 179, 180, 181, 184, 185, 187, 189, 196, 209, 210, 212, 213, 214, 220, 221, 226, 230, 231, 233, 234, 235, 236, 237, 243, 246, 248, 261, 262, 263], "summary": {"covered_lines": 53, "num_statements": 60, "percent_covered": 88.33333333333333, "percent_covered_display": "88", "missing_lines": 7, "excluded_lines": 0, "percent_statements_covered": 88.33333333333333, "percent_statements_covered_display": "88"}, "missing_lines": [222, 223, 224, 255, 256, 257, 258], "excluded_lines": [], "start_line": 103}, "": {"executed_lines": [8, 9, 10, 12, 13, 15, 17, 54, 103, 106, 115, 118, 195, 228, 260], "summary": {"covered_lines": 15, "num_statements": 15, "percent_covered": 100.0, "percent_covered_display": "100", "missing_lines": 0, "excluded_lines": 0, "percent_statements_covered": 100.0, "percent_statements_covered_display": "100"}, "missing_lines": [], "excluded_lines": [], "start_line": 1}}}, "agents\\orchestrator.py": {"executed_lines": [8, 9, 10, 12, 14, 15, 16, 18, 21, 24, 36, 39, 40, 42, 44, 45, 46, 47, 49, 50, 51, 52, 53, 55, 57, 65, 66, 67, 69, 72, 75, 78, 85, 86, 88, 90, 93, 94, 95, 98, 99, 102, 103, 107, 108, 110, 112, 115, 117, 118, 119, 120, 121, 122, 123, 125, 132, 133, 134, 135, 141, 144, 145, 152, 154, 157, 164, 165, 166, 171, 182, 184, 185, 186, 187, 188, 189, 190], "summary": {"covered_lines": 78, "num_statements": 82, "percent_covered": 95.1219512195122, "percent_covered_display": "95", "missing_lines": 4, "excluded_lines": 0, "percent_statements_covered": 95.1219512195122, "percent_statements_covered_display": "95"}, "missing_lines": [147, 148, 149, 150], "excluded_lines": [], "functions": {"OrchestratorAgent.__init__": {"executed_lines": [40], "summary": {"covered_lines": 1, "num_statements": 1, "percent_covered": 100.0, "percent_covered_display": "100", "missing_lines": 0, "excluded_lines": 0, "percent_statements_covered": 100.0, "percent_statements_covered_display": "100"}, "missing_lines": [], "excluded_lines": [], "start_line": 39}, "OrchestratorAgent._get_agent": {"executed_lines": [44, 45, 46, 47, 49, 50, 51, 52, 53, 55], "summary": {"covered_lines": 10, "num_statements": 10, "percent_covered": 100.0, "percent_covered_display": "100", "missing_lines": 0, "excluded_lines": 0, "percent_statements_covered": 100.0, "percent_statements_covered_display": "100"}, "missing_lines": [], "excluded_lines": [], "start_line": 42}, "OrchestratorAgent.execute_phase": {"executed_lines": [65, 66, 67, 69, 72, 75, 78, 85, 86, 88, 90, 93, 94, 95, 98, 99, 102, 103, 107, 108, 110, 112, 115, 117, 118, 119, 120, 121, 122, 123], "summary": {"covered_lines": 30, "num_statements": 30, "percent_covered": 100.0, "percent_covered_display": "100", "missing_lines": 0, "excluded_lines": 0, "percent_statements_covered": 100.0, "percent_statements_covered_display": "100"}, "missing_lines": [], "excluded_lines": [], "start_line": 57}, "OrchestratorAgent.execute_all": {"executed_lines": [132, 133, 134, 135, 141, 144, 145, 152], "summary": {"covered_lines": 8, "num_statements": 12, "percent_covered": 66.66666666666667, "percent_covered_display": "67", "missing_lines": 4, "excluded_lines": 0, "percent_statements_covered": 66.66666666666667, "percent_statements_covered_display": "67"}, "missing_lines": [147, 148, 149, 150], "excluded_lines": [], "start_line": 125}, "OrchestratorAgent._build_project_context": {"executed_lines": [157, 164, 165, 166, 171], "summary": {"covered_lines": 5, "num_statements": 5, "percent_covered": 100.0, "percent_covered_display": "100", "missing_lines": 0, "excluded_lines": 0, "percent_statements_covered": 100.0, "percent_statements_covered_display": "100"}, "missing_lines": [], "excluded_lines": [], "start_line": 154}, "OrchestratorAgent._get_next_phase": {"executed_lines": [184, 185, 186, 187, 188, 189, 190], "summary": {"covered_lines": 7, "num_statements": 7, "percent_covered": 100.0, "percent_covered_display": "100", "missing_lines": 0, "excluded_lines": 0, "percent_statements_covered": 100.0, "percent_statements_covered_display": "100"}, "missing_lines": [], "excluded_lines": [], "start_line": 182}, "": {"executed_lines": [8, 9, 10, 12, 14, 15, 16, 18, 21, 24, 36, 39, 42, 57, 125, 154, 182], "summary": {"covered_lines": 17, "num_statements": 17, "percent_covered": 100.0, "percent_covered_display": "100", "missing_lines": 0, "excluded_lines": 0, "percent_statements_covered": 100.0, "percent_statements_covered_display": "100"}, "missing_lines": [], "excluded_lines": [], "start_line": 1}}, "classes": {"OrchestratorAgent": {"executed_lines": [40, 44, 45, 46, 47, 49, 50, 51, 52, 53, 55, 65, 66, 67, 69, 72, 75, 78, 85, 86, 88, 90, 93, 94, 95, 98, 99, 102, 103, 107, 108, 110, 112, 115, 117, 118, 119, 120, 121, 122, 123, 132, 133, 134, 135, 141, 144, 145, 152, 157, 164, 165, 166, 171, 184, 185, 186, 187, 188, 189, 190], "summary": {"covered_lines": 61, "num_statements": 65, "percent_covered": 93.84615384615384, "percent_covered_display": "94", "missing_lines": 4, "excluded_lines": 0, "percent_statements_covered": 93.84615384615384, "percent_statements_covered_display": "94"}, "missing_lines": [147, 148, 149, 150], "excluded_lines": [], "start_line": 36}, "": {"executed_lines": [8, 9, 10, 12, 14, 15, 16, 18, 21, 24, 36, 39, 42, 57, 125, 154, 182], "summary": {"covered_lines": 17, "num_statements": 17, "percent_covered": 100.0, "percent_covered_display": "100", "missing_lines": 0, "excluded_lines": 0, "percent_statements_covered": 100.0, "percent_statements_covered_display": "100"}, "missing_lines": [], "excluded_lines": [], "start_line": 1}}}, "agents\\requirements_agent.py": {"executed_lines": [14, 15, 16, 17, 19, 20, 22, 24, 56, 147, 150, 151, 159, 160, 165, 173, 176, 177, 178, 183, 184, 187, 193, 194, 195, 197, 202, 210, 217, 221, 222, 223, 226, 227, 228, 229, 232, 233, 234, 235, 236, 239, 240, 241, 244, 245, 246, 249, 250, 251, 252, 254, 255, 257, 259, 273, 274, 276, 279, 280, 281, 282, 283, 285, 286, 287, 288, 289, 290, 291, 296, 298, 300, 302, 308, 309, 319, 320, 321, 322, 323, 324, 325, 328, 329, 330, 331, 332, 336, 339, 340, 341, 342, 344], "summary": {"covered_lines": 94, "num_statements": 97, "percent_covered": 96.90721649484536, "percent_covered_display": "97", "missing_lines": 3, "excluded_lines": 0, "percent_statements_covered": 96.90721649484536, "percent_statements_covered_display": "97"}, "missing_lines": [179, 180, 243], "excluded_lines": [], "functions": {"RequirementsAgent.__init__": {"executed_lines": [151], "summary": {"covered_lines": 1, "num_statements": 1, "percent_covered": 100.0, "percent_covered_display": "100", "missing_lines": 0, "excluded_lines": 0, "percent_statements_covered": 100.0, "percent_statements_covered_display": "100"}, "missing_lines": [], "excluded_lines": [], "start_line": 150}, "RequirementsAgent.get_system_prompt": {"executed_lines": [160], "summary": {"covered_lines": 1, "num_statements": 1, "percent_covered": 100.0, "percent_covered_display": "100", "missing_lines": 0, "excluded_lines": 0, "percent_statements_covered": 100.0, "percent_statements_covered_display": "100"}, "missing_lines": [], "excluded_lines": [], "start_line": 159}, "RequirementsAgent.execute": {"executed_lines": [173, 176, 177, 178, 183, 184, 187, 193, 194, 195, 197, 202, 210], "summary": {"covered_lines": 13, "num_statements": 15, "percent_covered": 86.66666666666667, "percent_covered_display": "87", "missing_lines": 2, "excluded_lines": 0, "percent_statements_covered": 86.66666666666667, "percent_statements_covered_display": "87"}, "missing_lines": [179, 180], "excluded_lines": [], "start_line": 165}, "RequirementsAgent._generate_output_files": {"executed_lines": [221, 222, 223, 226, 227, 228, 229, 232, 233, 234, 235, 236, 239, 240, 241, 244, 245, 246, 249, 250, 251, 252, 254, 255], "summary": {"covered_lines": 24, "num_statements": 25, "percent_covered": 96.0, "percent_covered_display": "96", "missing_lines": 1, "excluded_lines": 0, "percent_statements_covered": 96.0, "percent_statements_covered_display": "96"}, "missing_lines": [243], "excluded_lines": [], "start_line": 217}, "RequirementsAgent._build_requirements_md": {"executed_lines": [259, 273, 274, 276, 279, 280, 281, 282, 283, 285, 286, 287, 288, 289, 290, 291, 296, 298], "summary": {"covered_lines": 18, "num_statements": 18, "percent_covered": 100.0, "percent_covered_display": "100", "missing_lines": 0, "excluded_lines": 0, "percent_statements_covered": 100.0, "percent_statements_covered_display": "100"}, "missing_lines": [], "excluded_lines": [], "start_line": 257}, "RequirementsAgent._build_components_md": {"executed_lines": [302, 308, 309, 319, 320, 321, 322, 323, 324, 325, 328, 329, 330, 331, 332, 336, 339, 340, 341, 342, 344], "summary": {"covered_lines": 21, "num_statements": 21, "percent_covered": 100.0, "percent_covered_display": "100", "missing_lines": 0, "excluded_lines": 0, "percent_statements_covered": 100.0, "percent_statements_covered_display": "100"}, "missing_lines": [], "excluded_lines": [], "start_line": 300}, "": {"executed_lines": [14, 15, 16, 17, 19, 20, 22, 24, 56, 147, 150, 159, 165, 217, 257, 300], "summary": {"covered_lines": 16, "num_statements": 16, "percent_covered": 100.0, "percent_covered_display": "100", "missing_lines": 0, "excluded_lines": 0, "percent_statements_covered": 100.0, "percent_statements_covered_display": "100"}, "missing_lines": [], "excluded_lines": [], "start_line": 1}}, "classes": {"RequirementsAgent": {"executed_lines": [151, 160, 173, 176, 177, 178, 183, 184, 187, 193, 194, 195, 197, 202, 210, 221, 222, 223, 226, 227, 228, 229, 232, 233, 234, 235, 236, 239, 240, 241, 244, 245, 246, 249, 250, 251, 252, 254, 255, 259, 273, 274, 276, 279, 280, 281, 282, 283, 285, 286, 287, 288, 289, 290, 291, 296, 298, 302, 308, 309, 319, 320, 321, 322, 323, 324, 325, 328, 329, 330, 331, 332, 336, 339, 340, 341, 342, 344], "summary": {"covered_lines": 78, "num_statements": 81, "percent_covered": 96.29629629629629, "percent_covered_display": "96", "missing_lines": 3, "excluded_lines": 0, "percent_statements_covered": 96.29629629629629, "percent_statements_covered_display": "96"}, "missing_lines": [179, 180, 243], "excluded_lines": [], "start_line": 147}, "": {"executed_lines": [14, 15, 16, 17, 19, 20, 22, 24, 56, 147, 150, 159, 165, 217, 257, 300], "summary": {"covered_lines": 16, "num_statements": 16, "percent_covered": 100.0, "percent_covered_display": "100", "missing_lines": 0, "excluded_lines": 0, "percent_statements_covered": 100.0, "percent_statements_covered_display": "100"}, "missing_lines": [], "excluded_lines": [], "start_line": 1}}}, "agents\\sdd_agent.py": {"executed_lines": [7, 8, 10, 11, 13, 15, 78, 81, 82, 89, 90, 92, 93, 94, 95, 98, 99, 100, 102, 103, 109, 131, 136, 138, 149, 150, 152, 154, 160, 161, 162, 163], "summary": {"covered_lines": 32, "num_statements": 34, "percent_covered": 94.11764705882354, "percent_covered_display": "94", "missing_lines": 2, "excluded_lines": 0, "percent_statements_covered": 94.11764705882354, "percent_statements_covered_display": "94"}, "missing_lines": [139, 147], "excluded_lines": [], "functions": {"SDDAgent.__init__": {"executed_lines": [82], "summary": {"covered_lines": 1, "num_statements": 1, "percent_covered": 100.0, "percent_covered_display": "100", "missing_lines": 0, "excluded_lines": 0, "percent_statements_covered": 100.0, "percent_statements_covered_display": "100"}, "missing_lines": [], "excluded_lines": [], "start_line": 81}, "SDDAgent.get_system_prompt": {"executed_lines": [90], "summary": {"covered_lines": 1, "num_statements": 1, "percent_covered": 100.0, "percent_covered_display": "100", "missing_lines": 0, "excluded_lines": 0, "percent_statements_covered": 100.0, "percent_statements_covered_display": "100"}, "missing_lines": [], "excluded_lines": [], "start_line": 89}, "SDDAgent.execute": {"executed_lines": [93, 94, 95, 98, 99, 100, 102, 103, 109, 131, 136, 138, 149, 150, 152, 154], "summary": {"covered_lines": 16, "num_statements": 18, "percent_covered": 88.88888888888889, "percent_covered_display": "89", "missing_lines": 2, "excluded_lines": 0, "percent_statements_covered": 88.88888888888889, "percent_statements_covered_display": "89"}, "missing_lines": [139, 147], "excluded_lines": [], "start_line": 92}, "SDDAgent._load_file": {"executed_lines": [161, 162, 163], "summary": {"covered_lines": 3, "num_statements": 3, "percent_covered": 100.0, "percent_covered_display": "100", "missing_lines": 0, "excluded_lines": 0, "percent_statements_covered": 100.0, "percent_statements_covered_display": "100"}, "missing_lines": [], "excluded_lines": [], "start_line": 160}, "": {"executed_lines": [7, 8, 10, 11, 13, 15, 78, 81, 89, 92, 160], "summary": {"covered_lines": 11, "num_statements": 11, "percent_covered": 100.0, "percent_covered_display": "100", "missing_lines": 0, "excluded_lines": 0, "percent_statements_covered": 100.0, "percent_statements_covered_display": "100"}, "missing_lines": [], "excluded_lines": [], "start_line": 1}}, "classes": {"SDDAgent": {"executed_lines": [82, 90, 93, 94, 95, 98, 99, 100, 102, 103, 109, 131, 136, 138, 149, 150, 152, 154, 161, 162, 163], "summary": {"covered_lines": 21, "num_statements": 23, "percent_covered": 91.30434782608695, "percent_covered_display": "91", "missing_lines": 2, "excluded_lines": 0, "percent_statements_covered": 91.30434782608695, "percent_statements_covered_display": "91"}, "missing_lines": [139, 147], "excluded_lines": [], "start_line": 78}, "": {"executed_lines": [7, 8, 10, 11, 13, 15, 78, 81, 89, 92, 160], "summary": {"covered_lines": 11, "num_statements": 11, "percent_covered": 100.0, "percent_covered_display": "100", "missing_lines": 0, "excluded_lines": 0, "percent_statements_covered": 100.0, "percent_statements_covered_display": "100"}, "missing_lines": [], "excluded_lines": [], "start_line": 1}}}, "agents\\srs_agent.py": {"executed_lines": [7, 8, 10, 11, 13, 15, 68, 71, 72, 79, 80, 82, 83, 84, 85, 88, 89, 90, 92, 109, 114, 117, 128, 129, 131, 133, 139, 140, 142], "summary": {"covered_lines": 29, "num_statements": 32, "percent_covered": 90.625, "percent_covered_display": "91", "missing_lines": 3, "excluded_lines": 0, "percent_statements_covered": 90.625, "percent_statements_covered_display": "91"}, "missing_lines": [118, 126, 141], "excluded_lines": [], "functions": {"SRSAgent.__init__": {"executed_lines": [72], "summary": {"covered_lines": 1, "num_statements": 1, "percent_covered": 100.0, "percent_covered_display": "100", "missing_lines": 0, "excluded_lines": 0, "percent_statements_covered": 100.0, "percent_statements_covered_display": "100"}, "missing_lines": [], "excluded_lines": [], "start_line": 71}, "SRSAgent.get_system_prompt": {"executed_lines": [80], "summary": {"covered_lines": 1, "num_statements": 1, "percent_covered": 100.0, "percent_covered_display": "100", "missing_lines": 0, "excluded_lines": 0, "percent_statements_covered": 100.0, "percent_statements_covered_display": "100"}, "missing_lines": [], "excluded_lines": [], "start_line": 79}, "SRSAgent.execute": {"executed_lines": [83, 84, 85, 88, 89, 90, 92, 109, 114, 117, 128, 129, 131, 133], "summary": {"covered_lines": 14, "num_statements": 16, "percent_covered": 87.5, "percent_covered_display": "88", "missing_lines": 2, "excluded_lines": 0, "percent_statements_covered": 87.5, "percent_statements_covered_display": "88"}, "missing_lines": [118, 126], "excluded_lines": [], "start_line": 82}, "SRSAgent._load_file": {"executed_lines": [140, 142], "summary": {"covered_lines": 2, "num_statements": 3, "percent_covered": 66.66666666666667, "percent_covered_display": "67", "missing_lines": 1, "excluded_lines": 0, "percent_statements_covered": 66.66666666666667, "percent_statements_covered_display": "67"}, "missing_lines": [141], "excluded_lines": [], "start_line": 139}, "": {"executed_lines": [7, 8, 10, 11, 13, 15, 68, 71, 79, 82, 139], "summary": {"covered_lines": 11, "num_statements": 11, "percent_covered": 100.0, "percent_covered_display": "100", "missing_lines": 0, "excluded_lines": 0, "percent_statements_covered": 100.0, "percent_statements_covered_display": "100"}, "missing_lines": [], "excluded_lines": [], "start_line": 1}}, "classes": {"SRSAgent": {"executed_lines": [72, 80, 83, 84, 85, 88, 89, 90, 92, 109, 114, 117, 128, 129, 131, 133, 140, 142], "summary": {"covered_lines": 18, "num_statements": 21, "percent_covered": 85.71428571428571, "percent_covered_display": "86", "missing_lines": 3, "excluded_lines": 0, "percent_statements_covered": 85.71428571428571, "percent_statements_covered_display": "86"}, "missing_lines": [118, 126, 141], "excluded_lines": [], "start_line": 68}, "": {"executed_lines": [7, 8, 10, 11, 13, 15, 68, 71, 79, 82, 139], "summary": {"covered_lines": 11, "num_statements": 11, "percent_covered": 100.0, "percent_covered_display": "100", "missing_lines": 0, "excluded_lines": 0, "percent_statements_covered": 100.0, "percent_statements_covered_display": "100"}, "missing_lines": [], "excluded_lines": [], "start_line": 1}}}, "app.py": {"executed_lines": [], "summary": {"covered_lines": 0, "num_statements": 179, "percent_covered": 0.0, "percent_covered_display": "0", "missing_lines": 179, "excluded_lines": 2, "percent_statements_covered": 0.0, "percent_statements_covered_display": "0"}, "missing_lines": [5, 6, 8, 16, 18, 19, 20, 21, 23, 24, 38, 39, 40, 41, 42, 43, 47, 49, 50, 52, 53, 54, 55, 56, 57, 58, 59, 60, 63, 64, 65, 68, 73, 74, 76, 77, 79, 80, 82, 83, 85, 86, 88, 89, 92, 94, 96, 97, 98, 102, 108, 110, 111, 112, 113, 114, 118, 119, 120, 121, 122, 124, 125, 127, 128, 129, 130, 131, 132, 136, 137, 138, 141, 142, 143, 146, 148, 150, 151, 152, 155, 156, 171, 172, 173, 176, 178, 179, 180, 183, 184, 185, 186, 187, 189, 190, 192, 203, 204, 205, 210, 211, 212, 213, 214, 215, 216, 218, 219, 220, 221, 226, 228, 230, 231, 232, 234, 235, 237, 238, 239, 242, 243, 244, 245, 247, 248, 249, 250, 251, 252, 253, 261, 263, 265, 266, 267, 269, 270, 271, 273, 274, 275, 277, 280, 282, 284, 285, 286, 288, 289, 290, 292, 293, 294, 296, 299, 301, 304, 305, 306, 307, 309, 310, 311, 313, 314, 315, 316, 317, 318, 320, 321, 328, 329, 330, 332, 333, 334], "excluded_lines": [337, 338], "functions": {"main": {"executed_lines": [], "summary": {"covered_lines": 0, "num_statements": 40, "percent_covered": 0.0, "percent_covered_display": "0", "missing_lines": 40, "excluded_lines": 0, "percent_statements_covered": 0.0, "percent_statements_covered_display": "0"}, "missing_lines": [18, 19, 20, 21, 23, 24, 38, 39, 40, 41, 42, 43, 47, 49, 50, 52, 53, 54, 55, 56, 57, 58, 59, 60, 63, 64, 65, 68, 73, 74, 76, 77, 79, 80, 82, 83, 85, 86, 88, 89], "excluded_lines": [], "start_line": 16}, "render_new_project": {"executed_lines": [], "summary": {"covered_lines": 0, "num_statements": 30, "percent_covered": 0.0, "percent_covered_display": "0", "missing_lines": 30, "excluded_lines": 0, "percent_statements_covered": 0.0, "percent_statements_covered_display": "0"}, "missing_lines": [94, 96, 97, 98, 102, 108, 110, 111, 112, 113, 114, 118, 119, 120, 121, 122, 124, 125, 127, 128, 129, 130, 131, 132, 136, 137, 138, 141, 142, 143], "excluded_lines": [], "start_line": 92}, "render_design_chat": {"executed_lines": [], "summary": {"covered_lines": 0, "num_statements": 35, "percent_covered": 0.0, "percent_covered_display": "0", "missing_lines": 35, "excluded_lines": 0, "percent_statements_covered": 0.0, "percent_statements_covered_display": "0"}, "missing_lines": [148, 150, 151, 152, 155, 156, 171, 172, 173, 176, 178, 179, 180, 183, 184, 185, 186, 187, 189, 190, 192, 203, 204, 205, 210, 211, 212, 213, 214, 215, 216, 218, 219, 220, 221], "excluded_lines": [], "start_line": 146}, "render_documents": {"executed_lines": [], "summary": {"covered_lines": 0, "num_statements": 20, "percent_covered": 0.0, "percent_covered_display": "0", "missing_lines": 20, "excluded_lines": 0, "percent_statements_covered": 0.0, "percent_statements_covered_display": "0"}, "missing_lines": [228, 230, 231, 232, 234, 235, 237, 238, 239, 242, 243, 244, 245, 247, 248, 249, 250, 251, 252, 253], "excluded_lines": [], "start_line": 226}, "render_netlist_viewer": {"executed_lines": [], "summary": {"covered_lines": 0, "num_statements": 11, "percent_covered": 0.0, "percent_covered_display": "0", "missing_lines": 11, "excluded_lines": 0, "percent_statements_covered": 0.0, "percent_statements_covered_display": "0"}, "missing_lines": [263, 265, 266, 267, 269, 270, 271, 273, 274, 275, 277], "excluded_lines": [], "start_line": 261}, "render_code_review": {"executed_lines": [], "summary": {"covered_lines": 0, "num_statements": 11, "percent_covered": 0.0, "percent_covered_display": "0", "missing_lines": 11, "excluded_lines": 0, "percent_statements_covered": 0.0, "percent_statements_covered_display": "0"}, "missing_lines": [282, 284, 285, 286, 288, 289, 290, 292, 293, 294, 296], "excluded_lines": [], "start_line": 280}, "render_dashboard": {"executed_lines": [], "summary": {"covered_lines": 0, "num_statements": 22, "percent_covered": 0.0, "percent_covered_display": "0", "missing_lines": 22, "excluded_lines": 0, "percent_statements_covered": 0.0, "percent_statements_covered_display": "0"}, "missing_lines": [301, 304, 305, 306, 307, 309, 310, 311, 313, 314, 315, 316, 317, 318, 320, 321, 328, 329, 330, 332, 333, 334], "excluded_lines": [], "start_line": 299}, "": {"executed_lines": [], "summary": {"covered_lines": 0, "num_statements": 10, "percent_covered": 0.0, "percent_covered_display": "0", "missing_lines": 10, "excluded_lines": 2, "percent_statements_covered": 0.0, "percent_statements_covered_display": "0"}, "missing_lines": [5, 6, 8, 16, 92, 146, 226, 261, 280, 299], "excluded_lines": [337, 338], "start_line": 1}}, "classes": {"": {"executed_lines": [], "summary": {"covered_lines": 0, "num_statements": 179, "percent_covered": 0.0, "percent_covered_display": "0", "missing_lines": 179, "excluded_lines": 2, "percent_statements_covered": 0.0, "percent_statements_covered_display": "0"}, "missing_lines": [5, 6, 8, 16, 18, 19, 20, 21, 23, 24, 38, 39, 40, 41, 42, 43, 47, 49, 50, 52, 53, 54, 55, 56, 57, 58, 59, 60, 63, 64, 65, 68, 73, 74, 76, 77, 79, 80, 82, 83, 85, 86, 88, 89, 92, 94, 96, 97, 98, 102, 108, 110, 111, 112, 113, 114, 118, 119, 120, 121, 122, 124, 125, 127, 128, 129, 130, 131, 132, 136, 137, 138, 141, 142, 143, 146, 148, 150, 151, 152, 155, 156, 171, 172, 173, 176, 178, 179, 180, 183, 184, 185, 186, 187, 189, 190, 192, 203, 204, 205, 210, 211, 212, 213, 214, 215, 216, 218, 219, 220, 221, 226, 228, 230, 231, 232, 234, 235, 237, 238, 239, 242, 243, 244, 245, 247, 248, 249, 250, 251, 252, 253, 261, 263, 265, 266, 267, 269, 270, 271, 273, 274, 275, 277, 280, 282, 284, 285, 286, 288, 289, 290, 292, 293, 294, 296, 299, 301, 304, 305, 306, 307, 309, 310, 311, 313, 314, 315, 316, 317, 318, 320, 321, 328, 329, 330, 332, 333, 334], "excluded_lines": [337, 338], "start_line": 1}}}, "calculators\\__init__.py": {"executed_lines": [], "summary": {"covered_lines": 0, "num_statements": 0, "percent_covered": 100.0, "percent_covered_display": "100", "missing_lines": 0, "excluded_lines": 0, "percent_statements_covered": 100.0, "percent_statements_covered_display": "100"}, "missing_lines": [], "excluded_lines": [], "functions": {"": {"executed_lines": [], "summary": {"covered_lines": 0, "num_statements": 0, "percent_covered": 100.0, "percent_covered_display": "100", "missing_lines": 0, "excluded_lines": 0, "percent_statements_covered": 100.0, "percent_statements_covered_display": "100"}, "missing_lines": [], "excluded_lines": [], "start_line": 1}}, "classes": {"": {"executed_lines": [], "summary": {"covered_lines": 0, "num_statements": 0, "percent_covered": 100.0, "percent_covered_display": "100", "missing_lines": 0, "excluded_lines": 0, "percent_statements_covered": 100.0, "percent_statements_covered_display": "100"}, "missing_lines": [], "excluded_lines": [], "start_line": 1}}}, "config.py": {"executed_lines": [6, 7, 8, 9, 12, 16, 17, 18, 21, 22, 23, 24, 27, 28, 31, 32, 35, 36, 37, 38, 39, 42, 48, 49, 55, 59, 65, 66, 67, 68, 71, 72, 73, 76, 77, 78, 79, 82, 83, 85, 92, 93, 95, 97, 105], "summary": {"covered_lines": 45, "num_statements": 45, "percent_covered": 100.0, "percent_covered_display": "100", "missing_lines": 0, "excluded_lines": 0, "percent_statements_covered": 100.0, "percent_statements_covered_display": "100"}, "missing_lines": [], "excluded_lines": [], "functions": {"Settings.fallback_chain": {"executed_lines": [85], "summary": {"covered_lines": 1, "num_statements": 1, "percent_covered": 100.0, "percent_covered_display": "100", "missing_lines": 0, "excluded_lines": 0, "percent_statements_covered": 100.0, "percent_statements_covered_display": "100"}, "missing_lines": [], "excluded_lines": [], "start_line": 83}, "Settings.is_air_gapped": {"executed_lines": [95], "summary": {"covered_lines": 1, "num_statements": 1, "percent_covered": 100.0, "percent_covered_display": "100", "missing_lines": 0, "excluded_lines": 0, "percent_statements_covered": 100.0, "percent_statements_covered_display": "100"}, "missing_lines": [], "excluded_lines": [], "start_line": 93}, "": {"executed_lines": [6, 7, 8, 9, 12, 16, 17, 18, 21, 22, 23, 24, 27, 28, 31, 32, 35, 36, 37, 38, 39, 42, 48, 49, 55, 59, 65, 66, 67, 68, 71, 72, 73, 76, 77, 78, 79, 82, 83, 92, 93, 97, 105], "summary": {"covered_lines": 43, "num_statements": 43, "percent_covered": 100.0, "percent_covered_display": "100", "missing_lines": 0, "excluded_lines": 0, "percent_statements_covered": 100.0, "percent_statements_covered_display": "100"}, "missing_lines": [], "excluded_lines": [], "start_line": 1}}, "classes": {"Settings": {"executed_lines": [85, 95], "summary": {"covered_lines": 2, "num_statements": 2, "percent_covered": 100.0, "percent_covered_display": "100", "missing_lines": 0, "excluded_lines": 0, "percent_statements_covered": 100.0, "percent_statements_covered_display": "100"}, "missing_lines": [], "excluded_lines": [], "start_line": 12}, "": {"executed_lines": [6, 7, 8, 9, 12, 16, 17, 18, 21, 22, 23, 24, 27, 28, 31, 32, 35, 36, 37, 38, 39, 42, 48, 49, 55, 59, 65, 66, 67, 68, 71, 72, 73, 76, 77, 78, 79, 82, 83, 92, 93, 97, 105], "summary": {"covered_lines": 43, "num_statements": 43, "percent_covered": 100.0, "percent_covered_display": "100", "missing_lines": 0, "excluded_lines": 0, "percent_statements_covered": 100.0, "percent_statements_covered_display": "100"}, "missing_lines": [], "excluded_lines": [], "start_line": 1}}}, "database\\__init__.py": {"executed_lines": [1, 3], "summary": {"covered_lines": 2, "num_statements": 2, "percent_covered": 100.0, "percent_covered_display": "100", "missing_lines": 0, "excluded_lines": 0, "percent_statements_covered": 100.0, "percent_statements_covered_display": "100"}, "missing_lines": [], "excluded_lines": [], "functions": {"": {"executed_lines": [1, 3], "summary": {"covered_lines": 2, "num_statements": 2, "percent_covered": 100.0, "percent_covered_display": "100", "missing_lines": 0, "excluded_lines": 0, "percent_statements_covered": 100.0, "percent_statements_covered_display": "100"}, "missing_lines": [], "excluded_lines": [], "start_line": 1}}, "classes": {"": {"executed_lines": [1, 3], "summary": {"covered_lines": 2, "num_statements": 2, "percent_covered": 100.0, "percent_covered_display": "100", "missing_lines": 0, "excluded_lines": 0, "percent_statements_covered": 100.0, "percent_statements_covered_display": "100"}, "missing_lines": [], "excluded_lines": [], "start_line": 1}}}, "database\\models.py": {"executed_lines": [6, 7, 9, 13, 17, 20, 21, 24, 26, 28, 29, 30, 31, 32, 33, 36, 37, 40, 43, 46, 49, 50, 53, 55, 57, 58, 59, 60, 63, 64, 65, 66, 69, 70, 71, 74, 75, 76, 79, 80, 83, 86, 88, 90, 91, 92, 93, 94, 95, 96, 97, 98, 99, 100, 101, 102, 103, 105, 108, 110, 112, 113, 114, 115, 116, 117, 118, 123, 124, 127, 140], "summary": {"covered_lines": 71, "num_statements": 78, "percent_covered": 91.02564102564102, "percent_covered_display": "91", "missing_lines": 7, "excluded_lines": 0, "percent_statements_covered": 91.02564102564102, "percent_statements_covered_display": "91"}, "missing_lines": [129, 130, 136, 137, 142, 143, 144], "excluded_lines": [], "functions": {"get_engine": {"executed_lines": [], "summary": {"covered_lines": 0, "num_statements": 4, "percent_covered": 0.0, "percent_covered_display": "0", "missing_lines": 4, "excluded_lines": 0, "percent_statements_covered": 0.0, "percent_statements_covered_display": "0"}, "missing_lines": [129, 130, 136, 137], "excluded_lines": [], "start_line": 127}, "get_session": {"executed_lines": [], "summary": {"covered_lines": 0, "num_statements": 3, "percent_covered": 0.0, "percent_covered_display": "0", "missing_lines": 3, "excluded_lines": 0, "percent_statements_covered": 0.0, "percent_statements_covered_display": "0"}, "missing_lines": [142, 143, 144], "excluded_lines": [], "start_line": 140}, "": {"executed_lines": [6, 7, 9, 13, 17, 20, 21, 24, 26, 28, 29, 30, 31, 32, 33, 36, 37, 40, 43, 46, 49, 50, 53, 55, 57, 58, 59, 60, 63, 64, 65, 66, 69, 70, 71, 74, 75, 76, 79, 80, 83, 86, 88, 90, 91, 92, 93, 94, 95, 96, 97, 98, 99, 100, 101, 102, 103, 105, 108, 110, 112, 113, 114, 115, 116, 117, 118, 123, 124, 127, 140], "summary": {"covered_lines": 71, "num_statements": 71, "percent_covered": 100.0, "percent_covered_display": "100", "missing_lines": 0, "excluded_lines": 0, "percent_statements_covered": 100.0, "percent_statements_covered_display": "100"}, "missing_lines": [], "excluded_lines": [], "start_line": 1}}, "classes": {"Base": {"executed_lines": [], "summary": {"covered_lines": 0, "num_statements": 0, "percent_covered": 100.0, "percent_covered_display": "100", "missing_lines": 0, "excluded_lines": 0, "percent_statements_covered": 100.0, "percent_statements_covered_display": "100"}, "missing_lines": [], "excluded_lines": [], "start_line": 20}, "ProjectDB": {"executed_lines": [], "summary": {"covered_lines": 0, "num_statements": 0, "percent_covered": 100.0, "percent_covered_display": "100", "missing_lines": 0, "excluded_lines": 0, "percent_statements_covered": 100.0, "percent_statements_covered_display": "100"}, "missing_lines": [], "excluded_lines": [], "start_line": 24}, "PhaseOutputDB": {"executed_lines": [], "summary": {"covered_lines": 0, "num_statements": 0, "percent_covered": 100.0, "percent_covered_display": "100", "missing_lines": 0, "excluded_lines": 0, "percent_statements_covered": 100.0, "percent_statements_covered_display": "100"}, "missing_lines": [], "excluded_lines": [], "start_line": 53}, "ComponentCacheDB": {"executed_lines": [], "summary": {"covered_lines": 0, "num_statements": 0, "percent_covered": 100.0, "percent_covered_display": "100", "missing_lines": 0, "excluded_lines": 0, "percent_statements_covered": 100.0, "percent_statements_covered_display": "100"}, "missing_lines": [], "excluded_lines": [], "start_line": 86}, "ComplianceRecordDB": {"executed_lines": [], "summary": {"covered_lines": 0, "num_statements": 0, "percent_covered": 100.0, "percent_covered_display": "100", "missing_lines": 0, "excluded_lines": 0, "percent_statements_covered": 100.0, "percent_statements_covered_display": "100"}, "missing_lines": [], "excluded_lines": [], "start_line": 108}, "": {"executed_lines": [6, 7, 9, 13, 17, 20, 21, 24, 26, 28, 29, 30, 31, 32, 33, 36, 37, 40, 43, 46, 49, 50, 53, 55, 57, 58, 59, 60, 63, 64, 65, 66, 69, 70, 71, 74, 75, 76, 79, 80, 83, 86, 88, 90, 91, 92, 93, 94, 95, 96, 97, 98, 99, 100, 101, 102, 103, 105, 108, 110, 112, 113, 114, 115, 116, 117, 118, 123, 124, 127, 140], "summary": {"covered_lines": 71, "num_statements": 78, "percent_covered": 91.02564102564102, "percent_covered_display": "91", "missing_lines": 7, "excluded_lines": 0, "percent_statements_covered": 91.02564102564102, "percent_statements_covered_display": "91"}, "missing_lines": [129, 130, 136, 137, 142, 143, 144], "excluded_lines": [], "start_line": 1}}}, "generators\\__init__.py": {"executed_lines": [], "summary": {"covered_lines": 0, "num_statements": 0, "percent_covered": 100.0, "percent_covered_display": "100", "missing_lines": 0, "excluded_lines": 0, "percent_statements_covered": 100.0, "percent_statements_covered_display": "100"}, "missing_lines": [], "excluded_lines": [], "functions": {"": {"executed_lines": [], "summary": {"covered_lines": 0, "num_statements": 0, "percent_covered": 100.0, "percent_covered_display": "100", "missing_lines": 0, "excluded_lines": 0, "percent_statements_covered": 100.0, "percent_statements_covered_display": "100"}, "missing_lines": [], "excluded_lines": [], "start_line": 1}}, "classes": {"": {"executed_lines": [], "summary": {"covered_lines": 0, "num_statements": 0, "percent_covered": 100.0, "percent_covered_display": "100", "missing_lines": 0, "excluded_lines": 0, "percent_statements_covered": 100.0, "percent_statements_covered_display": "100"}, "missing_lines": [], "excluded_lines": [], "start_line": 1}}}, "main.py": {"executed_lines": [], "summary": {"covered_lines": 0, "num_statements": 96, "percent_covered": 0.0, "percent_covered_display": "0", "missing_lines": 96, "excluded_lines": 3, "percent_statements_covered": 0.0, "percent_statements_covered_display": "0"}, "missing_lines": [6, 7, 8, 9, 11, 12, 14, 15, 16, 19, 23, 26, 27, 30, 31, 32, 33, 34, 35, 37, 40, 48, 59, 60, 61, 72, 73, 75, 76, 78, 79, 81, 87, 88, 89, 91, 97, 98, 99, 101, 104, 105, 107, 108, 109, 110, 121, 124, 125, 127, 128, 129, 130, 131, 132, 145, 150, 151, 153, 154, 155, 156, 157, 159, 162, 163, 165, 172, 173, 174, 175, 177, 182, 183, 185, 186, 187, 188, 189, 191, 192, 193, 195, 196, 199, 200, 202, 214, 215, 216, 217, 219, 224, 225, 226, 228], "excluded_lines": [233, 234, 235], "functions": {"lifespan": {"executed_lines": [], "summary": {"covered_lines": 0, "num_statements": 7, "percent_covered": 0.0, "percent_covered_display": "0", "missing_lines": 7, "excluded_lines": 0, "percent_statements_covered": 0.0, "percent_statements_covered_display": "0"}, "missing_lines": [30, 31, 32, 33, 34, 35, 37], "excluded_lines": [], "start_line": 27}, "health_check": {"executed_lines": [], "summary": {"covered_lines": 0, "num_statements": 1, "percent_covered": 0.0, "percent_covered_display": "0", "missing_lines": 1, "excluded_lines": 0, "percent_statements_covered": 0.0, "percent_statements_covered_display": "0"}, "missing_lines": [61], "excluded_lines": [], "start_line": 60}, "create_project": {"executed_lines": [], "summary": {"covered_lines": 0, "num_statements": 13, "percent_covered": 0.0, "percent_covered_display": "0", "missing_lines": 13, "excluded_lines": 0, "percent_statements_covered": 0.0, "percent_statements_covered_display": "0"}, "missing_lines": [75, 76, 78, 79, 81, 87, 88, 89, 91, 97, 98, 99, 101], "excluded_lines": [], "start_line": 73}, "list_projects": {"executed_lines": [], "summary": {"covered_lines": 0, "num_statements": 5, "percent_covered": 0.0, "percent_covered_display": "0", "missing_lines": 5, "excluded_lines": 0, "percent_statements_covered": 0.0, "percent_statements_covered_display": "0"}, "missing_lines": [107, 108, 109, 110, 121], "excluded_lines": [], "start_line": 105}, "get_project": {"executed_lines": [], "summary": {"covered_lines": 0, "num_statements": 7, "percent_covered": 0.0, "percent_covered_display": "0", "missing_lines": 7, "excluded_lines": 0, "percent_statements_covered": 0.0, "percent_statements_covered_display": "0"}, "missing_lines": [127, 128, 129, 130, 131, 132, 145], "excluded_lines": [], "start_line": 125}, "execute_phase": {"executed_lines": [], "summary": {"covered_lines": 0, "num_statements": 14, "percent_covered": 0.0, "percent_covered_display": "0", "missing_lines": 14, "excluded_lines": 0, "percent_statements_covered": 0.0, "percent_statements_covered_display": "0"}, "missing_lines": [153, 154, 155, 156, 157, 159, 162, 163, 165, 172, 173, 174, 175, 177], "excluded_lines": [], "start_line": 151}, "chat": {"executed_lines": [], "summary": {"covered_lines": 0, "num_statements": 22, "percent_covered": 0.0, "percent_covered_display": "0", "missing_lines": 22, "excluded_lines": 0, "percent_statements_covered": 0.0, "percent_statements_covered_display": "0"}, "missing_lines": [185, 186, 187, 188, 189, 191, 192, 193, 195, 196, 199, 200, 202, 214, 215, 216, 217, 219, 224, 225, 226, 228], "excluded_lines": [], "start_line": 183}, "": {"executed_lines": [], "summary": {"covered_lines": 0, "num_statements": 27, "percent_covered": 0.0, "percent_covered_display": "0", "missing_lines": 27, "excluded_lines": 3, "percent_statements_covered": 0.0, "percent_statements_covered_display": "0"}, "missing_lines": [6, 7, 8, 9, 11, 12, 14, 15, 16, 19, 23, 26, 27, 40, 48, 59, 60, 72, 73, 104, 105, 124, 125, 150, 151, 182, 183], "excluded_lines": [233, 234, 235], "start_line": 1}}, "classes": {"": {"executed_lines": [], "summary": {"covered_lines": 0, "num_statements": 96, "percent_covered": 0.0, "percent_covered_display": "0", "missing_lines": 96, "excluded_lines": 3, "percent_statements_covered": 0.0, "percent_statements_covered_display": "0"}, "missing_lines": [6, 7, 8, 9, 11, 12, 14, 15, 16, 19, 23, 26, 27, 30, 31, 32, 33, 34, 35, 37, 40, 48, 59, 60, 61, 72, 73, 75, 76, 78, 79, 81, 87, 88, 89, 91, 97, 98, 99, 101, 104, 105, 107, 108, 109, 110, 121, 124, 125, 127, 128, 129, 130, 131, 132, 145, 150, 151, 153, 154, 155, 156, 157, 159, 162, 163, 165, 172, 173, 174, 175, 177, 182, 183, 185, 186, 187, 188, 189, 191, 192, 193, 195, 196, 199, 200, 202, 214, 215, 216, 217, 219, 224, 225, 226, 228], "excluded_lines": [233, 234, 235], "start_line": 1}}}, "reviewers\\__init__.py": {"executed_lines": [], "summary": {"covered_lines": 0, "num_statements": 0, "percent_covered": 100.0, "percent_covered_display": "100", "missing_lines": 0, "excluded_lines": 0, "percent_statements_covered": 100.0, "percent_statements_covered_display": "100"}, "missing_lines": [], "excluded_lines": [], "functions": {"": {"executed_lines": [], "summary": {"covered_lines": 0, "num_statements": 0, "percent_covered": 100.0, "percent_covered_display": "100", "missing_lines": 0, "excluded_lines": 0, "percent_statements_covered": 100.0, "percent_statements_covered_display": "100"}, "missing_lines": [], "excluded_lines": [], "start_line": 1}}, "classes": {"": {"executed_lines": [], "summary": {"covered_lines": 0, "num_statements": 0, "percent_covered": 100.0, "percent_covered_display": "100", "missing_lines": 0, "excluded_lines": 0, "percent_statements_covered": 100.0, "percent_statements_covered_display": "100"}, "missing_lines": [], "excluded_lines": [], "start_line": 1}}}, "rules\\__init__.py": {"executed_lines": [], "summary": {"covered_lines": 0, "num_statements": 0, "percent_covered": 100.0, "percent_covered_display": "100", "missing_lines": 0, "excluded_lines": 0, "percent_statements_covered": 100.0, "percent_statements_covered_display": "100"}, "missing_lines": [], "excluded_lines": [], "functions": {"": {"executed_lines": [], "summary": {"covered_lines": 0, "num_statements": 0, "percent_covered": 100.0, "percent_covered_display": "100", "missing_lines": 0, "excluded_lines": 0, "percent_statements_covered": 100.0, "percent_statements_covered_display": "100"}, "missing_lines": [], "excluded_lines": [], "start_line": 1}}, "classes": {"": {"executed_lines": [], "summary": {"covered_lines": 0, "num_statements": 0, "percent_covered": 100.0, "percent_covered_display": "100", "missing_lines": 0, "excluded_lines": 0, "percent_statements_covered": 100.0, "percent_statements_covered_display": "100"}, "missing_lines": [], "excluded_lines": [], "start_line": 1}}}, "schemas\\__init__.py": {"executed_lines": [], "summary": {"covered_lines": 0, "num_statements": 5, "percent_covered": 0.0, "percent_covered_display": "0", "missing_lines": 5, "excluded_lines": 0, "percent_statements_covered": 0.0, "percent_statements_covered_display": "0"}, "missing_lines": [1, 2, 7, 8, 10], "excluded_lines": [], "functions": {"": {"executed_lines": [], "summary": {"covered_lines": 0, "num_statements": 5, "percent_covered": 0.0, "percent_covered_display": "0", "missing_lines": 5, "excluded_lines": 0, "percent_statements_covered": 0.0, "percent_statements_covered_display": "0"}, "missing_lines": [1, 2, 7, 8, 10], "excluded_lines": [], "start_line": 1}}, "classes": {"": {"executed_lines": [], "summary": {"covered_lines": 0, "num_statements": 5, "percent_covered": 0.0, "percent_covered_display": "0", "missing_lines": 5, "excluded_lines": 0, "percent_statements_covered": 0.0, "percent_statements_covered_display": "0"}, "missing_lines": [1, 2, 7, 8, 10], "excluded_lines": [], "start_line": 1}}}, "schemas\\component.py": {"executed_lines": [], "summary": {"covered_lines": 0, "num_statements": 17, "percent_covered": 0.0, "percent_covered_display": "0", "missing_lines": 17, "excluded_lines": 0, "percent_statements_covered": 0.0, "percent_statements_covered_display": "0"}, "missing_lines": [3, 4, 5, 8, 13, 14, 15, 16, 17, 18, 19, 20, 21, 22, 25, 28, 29], "excluded_lines": [], "functions": {"": {"executed_lines": [], "summary": {"covered_lines": 0, "num_statements": 17, "percent_covered": 0.0, "percent_covered_display": "0", "missing_lines": 17, "excluded_lines": 0, "percent_statements_covered": 0.0, "percent_statements_covered_display": "0"}, "missing_lines": [3, 4, 5, 8, 13, 14, 15, 16, 17, 18, 19, 20, 21, 22, 25, 28, 29], "excluded_lines": [], "start_line": 1}}, "classes": {"Component": {"executed_lines": [], "summary": {"covered_lines": 0, "num_statements": 0, "percent_covered": 100.0, "percent_covered_display": "100", "missing_lines": 0, "excluded_lines": 0, "percent_statements_covered": 100.0, "percent_statements_covered_display": "100"}, "missing_lines": [], "excluded_lines": [], "start_line": 8}, "ComponentSearchResult": {"executed_lines": [], "summary": {"covered_lines": 0, "num_statements": 0, "percent_covered": 100.0, "percent_covered_display": "100", "missing_lines": 0, "excluded_lines": 0, "percent_statements_covered": 100.0, "percent_statements_covered_display": "100"}, "missing_lines": [], "excluded_lines": [], "start_line": 25}, "": {"executed_lines": [], "summary": {"covered_lines": 0, "num_statements": 17, "percent_covered": 0.0, "percent_covered_display": "0", "missing_lines": 17, "excluded_lines": 0, "percent_statements_covered": 0.0, "percent_statements_covered_display": "0"}, "missing_lines": [3, 4, 5, 8, 13, 14, 15, 16, 17, 18, 19, 20, 21, 22, 25, 28, 29], "excluded_lines": [], "start_line": 1}}}, "schemas\\netlist.py": {"executed_lines": [], "summary": {"covered_lines": 0, "num_statements": 21, "percent_covered": 0.0, "percent_covered_display": "0", "missing_lines": 21, "excluded_lines": 0, "percent_statements_covered": 0.0, "percent_statements_covered_display": "0"}, "missing_lines": [3, 4, 7, 11, 12, 13, 16, 18, 22, 23, 26, 33, 34, 37, 40, 41, 42, 43, 44, 45, 46], "excluded_lines": [], "functions": {"": {"executed_lines": [], "summary": {"covered_lines": 0, "num_statements": 21, "percent_covered": 0.0, "percent_covered_display": "0", "missing_lines": 21, "excluded_lines": 0, "percent_statements_covered": 0.0, "percent_statements_covered_display": "0"}, "missing_lines": [3, 4, 7, 11, 12, 13, 16, 18, 22, 23, 26, 33, 34, 37, 40, 41, 42, 43, 44, 45, 46], "excluded_lines": [], "start_line": 1}}, "classes": {"NetlistPin": {"executed_lines": [], "summary": {"covered_lines": 0, "num_statements": 0, "percent_covered": 100.0, "percent_covered_display": "100", "missing_lines": 0, "excluded_lines": 0, "percent_statements_covered": 100.0, "percent_statements_covered_display": "100"}, "missing_lines": [], "excluded_lines": [], "start_line": 7}, "NetlistNode": {"executed_lines": [], "summary": {"covered_lines": 0, "num_statements": 0, "percent_covered": 100.0, "percent_covered_display": "100", "missing_lines": 0, "excluded_lines": 0, "percent_statements_covered": 100.0, "percent_statements_covered_display": "100"}, "missing_lines": [], "excluded_lines": [], "start_line": 16}, "NetlistEdge": {"executed_lines": [], "summary": {"covered_lines": 0, "num_statements": 0, "percent_covered": 100.0, "percent_covered_display": "100", "missing_lines": 0, "excluded_lines": 0, "percent_statements_covered": 100.0, "percent_statements_covered_display": "100"}, "missing_lines": [], "excluded_lines": [], "start_line": 26}, "Netlist": {"executed_lines": [], "summary": {"covered_lines": 0, "num_statements": 0, "percent_covered": 100.0, "percent_covered_display": "100", "missing_lines": 0, "excluded_lines": 0, "percent_statements_covered": 100.0, "percent_statements_covered_display": "100"}, "missing_lines": [], "excluded_lines": [], "start_line": 37}, "": {"executed_lines": [], "summary": {"covered_lines": 0, "num_statements": 21, "percent_covered": 0.0, "percent_covered_display": "0", "missing_lines": 21, "excluded_lines": 0, "percent_statements_covered": 0.0, "percent_statements_covered_display": "0"}, "missing_lines": [3, 4, 7, 11, 12, 13, 16, 18, 22, 23, 26, 33, 34, 37, 40, 41, 42, 43, 44, 45, 46], "excluded_lines": [], "start_line": 1}}}, "schemas\\project.py": {"executed_lines": [], "summary": {"covered_lines": 0, "num_statements": 30, "percent_covered": 0.0, "percent_covered_display": "0", "missing_lines": 30, "excluded_lines": 0, "percent_statements_covered": 0.0, "percent_statements_covered_display": "0"}, "missing_lines": [3, 4, 5, 6, 9, 10, 11, 12, 13, 14, 17, 19, 21, 22, 23, 24, 25, 28, 30, 31, 32, 38, 40, 42, 43, 44, 45, 48, 62, 65], "excluded_lines": [], "functions": {"": {"executed_lines": [], "summary": {"covered_lines": 0, "num_statements": 30, "percent_covered": 0.0, "percent_covered_display": "0", "missing_lines": 30, "excluded_lines": 0, "percent_statements_covered": 0.0, "percent_statements_covered_display": "0"}, "missing_lines": [3, 4, 5, 6, 9, 10, 11, 12, 13, 14, 17, 19, 21, 22, 23, 24, 25, 28, 30, 31, 32, 38, 40, 42, 43, 44, 45, 48, 62, 65], "excluded_lines": [], "start_line": 1}}, "classes": {"PhaseStatus": {"executed_lines": [], "summary": {"covered_lines": 0, "num_statements": 0, "percent_covered": 100.0, "percent_covered_display": "100", "missing_lines": 0, "excluded_lines": 0, "percent_statements_covered": 100.0, "percent_statements_covered_display": "100"}, "missing_lines": [], "excluded_lines": [], "start_line": 9}, "ProjectPhaseStatus": {"executed_lines": [], "summary": {"covered_lines": 0, "num_statements": 0, "percent_covered": 100.0, "percent_covered_display": "100", "missing_lines": 0, "excluded_lines": 0, "percent_statements_covered": 100.0, "percent_statements_covered_display": "100"}, "missing_lines": [], "excluded_lines": [], "start_line": 17}, "ProjectCreate": {"executed_lines": [], "summary": {"covered_lines": 0, "num_statements": 0, "percent_covered": 100.0, "percent_covered_display": "100", "missing_lines": 0, "excluded_lines": 0, "percent_statements_covered": 100.0, "percent_statements_covered_display": "100"}, "missing_lines": [], "excluded_lines": [], "start_line": 28}, "Project": {"executed_lines": [], "summary": {"covered_lines": 0, "num_statements": 0, "percent_covered": 100.0, "percent_covered_display": "100", "missing_lines": 0, "excluded_lines": 0, "percent_statements_covered": 100.0, "percent_statements_covered_display": "100"}, "missing_lines": [], "excluded_lines": [], "start_line": 38}, "": {"executed_lines": [], "summary": {"covered_lines": 0, "num_statements": 30, "percent_covered": 0.0, "percent_covered_display": "0", "missing_lines": 30, "excluded_lines": 0, "percent_statements_covered": 0.0, "percent_statements_covered_display": "0"}, "missing_lines": [3, 4, 5, 6, 9, 10, 11, 12, 13, 14, 17, 19, 21, 22, 23, 24, 25, 28, 30, 31, 32, 38, 40, 42, 43, 44, 45, 48, 62, 65], "excluded_lines": [], "start_line": 1}}}, "schemas\\requirements.py": {"executed_lines": [], "summary": {"covered_lines": 0, "num_statements": 27, "percent_covered": 0.0, "percent_covered_display": "0", "missing_lines": 27, "excluded_lines": 0, "percent_statements_covered": 0.0, "percent_statements_covered_display": "0"}, "missing_lines": [3, 4, 7, 9, 10, 13, 14, 15, 16, 19, 21, 23, 24, 27, 32, 33, 34, 35, 36, 37, 40, 44, 47, 50, 53, 58, 59], "excluded_lines": [], "functions": {"": {"executed_lines": [], "summary": {"covered_lines": 0, "num_statements": 27, "percent_covered": 0.0, "percent_covered_display": "0", "missing_lines": 27, "excluded_lines": 0, "percent_statements_covered": 0.0, "percent_statements_covered_display": "0"}, "missing_lines": [3, 4, 7, 9, 10, 13, 14, 15, 16, 19, 21, 23, 24, 27, 32, 33, 34, 35, 36, 37, 40, 44, 47, 50, 53, 58, 59], "excluded_lines": [], "start_line": 1}}, "classes": {"HardwareRequirement": {"executed_lines": [], "summary": {"covered_lines": 0, "num_statements": 0, "percent_covered": 100.0, "percent_covered_display": "100", "missing_lines": 0, "excluded_lines": 0, "percent_statements_covered": 100.0, "percent_statements_covered_display": "100"}, "missing_lines": [], "excluded_lines": [], "start_line": 7}, "ComponentRecommendation": {"executed_lines": [], "summary": {"covered_lines": 0, "num_statements": 0, "percent_covered": 100.0, "percent_covered_display": "100", "missing_lines": 0, "excluded_lines": 0, "percent_statements_covered": 100.0, "percent_statements_covered_display": "100"}, "missing_lines": [], "excluded_lines": [], "start_line": 19}, "ComponentOption": {"executed_lines": [], "summary": {"covered_lines": 0, "num_statements": 0, "percent_covered": 100.0, "percent_covered_display": "100", "missing_lines": 0, "excluded_lines": 0, "percent_statements_covered": 100.0, "percent_statements_covered_display": "100"}, "missing_lines": [], "excluded_lines": [], "start_line": 27}, "RequirementsDocument": {"executed_lines": [], "summary": {"covered_lines": 0, "num_statements": 0, "percent_covered": 100.0, "percent_covered_display": "100", "missing_lines": 0, "excluded_lines": 0, "percent_statements_covered": 100.0, "percent_statements_covered_display": "100"}, "missing_lines": [], "excluded_lines": [], "start_line": 40}, "": {"executed_lines": [], "summary": {"covered_lines": 0, "num_statements": 27, "percent_covered": 0.0, "percent_covered_display": "0", "missing_lines": 27, "excluded_lines": 0, "percent_statements_covered": 0.0, "percent_statements_covered_display": "0"}, "missing_lines": [3, 4, 7, 9, 10, 13, 14, 15, 16, 19, 21, 23, 24, 27, 32, 33, 34, 35, 36, 37, 40, 44, 47, 50, 53, 58, 59], "excluded_lines": [], "start_line": 1}}}, "tools\\__init__.py": {"executed_lines": [], "summary": {"covered_lines": 0, "num_statements": 0, "percent_covered": 100.0, "percent_covered_display": "100", "missing_lines": 0, "excluded_lines": 0, "percent_statements_covered": 100.0, "percent_statements_covered_display": "100"}, "missing_lines": [], "excluded_lines": [], "functions": {"": {"executed_lines": [], "summary": {"covered_lines": 0, "num_statements": 0, "percent_covered": 100.0, "percent_covered_display": "100", "missing_lines": 0, "excluded_lines": 0, "percent_statements_covered": 100.0, "percent_statements_covered_display": "100"}, "missing_lines": [], "excluded_lines": [], "start_line": 1}}, "classes": {"": {"executed_lines": [], "summary": {"covered_lines": 0, "num_statements": 0, "percent_covered": 100.0, "percent_covered_display": "100", "missing_lines": 0, "excluded_lines": 0, "percent_statements_covered": 100.0, "percent_statements_covered_display": "100"}, "missing_lines": [], "excluded_lines": [], "start_line": 1}}}, "validators\\__init__.py": {"executed_lines": [], "summary": {"covered_lines": 0, "num_statements": 0, "percent_covered": 100.0, "percent_covered_display": "100", "missing_lines": 0, "excluded_lines": 0, "percent_statements_covered": 100.0, "percent_statements_covered_display": "100"}, "missing_lines": [], "excluded_lines": [], "functions": {"": {"executed_lines": [], "summary": {"covered_lines": 0, "num_statements": 0, "percent_covered": 100.0, "percent_covered_display": "100", "missing_lines": 0, "excluded_lines": 0, "percent_statements_covered": 100.0, "percent_statements_covered_display": "100"}, "missing_lines": [], "excluded_lines": [], "start_line": 1}}, "classes": {"": {"executed_lines": [], "summary": {"covered_lines": 0, "num_statements": 0, "percent_covered": 100.0, "percent_covered_display": "100", "missing_lines": 0, "excluded_lines": 0, "percent_statements_covered": 100.0, "percent_statements_covered_display": "100"}, "missing_lines": [], "excluded_lines": [], "start_line": 1}}}, "validators\\ieee_validator.py": {"executed_lines": [], "summary": {"covered_lines": 0, "num_statements": 56, "percent_covered": 0.0, "percent_covered_display": "0", "missing_lines": 56, "excluded_lines": 0, "percent_statements_covered": 0.0, "percent_statements_covered_display": "0"}, "missing_lines": [8, 9, 10, 12, 15, 16, 27, 35, 42, 53, 55, 58, 60, 63, 65, 68, 72, 73, 74, 75, 77, 79, 80, 81, 82, 83, 84, 86, 89, 90, 91, 92, 94, 96, 97, 98, 99, 102, 103, 105, 107, 118, 120, 121, 122, 123, 125, 126, 127, 129, 130, 131, 133, 134, 135, 137], "excluded_lines": [], "functions": {"validate_hrs": {"executed_lines": [], "summary": {"covered_lines": 0, "num_statements": 1, "percent_covered": 0.0, "percent_covered_display": "0", "missing_lines": 1, "excluded_lines": 0, "percent_statements_covered": 0.0, "percent_statements_covered_display": "0"}, "missing_lines": [55], "excluded_lines": [], "start_line": 53}, "validate_srs": {"executed_lines": [], "summary": {"covered_lines": 0, "num_statements": 1, "percent_covered": 0.0, "percent_covered_display": "0", "missing_lines": 1, "excluded_lines": 0, "percent_statements_covered": 0.0, "percent_statements_covered_display": "0"}, "missing_lines": [60], "excluded_lines": [], "start_line": 58}, "validate_sdd": {"executed_lines": [], "summary": {"covered_lines": 0, "num_statements": 1, "percent_covered": 0.0, "percent_covered_display": "0", "missing_lines": 1, "excluded_lines": 0, "percent_statements_covered": 0.0, "percent_statements_covered_display": "0"}, "missing_lines": [65], "excluded_lines": [], "start_line": 63}, "_validate_document": {"executed_lines": [], "summary": {"covered_lines": 0, "num_statements": 25, "percent_covered": 0.0, "percent_covered_display": "0", "missing_lines": 25, "excluded_lines": 0, "percent_statements_covered": 0.0, "percent_statements_covered_display": "0"}, "missing_lines": [72, 73, 74, 75, 77, 79, 80, 81, 82, 83, 84, 86, 89, 90, 91, 92, 94, 96, 97, 98, 99, 102, 103, 105, 107], "excluded_lines": [], "start_line": 68}, "validate_all": {"executed_lines": [], "summary": {"covered_lines": 0, "num_statements": 14, "percent_covered": 0.0, "percent_covered_display": "0", "missing_lines": 14, "excluded_lines": 0, "percent_statements_covered": 0.0, "percent_statements_covered_display": "0"}, "missing_lines": [120, 121, 122, 123, 125, 126, 127, 129, 130, 131, 133, 134, 135, 137], "excluded_lines": [], "start_line": 118}, "": {"executed_lines": [], "summary": {"covered_lines": 0, "num_statements": 14, "percent_covered": 0.0, "percent_covered_display": "0", "missing_lines": 14, "excluded_lines": 0, "percent_statements_covered": 0.0, "percent_statements_covered_display": "0"}, "missing_lines": [8, 9, 10, 12, 15, 16, 27, 35, 42, 53, 58, 63, 68, 118], "excluded_lines": [], "start_line": 1}}, "classes": {"ValidationResult": {"executed_lines": [], "summary": {"covered_lines": 0, "num_statements": 0, "percent_covered": 100.0, "percent_covered_display": "100", "missing_lines": 0, "excluded_lines": 0, "percent_statements_covered": 100.0, "percent_statements_covered_display": "100"}, "missing_lines": [], "excluded_lines": [], "start_line": 16}, "": {"executed_lines": [], "summary": {"covered_lines": 0, "num_statements": 56, "percent_covered": 0.0, "percent_covered_display": "0", "missing_lines": 56, "excluded_lines": 0, "percent_statements_covered": 0.0, "percent_statements_covered_display": "0"}, "missing_lines": [8, 9, 10, 12, 15, 16, 27, 35, 42, 53, 55, 58, 60, 63, 65, 68, 72, 73, 74, 75, 77, 79, 80, 81, 82, 83, 84, 86, 89, 90, 91, 92, 94, 96, 97, 98, 99, 102, 103, 105, 107, 118, 120, 121, 122, 123, 125, 126, 127, 129, 130, 131, 133, 134, 135, 137], "excluded_lines": [], "start_line": 1}}}, "visualizers\\__init__.py": {"executed_lines": [], "summary": {"covered_lines": 0, "num_statements": 0, "percent_covered": 100.0, "percent_covered_display": "100", "missing_lines": 0, "excluded_lines": 0, "percent_statements_covered": 100.0, "percent_statements_covered_display": "100"}, "missing_lines": [], "excluded_lines": [], "functions": {"": {"executed_lines": [], "summary": {"covered_lines": 0, "num_statements": 0, "percent_covered": 100.0, "percent_covered_display": "100", "missing_lines": 0, "excluded_lines": 0, "percent_statements_covered": 100.0, "percent_statements_covered_display": "100"}, "missing_lines": [], "excluded_lines": [], "start_line": 1}}, "classes": {"": {"executed_lines": [], "summary": {"covered_lines": 0, "num_statements": 0, "percent_covered": 100.0, "percent_covered_display": "100", "missing_lines": 0, "excluded_lines": 0, "percent_statements_covered": 100.0, "percent_statements_covered_display": "100"}, "missing_lines": [], "excluded_lines": [], "start_line": 1}}}}, "totals": {"covered_lines": 701, "num_statements": 1168, "percent_covered": 60.01712328767123, "percent_covered_display": "60", "missing_lines": 467, "excluded_lines": 22, "percent_statements_covered": 60.01712328767123, "percent_statements_covered_display": "60"}}